[2026-05-02T07:02:40.441+0000] {local_task_job_runner.py:120} INFO - ::group::Pre task execution logs
[2026-05-02T07:02:40.447+0000] {taskinstance.py:2076} INFO - Dependencies all met for dep_context=non-requeueable deps ti=<TaskInstance: youtube_analytics_pipeline.run_gold_transform scheduled__2026-05-01T02:15:00+00:00 [queued]>
[2026-05-02T07:02:40.450+0000] {taskinstance.py:2076} INFO - Dependencies all met for dep_context=requeueable deps ti=<TaskInstance: youtube_analytics_pipeline.run_gold_transform scheduled__2026-05-01T02:15:00+00:00 [queued]>
[2026-05-02T07:02:40.450+0000] {taskinstance.py:2306} INFO - Starting attempt 1 of 2
[2026-05-02T07:02:40.453+0000] {taskinstance.py:2330} INFO - Executing <Task(GlueJobOperator): run_gold_transform> on 2026-05-01 02:15:00+00:00
[2026-05-02T07:02:40.456+0000] {standard_task_runner.py:90} INFO - Running: ['***', 'tasks', 'run', 'youtube_analytics_pipeline', 'run_gold_transform', 'scheduled__2026-05-01T02:15:00+00:00', '--job-id', '5', '--raw', '--subdir', 'DAGS_FOLDER/youtube_analytics_pipeline_dag.py', '--cfg-path', '/tmp/tmpn7s3m0tv']
[2026-05-02T07:02:40.457+0000] {standard_task_runner.py:91} INFO - Job 5: Subtask run_gold_transform
[2026-05-02T07:02:40.457+0000] {logging_mixin.py:188} WARNING - /home/***/.local/lib/python3.12/site-packages/***/task/task_runner/standard_task_runner.py:62 DeprecationWarning: This process (pid=329) is multi-threaded, use of fork() may lead to deadlocks in the child.
[2026-05-02T07:02:40.458+0000] {standard_task_runner.py:64} INFO - Started process 330 to run task
[2026-05-02T07:02:40.473+0000] {task_command.py:426} INFO - Running <TaskInstance: youtube_analytics_pipeline.run_gold_transform scheduled__2026-05-01T02:15:00+00:00 [running]> on host 23d787bea689
[2026-05-02T07:02:40.499+0000] {taskinstance.py:2648} INFO - Exporting env vars: AIRFLOW_CTX_DAG_OWNER='boby' AIRFLOW_CTX_DAG_ID='youtube_analytics_pipeline' AIRFLOW_CTX_TASK_ID='run_gold_transform' AIRFLOW_CTX_EXECUTION_DATE='2026-05-01T02:15:00+00:00' AIRFLOW_CTX_TRY_NUMBER='1' AIRFLOW_CTX_DAG_RUN_ID='scheduled__2026-05-01T02:15:00+00:00'
[2026-05-02T07:02:40.499+0000] {taskinstance.py:430} INFO - ::endgroup::
[2026-05-02T07:02:40.503+0000] {glue.py:186} INFO - Initializing AWS Glue Job: youtube-gold-transform-dev. Wait for completion: True
[2026-05-02T07:02:40.503+0000] {glue.py:365} INFO - Checking if job already exists: youtube-gold-transform-dev
[2026-05-02T07:02:40.506+0000] {base_aws.py:587} WARNING - Unable to find AWS Connection ID 'aws_default', switching to empty.
[2026-05-02T07:02:40.506+0000] {base_aws.py:164} INFO - No connection ID provided. Fallback on boto3 credential strategy (region_name='us-east-1'). See: https://boto3.amazonaws.com/v1/documentation/api/latest/guide/configuration.html
[2026-05-02T07:02:40.559+0000] {credentials.py:1147} INFO - Found credentials in environment variables.
[2026-05-02T07:02:42.020+0000] {glue.py:207} INFO - You can monitor this Glue Job run at: https://console.aws.amazon.com/gluestudio/home?region=us-east-1#/job/youtube-gold-transform-dev/run/jr_366819d5bbb80b88227685b31af8c5a6e5ede92c6331b4f9802cb70af0b22764
[2026-05-02T07:02:42.305+0000] {glue.py:348} INFO - Polling for AWS Glue Job youtube-gold-transform-dev current run state with status RUNNING
[2026-05-02T07:02:48.753+0000] {glue.py:348} INFO - Polling for AWS Glue Job youtube-gold-transform-dev current run state with status RUNNING
[2026-05-02T07:02:55.127+0000] {glue.py:348} INFO - Polling for AWS Glue Job youtube-gold-transform-dev current run state with status RUNNING
[2026-05-02T07:03:01.475+0000] {glue.py:348} INFO - Polling for AWS Glue Job youtube-gold-transform-dev current run state with status RUNNING
[2026-05-02T07:03:07.805+0000] {glue.py:348} INFO - Polling for AWS Glue Job youtube-gold-transform-dev current run state with status RUNNING
[2026-05-02T07:03:14.126+0000] {glue.py:348} INFO - Polling for AWS Glue Job youtube-gold-transform-dev current run state with status RUNNING
[2026-05-02T07:03:20.449+0000] {glue.py:348} INFO - Polling for AWS Glue Job youtube-gold-transform-dev current run state with status RUNNING
[2026-05-02T07:03:26.800+0000] {glue.py:348} INFO - Polling for AWS Glue Job youtube-gold-transform-dev current run state with status RUNNING
[2026-05-02T07:03:33.147+0000] {glue.py:348} INFO - Polling for AWS Glue Job youtube-gold-transform-dev current run state with status RUNNING
[2026-05-02T07:03:39.497+0000] {glue.py:348} INFO - Polling for AWS Glue Job youtube-gold-transform-dev current run state with status RUNNING
[2026-05-02T07:03:45.891+0000] {glue.py:348} INFO - Polling for AWS Glue Job youtube-gold-transform-dev current run state with status RUNNING
[2026-05-02T07:03:52.216+0000] {glue.py:348} INFO - Polling for AWS Glue Job youtube-gold-transform-dev current run state with status RUNNING
[2026-05-02T07:03:58.555+0000] {glue.py:348} INFO - Polling for AWS Glue Job youtube-gold-transform-dev current run state with status RUNNING
[2026-05-02T07:04:04.891+0000] {glue.py:348} INFO - Polling for AWS Glue Job youtube-gold-transform-dev current run state with status RUNNING
[2026-05-02T07:04:11.239+0000] {glue.py:348} INFO - Polling for AWS Glue Job youtube-gold-transform-dev current run state with status RUNNING
[2026-05-02T07:04:17.579+0000] {glue.py:348} INFO - Polling for AWS Glue Job youtube-gold-transform-dev current run state with status RUNNING
[2026-05-02T07:04:23.868+0000] {glue.py:341} INFO - Exiting Job jr_366819d5bbb80b88227685b31af8c5a6e5ede92c6331b4f9802cb70af0b22764 Run State: SUCCEEDED
[2026-05-02T07:04:23.870+0000] {glue.py:222} INFO - AWS Glue Job: youtube-gold-transform-dev status: SUCCEEDED. Run Id: jr_366819d5bbb80b88227685b31af8c5a6e5ede92c6331b4f9802cb70af0b22764
[2026-05-02T07:04:23.870+0000] {taskinstance.py:441} INFO - ::group::Post task execution logs
[2026-05-02T07:04:23.899+0000] {taskinstance.py:1206} INFO - Marking task as SUCCESS. dag_id=youtube_analytics_pipeline, task_id=run_gold_transform, run_id=scheduled__2026-05-01T02:15:00+00:00, execution_date=20260501T021500, start_date=20260502T070240, end_date=20260502T070423
[2026-05-02T07:04:23.932+0000] {local_task_job_runner.py:243} INFO - Task exited with return code 0
[2026-05-02T07:04:23.951+0000] {taskinstance.py:3503} INFO - 1 downstream tasks scheduled from follow-on schedule check
[2026-05-02T07:04:23.952+0000] {local_task_job_runner.py:222} INFO - ::endgroup::
