[2026-05-02T07:01:14.665+0000] {local_task_job_runner.py:120} INFO - ::group::Pre task execution logs
[2026-05-02T07:01:14.670+0000] {taskinstance.py:2076} INFO - Dependencies all met for dep_context=non-requeueable deps ti=<TaskInstance: youtube_analytics_pipeline.run_silver_transform scheduled__2026-05-01T02:15:00+00:00 [queued]>
[2026-05-02T07:01:14.673+0000] {taskinstance.py:2076} INFO - Dependencies all met for dep_context=requeueable deps ti=<TaskInstance: youtube_analytics_pipeline.run_silver_transform scheduled__2026-05-01T02:15:00+00:00 [queued]>
[2026-05-02T07:01:14.673+0000] {taskinstance.py:2306} INFO - Starting attempt 1 of 2
[2026-05-02T07:01:14.676+0000] {taskinstance.py:2330} INFO - Executing <Task(GlueJobOperator): run_silver_transform> on 2026-05-01 02:15:00+00:00
[2026-05-02T07:01:14.680+0000] {logging_mixin.py:188} WARNING - /home/***/.local/lib/python3.12/site-packages/***/task/task_runner/standard_task_runner.py:62 DeprecationWarning: This process (pid=294) is multi-threaded, use of fork() may lead to deadlocks in the child.
[2026-05-02T07:01:14.679+0000] {standard_task_runner.py:90} INFO - Running: ['***', 'tasks', 'run', 'youtube_analytics_pipeline', 'run_silver_transform', 'scheduled__2026-05-01T02:15:00+00:00', '--job-id', '4', '--raw', '--subdir', 'DAGS_FOLDER/youtube_analytics_pipeline_dag.py', '--cfg-path', '/tmp/tmp6ttheiqg']
[2026-05-02T07:01:14.680+0000] {standard_task_runner.py:91} INFO - Job 4: Subtask run_silver_transform
[2026-05-02T07:01:14.680+0000] {standard_task_runner.py:64} INFO - Started process 295 to run task
[2026-05-02T07:01:14.696+0000] {task_command.py:426} INFO - Running <TaskInstance: youtube_analytics_pipeline.run_silver_transform scheduled__2026-05-01T02:15:00+00:00 [running]> on host 23d787bea689
[2026-05-02T07:01:14.723+0000] {taskinstance.py:2648} INFO - Exporting env vars: AIRFLOW_CTX_DAG_OWNER='boby' AIRFLOW_CTX_DAG_ID='youtube_analytics_pipeline' AIRFLOW_CTX_TASK_ID='run_silver_transform' AIRFLOW_CTX_EXECUTION_DATE='2026-05-01T02:15:00+00:00' AIRFLOW_CTX_TRY_NUMBER='1' AIRFLOW_CTX_DAG_RUN_ID='scheduled__2026-05-01T02:15:00+00:00'
[2026-05-02T07:01:14.723+0000] {taskinstance.py:430} INFO - ::endgroup::
[2026-05-02T07:01:14.727+0000] {glue.py:186} INFO - Initializing AWS Glue Job: youtube-silver-transform-dev. Wait for completion: True
[2026-05-02T07:01:14.727+0000] {glue.py:365} INFO - Checking if job already exists: youtube-silver-transform-dev
[2026-05-02T07:01:14.730+0000] {base_aws.py:587} WARNING - Unable to find AWS Connection ID 'aws_default', switching to empty.
[2026-05-02T07:01:14.730+0000] {base_aws.py:164} INFO - No connection ID provided. Fallback on boto3 credential strategy (region_name='us-east-1'). See: https://boto3.amazonaws.com/v1/documentation/api/latest/guide/configuration.html
[2026-05-02T07:01:14.788+0000] {credentials.py:1147} INFO - Found credentials in environment variables.
[2026-05-02T07:01:16.272+0000] {glue.py:207} INFO - You can monitor this Glue Job run at: https://console.aws.amazon.com/gluestudio/home?region=us-east-1#/job/youtube-silver-transform-dev/run/jr_9a3dd8d234529689316872eaa8e8bd5420951bd56cc5a928f5eef30f49f2284f
[2026-05-02T07:01:16.648+0000] {glue.py:348} INFO - Polling for AWS Glue Job youtube-silver-transform-dev current run state with status RUNNING
[2026-05-02T07:01:22.999+0000] {glue.py:348} INFO - Polling for AWS Glue Job youtube-silver-transform-dev current run state with status RUNNING
[2026-05-02T07:01:29.335+0000] {glue.py:348} INFO - Polling for AWS Glue Job youtube-silver-transform-dev current run state with status RUNNING
[2026-05-02T07:01:35.676+0000] {glue.py:348} INFO - Polling for AWS Glue Job youtube-silver-transform-dev current run state with status RUNNING
[2026-05-02T07:01:42.028+0000] {glue.py:348} INFO - Polling for AWS Glue Job youtube-silver-transform-dev current run state with status RUNNING
[2026-05-02T07:01:48.395+0000] {glue.py:348} INFO - Polling for AWS Glue Job youtube-silver-transform-dev current run state with status RUNNING
[2026-05-02T07:01:54.761+0000] {glue.py:348} INFO - Polling for AWS Glue Job youtube-silver-transform-dev current run state with status RUNNING
[2026-05-02T07:02:01.183+0000] {glue.py:348} INFO - Polling for AWS Glue Job youtube-silver-transform-dev current run state with status RUNNING
[2026-05-02T07:02:07.568+0000] {glue.py:348} INFO - Polling for AWS Glue Job youtube-silver-transform-dev current run state with status RUNNING
[2026-05-02T07:02:13.972+0000] {glue.py:348} INFO - Polling for AWS Glue Job youtube-silver-transform-dev current run state with status RUNNING
[2026-05-02T07:02:20.385+0000] {glue.py:348} INFO - Polling for AWS Glue Job youtube-silver-transform-dev current run state with status RUNNING
[2026-05-02T07:02:26.783+0000] {glue.py:348} INFO - Polling for AWS Glue Job youtube-silver-transform-dev current run state with status RUNNING
[2026-05-02T07:02:33.183+0000] {glue.py:348} INFO - Polling for AWS Glue Job youtube-silver-transform-dev current run state with status RUNNING
[2026-05-02T07:02:39.592+0000] {glue.py:341} INFO - Exiting Job jr_9a3dd8d234529689316872eaa8e8bd5420951bd56cc5a928f5eef30f49f2284f Run State: SUCCEEDED
[2026-05-02T07:02:39.593+0000] {glue.py:222} INFO - AWS Glue Job: youtube-silver-transform-dev status: SUCCEEDED. Run Id: jr_9a3dd8d234529689316872eaa8e8bd5420951bd56cc5a928f5eef30f49f2284f
[2026-05-02T07:02:39.593+0000] {taskinstance.py:441} INFO - ::group::Post task execution logs
[2026-05-02T07:02:39.616+0000] {taskinstance.py:1206} INFO - Marking task as SUCCESS. dag_id=youtube_analytics_pipeline, task_id=run_silver_transform, run_id=scheduled__2026-05-01T02:15:00+00:00, execution_date=20260501T021500, start_date=20260502T070114, end_date=20260502T070239
[2026-05-02T07:02:39.630+0000] {local_task_job_runner.py:243} INFO - Task exited with return code 0
[2026-05-02T07:02:39.645+0000] {taskinstance.py:3503} INFO - 1 downstream tasks scheduled from follow-on schedule check
[2026-05-02T07:02:39.646+0000] {local_task_job_runner.py:222} INFO - ::endgroup::
