[2026-05-02T16:59:58.907+0000] {local_task_job_runner.py:120} INFO - ::group::Pre task execution logs
[2026-05-02T16:59:58.913+0000] {taskinstance.py:2076} INFO - Dependencies all met for dep_context=non-requeueable deps ti=<TaskInstance: youtube_analytics_pipeline.run_gold_transform manual__2026-05-02T16:55:57.119179+00:00 [queued]>
[2026-05-02T16:59:58.915+0000] {taskinstance.py:2076} INFO - Dependencies all met for dep_context=requeueable deps ti=<TaskInstance: youtube_analytics_pipeline.run_gold_transform manual__2026-05-02T16:55:57.119179+00:00 [queued]>
[2026-05-02T16:59:58.915+0000] {taskinstance.py:2306} INFO - Starting attempt 1 of 2
[2026-05-02T16:59:58.918+0000] {taskinstance.py:2330} INFO - Executing <Task(GlueJobOperator): run_gold_transform> on 2026-05-02 16:55:57.119179+00:00
[2026-05-02T16:59:58.921+0000] {standard_task_runner.py:90} INFO - Running: ['***', 'tasks', 'run', 'youtube_analytics_pipeline', 'run_gold_transform', 'manual__2026-05-02T16:55:57.119179+00:00', '--job-id', '78', '--raw', '--subdir', 'DAGS_FOLDER/youtube_analytics_pipeline_dag.py', '--cfg-path', '/tmp/tmpkr53x2r_']
[2026-05-02T16:59:58.922+0000] {standard_task_runner.py:91} INFO - Job 78: Subtask run_gold_transform
[2026-05-02T16:59:58.922+0000] {logging_mixin.py:188} WARNING - /home/***/.local/lib/python3.12/site-packages/***/task/task_runner/standard_task_runner.py:62 DeprecationWarning: This process (pid=308) is multi-threaded, use of fork() may lead to deadlocks in the child.
[2026-05-02T16:59:58.923+0000] {standard_task_runner.py:64} INFO - Started process 309 to run task
[2026-05-02T16:59:58.939+0000] {task_command.py:426} INFO - Running <TaskInstance: youtube_analytics_pipeline.run_gold_transform manual__2026-05-02T16:55:57.119179+00:00 [running]> on host f765ce7682ad
[2026-05-02T16:59:58.965+0000] {taskinstance.py:2648} INFO - Exporting env vars: AIRFLOW_CTX_DAG_OWNER='boby' AIRFLOW_CTX_DAG_ID='youtube_analytics_pipeline' AIRFLOW_CTX_TASK_ID='run_gold_transform' AIRFLOW_CTX_EXECUTION_DATE='2026-05-02T16:55:57.119179+00:00' AIRFLOW_CTX_TRY_NUMBER='1' AIRFLOW_CTX_DAG_RUN_ID='manual__2026-05-02T16:55:57.119179+00:00'
[2026-05-02T16:59:58.965+0000] {taskinstance.py:430} INFO - ::endgroup::
[2026-05-02T16:59:58.969+0000] {glue.py:186} INFO - Initializing AWS Glue Job: youtube-gold-transform-dev. Wait for completion: True
[2026-05-02T16:59:58.969+0000] {glue.py:365} INFO - Checking if job already exists: youtube-gold-transform-dev
[2026-05-02T16:59:58.972+0000] {base_aws.py:587} WARNING - Unable to find AWS Connection ID 'aws_default', switching to empty.
[2026-05-02T16:59:58.973+0000] {base_aws.py:164} INFO - No connection ID provided. Fallback on boto3 credential strategy (region_name='us-east-1'). See: https://boto3.amazonaws.com/v1/documentation/api/latest/guide/configuration.html
[2026-05-02T16:59:59.026+0000] {credentials.py:1147} INFO - Found credentials in environment variables.
[2026-05-02T17:00:00.340+0000] {glue.py:207} INFO - You can monitor this Glue Job run at: https://console.aws.amazon.com/gluestudio/home?region=us-east-1#/job/youtube-gold-transform-dev/run/jr_a461f4dd0929d09ed774c53045539a4f40cd5f075fdcfa64f5e3568bde9230db
[2026-05-02T17:00:00.622+0000] {glue.py:348} INFO - Polling for AWS Glue Job youtube-gold-transform-dev current run state with status RUNNING
[2026-05-02T17:00:06.927+0000] {glue.py:348} INFO - Polling for AWS Glue Job youtube-gold-transform-dev current run state with status RUNNING
[2026-05-02T17:00:13.228+0000] {glue.py:348} INFO - Polling for AWS Glue Job youtube-gold-transform-dev current run state with status RUNNING
[2026-05-02T17:00:19.544+0000] {glue.py:348} INFO - Polling for AWS Glue Job youtube-gold-transform-dev current run state with status RUNNING
[2026-05-02T17:00:25.845+0000] {glue.py:348} INFO - Polling for AWS Glue Job youtube-gold-transform-dev current run state with status RUNNING
[2026-05-02T17:00:32.149+0000] {glue.py:348} INFO - Polling for AWS Glue Job youtube-gold-transform-dev current run state with status RUNNING
[2026-05-02T17:00:38.463+0000] {glue.py:348} INFO - Polling for AWS Glue Job youtube-gold-transform-dev current run state with status RUNNING
[2026-05-02T17:00:44.780+0000] {glue.py:348} INFO - Polling for AWS Glue Job youtube-gold-transform-dev current run state with status RUNNING
[2026-05-02T17:00:51.103+0000] {glue.py:348} INFO - Polling for AWS Glue Job youtube-gold-transform-dev current run state with status RUNNING
[2026-05-02T17:00:57.433+0000] {glue.py:348} INFO - Polling for AWS Glue Job youtube-gold-transform-dev current run state with status RUNNING
[2026-05-02T17:01:03.777+0000] {glue.py:348} INFO - Polling for AWS Glue Job youtube-gold-transform-dev current run state with status RUNNING
[2026-05-02T17:01:10.109+0000] {glue.py:348} INFO - Polling for AWS Glue Job youtube-gold-transform-dev current run state with status RUNNING
[2026-05-02T17:01:16.429+0000] {glue.py:348} INFO - Polling for AWS Glue Job youtube-gold-transform-dev current run state with status RUNNING
[2026-05-02T17:01:22.744+0000] {glue.py:348} INFO - Polling for AWS Glue Job youtube-gold-transform-dev current run state with status RUNNING
[2026-05-02T17:01:29.051+0000] {glue.py:348} INFO - Polling for AWS Glue Job youtube-gold-transform-dev current run state with status RUNNING
[2026-05-02T17:01:35.358+0000] {glue.py:348} INFO - Polling for AWS Glue Job youtube-gold-transform-dev current run state with status RUNNING
[2026-05-02T17:01:41.649+0000] {glue.py:341} INFO - Exiting Job jr_a461f4dd0929d09ed774c53045539a4f40cd5f075fdcfa64f5e3568bde9230db Run State: SUCCEEDED
[2026-05-02T17:01:41.650+0000] {glue.py:222} INFO - AWS Glue Job: youtube-gold-transform-dev status: SUCCEEDED. Run Id: jr_a461f4dd0929d09ed774c53045539a4f40cd5f075fdcfa64f5e3568bde9230db
[2026-05-02T17:01:41.650+0000] {taskinstance.py:441} INFO - ::group::Post task execution logs
[2026-05-02T17:01:41.674+0000] {taskinstance.py:1206} INFO - Marking task as SUCCESS. dag_id=youtube_analytics_pipeline, task_id=run_gold_transform, run_id=manual__2026-05-02T16:55:57.119179+00:00, execution_date=20260502T165557, start_date=20260502T165958, end_date=20260502T170141
[2026-05-02T17:01:41.723+0000] {local_task_job_runner.py:243} INFO - Task exited with return code 0
[2026-05-02T17:01:41.740+0000] {taskinstance.py:3503} INFO - 1 downstream tasks scheduled from follow-on schedule check
[2026-05-02T17:01:41.741+0000] {local_task_job_runner.py:222} INFO - ::endgroup::
