[2026-05-02T14:39:38.041+0000] {local_task_job_runner.py:120} INFO - ::group::Pre task execution logs
[2026-05-02T14:39:38.047+0000] {taskinstance.py:2076} INFO - Dependencies all met for dep_context=non-requeueable deps ti=<TaskInstance: youtube_analytics_pipeline.run_silver_transform manual__2026-05-02T14:37:01.226830+00:00 [queued]>
[2026-05-02T14:39:38.049+0000] {taskinstance.py:2076} INFO - Dependencies all met for dep_context=requeueable deps ti=<TaskInstance: youtube_analytics_pipeline.run_silver_transform manual__2026-05-02T14:37:01.226830+00:00 [queued]>
[2026-05-02T14:39:38.049+0000] {taskinstance.py:2306} INFO - Starting attempt 1 of 2
[2026-05-02T14:39:38.052+0000] {taskinstance.py:2330} INFO - Executing <Task(GlueJobOperator): run_silver_transform> on 2026-05-02 14:37:01.226830+00:00
[2026-05-02T14:39:38.055+0000] {logging_mixin.py:188} WARNING - /home/***/.local/lib/python3.12/site-packages/***/task/task_runner/standard_task_runner.py:62 DeprecationWarning: This process (pid=663) is multi-threaded, use of fork() may lead to deadlocks in the child.
[2026-05-02T14:39:38.055+0000] {standard_task_runner.py:90} INFO - Running: ['***', 'tasks', 'run', 'youtube_analytics_pipeline', 'run_silver_transform', 'manual__2026-05-02T14:37:01.226830+00:00', '--job-id', '23', '--raw', '--subdir', 'DAGS_FOLDER/youtube_analytics_pipeline_dag.py', '--cfg-path', '/tmp/tmp1c7xqejr']
[2026-05-02T14:39:38.056+0000] {standard_task_runner.py:91} INFO - Job 23: Subtask run_silver_transform
[2026-05-02T14:39:38.056+0000] {standard_task_runner.py:64} INFO - Started process 664 to run task
[2026-05-02T14:39:38.072+0000] {task_command.py:426} INFO - Running <TaskInstance: youtube_analytics_pipeline.run_silver_transform manual__2026-05-02T14:37:01.226830+00:00 [running]> on host 136ebae5e282
[2026-05-02T14:39:38.096+0000] {taskinstance.py:2648} INFO - Exporting env vars: AIRFLOW_CTX_DAG_OWNER='boby' AIRFLOW_CTX_DAG_ID='youtube_analytics_pipeline' AIRFLOW_CTX_TASK_ID='run_silver_transform' AIRFLOW_CTX_EXECUTION_DATE='2026-05-02T14:37:01.226830+00:00' AIRFLOW_CTX_TRY_NUMBER='1' AIRFLOW_CTX_DAG_RUN_ID='manual__2026-05-02T14:37:01.226830+00:00'
[2026-05-02T14:39:38.096+0000] {taskinstance.py:430} INFO - ::endgroup::
[2026-05-02T14:39:38.100+0000] {glue.py:186} INFO - Initializing AWS Glue Job: youtube-silver-transform-dev. Wait for completion: True
[2026-05-02T14:39:38.100+0000] {glue.py:365} INFO - Checking if job already exists: youtube-silver-transform-dev
[2026-05-02T14:39:38.103+0000] {base_aws.py:587} WARNING - Unable to find AWS Connection ID 'aws_default', switching to empty.
[2026-05-02T14:39:38.103+0000] {base_aws.py:164} INFO - No connection ID provided. Fallback on boto3 credential strategy (region_name='us-east-1'). See: https://boto3.amazonaws.com/v1/documentation/api/latest/guide/configuration.html
[2026-05-02T14:39:38.156+0000] {credentials.py:1147} INFO - Found credentials in environment variables.
[2026-05-02T14:39:39.402+0000] {glue.py:207} INFO - You can monitor this Glue Job run at: https://console.aws.amazon.com/gluestudio/home?region=us-east-1#/job/youtube-silver-transform-dev/run/jr_70c003ea07662008a9e17fcb3d5e10f0fc4b29000531fb4d0c52ebbbad75420a
[2026-05-02T14:39:39.684+0000] {glue.py:348} INFO - Polling for AWS Glue Job youtube-silver-transform-dev current run state with status RUNNING
[2026-05-02T14:39:45.999+0000] {glue.py:348} INFO - Polling for AWS Glue Job youtube-silver-transform-dev current run state with status RUNNING
[2026-05-02T14:39:52.303+0000] {glue.py:348} INFO - Polling for AWS Glue Job youtube-silver-transform-dev current run state with status RUNNING
[2026-05-02T14:39:58.606+0000] {glue.py:348} INFO - Polling for AWS Glue Job youtube-silver-transform-dev current run state with status RUNNING
[2026-05-02T14:40:04.944+0000] {glue.py:348} INFO - Polling for AWS Glue Job youtube-silver-transform-dev current run state with status RUNNING
[2026-05-02T14:40:11.291+0000] {glue.py:348} INFO - Polling for AWS Glue Job youtube-silver-transform-dev current run state with status RUNNING
[2026-05-02T14:40:17.605+0000] {glue.py:348} INFO - Polling for AWS Glue Job youtube-silver-transform-dev current run state with status RUNNING
[2026-05-02T14:40:23.912+0000] {glue.py:348} INFO - Polling for AWS Glue Job youtube-silver-transform-dev current run state with status RUNNING
[2026-05-02T14:40:30.238+0000] {glue.py:348} INFO - Polling for AWS Glue Job youtube-silver-transform-dev current run state with status RUNNING
[2026-05-02T14:40:36.554+0000] {glue.py:348} INFO - Polling for AWS Glue Job youtube-silver-transform-dev current run state with status RUNNING
[2026-05-02T14:40:42.864+0000] {glue.py:348} INFO - Polling for AWS Glue Job youtube-silver-transform-dev current run state with status RUNNING
[2026-05-02T14:40:49.182+0000] {glue.py:348} INFO - Polling for AWS Glue Job youtube-silver-transform-dev current run state with status RUNNING
[2026-05-02T14:40:55.492+0000] {glue.py:348} INFO - Polling for AWS Glue Job youtube-silver-transform-dev current run state with status RUNNING
[2026-05-02T14:41:01.775+0000] {glue.py:341} INFO - Exiting Job jr_70c003ea07662008a9e17fcb3d5e10f0fc4b29000531fb4d0c52ebbbad75420a Run State: SUCCEEDED
[2026-05-02T14:41:01.775+0000] {glue.py:222} INFO - AWS Glue Job: youtube-silver-transform-dev status: SUCCEEDED. Run Id: jr_70c003ea07662008a9e17fcb3d5e10f0fc4b29000531fb4d0c52ebbbad75420a
[2026-05-02T14:41:01.775+0000] {taskinstance.py:441} INFO - ::group::Post task execution logs
[2026-05-02T14:41:01.788+0000] {taskinstance.py:1206} INFO - Marking task as SUCCESS. dag_id=youtube_analytics_pipeline, task_id=run_silver_transform, run_id=manual__2026-05-02T14:37:01.226830+00:00, execution_date=20260502T143701, start_date=20260502T143938, end_date=20260502T144101
[2026-05-02T14:41:01.835+0000] {local_task_job_runner.py:243} INFO - Task exited with return code 0
[2026-05-02T14:41:01.848+0000] {taskinstance.py:3503} INFO - 1 downstream tasks scheduled from follow-on schedule check
[2026-05-02T14:41:01.848+0000] {local_task_job_runner.py:222} INFO - ::endgroup::
