[2026-05-02T15:16:59.191+0000] {local_task_job_runner.py:120} INFO - ::group::Pre task execution logs
[2026-05-02T15:16:59.196+0000] {taskinstance.py:2076} INFO - Dependencies all met for dep_context=non-requeueable deps ti=<TaskInstance: youtube_analytics_pipeline.run_silver_transform manual__2026-05-02T15:14:22.889120+00:00 [queued]>
[2026-05-02T15:16:59.199+0000] {taskinstance.py:2076} INFO - Dependencies all met for dep_context=requeueable deps ti=<TaskInstance: youtube_analytics_pipeline.run_silver_transform manual__2026-05-02T15:14:22.889120+00:00 [queued]>
[2026-05-02T15:16:59.199+0000] {taskinstance.py:2306} INFO - Starting attempt 1 of 2
[2026-05-02T15:16:59.202+0000] {taskinstance.py:2330} INFO - Executing <Task(GlueJobOperator): run_silver_transform> on 2026-05-02 15:14:22.889120+00:00
[2026-05-02T15:16:59.205+0000] {standard_task_runner.py:90} INFO - Running: ['***', 'tasks', 'run', 'youtube_analytics_pipeline', 'run_silver_transform', 'manual__2026-05-02T15:14:22.889120+00:00', '--job-id', '37', '--raw', '--subdir', 'DAGS_FOLDER/youtube_analytics_pipeline_dag.py', '--cfg-path', '/tmp/tmp9atse15q']
[2026-05-02T15:16:59.207+0000] {standard_task_runner.py:91} INFO - Job 37: Subtask run_silver_transform
[2026-05-02T15:16:59.207+0000] {logging_mixin.py:188} WARNING - /home/***/.local/lib/python3.12/site-packages/***/task/task_runner/standard_task_runner.py:62 DeprecationWarning: This process (pid=294) is multi-threaded, use of fork() may lead to deadlocks in the child.
[2026-05-02T15:16:59.208+0000] {standard_task_runner.py:64} INFO - Started process 295 to run task
[2026-05-02T15:16:59.223+0000] {task_command.py:426} INFO - Running <TaskInstance: youtube_analytics_pipeline.run_silver_transform manual__2026-05-02T15:14:22.889120+00:00 [running]> on host f765ce7682ad
[2026-05-02T15:16:59.249+0000] {taskinstance.py:2648} INFO - Exporting env vars: AIRFLOW_CTX_DAG_OWNER='boby' AIRFLOW_CTX_DAG_ID='youtube_analytics_pipeline' AIRFLOW_CTX_TASK_ID='run_silver_transform' AIRFLOW_CTX_EXECUTION_DATE='2026-05-02T15:14:22.889120+00:00' AIRFLOW_CTX_TRY_NUMBER='1' AIRFLOW_CTX_DAG_RUN_ID='manual__2026-05-02T15:14:22.889120+00:00'
[2026-05-02T15:16:59.250+0000] {taskinstance.py:430} INFO - ::endgroup::
[2026-05-02T15:16:59.253+0000] {glue.py:186} INFO - Initializing AWS Glue Job: youtube-silver-transform-dev. Wait for completion: True
[2026-05-02T15:16:59.253+0000] {glue.py:365} INFO - Checking if job already exists: youtube-silver-transform-dev
[2026-05-02T15:16:59.257+0000] {base_aws.py:587} WARNING - Unable to find AWS Connection ID 'aws_default', switching to empty.
[2026-05-02T15:16:59.257+0000] {base_aws.py:164} INFO - No connection ID provided. Fallback on boto3 credential strategy (region_name='us-east-1'). See: https://boto3.amazonaws.com/v1/documentation/api/latest/guide/configuration.html
[2026-05-02T15:16:59.314+0000] {credentials.py:1147} INFO - Found credentials in environment variables.
[2026-05-02T15:17:01.008+0000] {glue.py:207} INFO - You can monitor this Glue Job run at: https://console.aws.amazon.com/gluestudio/home?region=us-east-1#/job/youtube-silver-transform-dev/run/jr_320682bf01d6a7aee2ba6e55bbf9f3f460648d1060265b1cca69f941be8c5c5a
[2026-05-02T15:17:01.301+0000] {glue.py:348} INFO - Polling for AWS Glue Job youtube-silver-transform-dev current run state with status RUNNING
[2026-05-02T15:17:07.615+0000] {glue.py:348} INFO - Polling for AWS Glue Job youtube-silver-transform-dev current run state with status RUNNING
[2026-05-02T15:17:13.936+0000] {glue.py:348} INFO - Polling for AWS Glue Job youtube-silver-transform-dev current run state with status RUNNING
[2026-05-02T15:17:20.263+0000] {glue.py:348} INFO - Polling for AWS Glue Job youtube-silver-transform-dev current run state with status RUNNING
[2026-05-02T15:17:26.568+0000] {glue.py:348} INFO - Polling for AWS Glue Job youtube-silver-transform-dev current run state with status RUNNING
[2026-05-02T15:17:32.870+0000] {glue.py:348} INFO - Polling for AWS Glue Job youtube-silver-transform-dev current run state with status RUNNING
[2026-05-02T15:17:39.215+0000] {glue.py:348} INFO - Polling for AWS Glue Job youtube-silver-transform-dev current run state with status RUNNING
[2026-05-02T15:17:45.515+0000] {glue.py:348} INFO - Polling for AWS Glue Job youtube-silver-transform-dev current run state with status RUNNING
[2026-05-02T15:17:51.828+0000] {glue.py:348} INFO - Polling for AWS Glue Job youtube-silver-transform-dev current run state with status RUNNING
[2026-05-02T15:17:58.144+0000] {glue.py:348} INFO - Polling for AWS Glue Job youtube-silver-transform-dev current run state with status RUNNING
[2026-05-02T15:18:04.485+0000] {glue.py:348} INFO - Polling for AWS Glue Job youtube-silver-transform-dev current run state with status RUNNING
[2026-05-02T15:18:10.797+0000] {glue.py:348} INFO - Polling for AWS Glue Job youtube-silver-transform-dev current run state with status RUNNING
[2026-05-02T15:18:17.113+0000] {glue.py:348} INFO - Polling for AWS Glue Job youtube-silver-transform-dev current run state with status RUNNING
[2026-05-02T15:18:23.433+0000] {glue.py:348} INFO - Polling for AWS Glue Job youtube-silver-transform-dev current run state with status RUNNING
[2026-05-02T15:18:29.702+0000] {glue.py:341} INFO - Exiting Job jr_320682bf01d6a7aee2ba6e55bbf9f3f460648d1060265b1cca69f941be8c5c5a Run State: SUCCEEDED
[2026-05-02T15:18:29.703+0000] {glue.py:222} INFO - AWS Glue Job: youtube-silver-transform-dev status: SUCCEEDED. Run Id: jr_320682bf01d6a7aee2ba6e55bbf9f3f460648d1060265b1cca69f941be8c5c5a
[2026-05-02T15:18:29.703+0000] {taskinstance.py:441} INFO - ::group::Post task execution logs
[2026-05-02T15:18:29.731+0000] {taskinstance.py:1206} INFO - Marking task as SUCCESS. dag_id=youtube_analytics_pipeline, task_id=run_silver_transform, run_id=manual__2026-05-02T15:14:22.889120+00:00, execution_date=20260502T151422, start_date=20260502T151659, end_date=20260502T151829
[2026-05-02T15:18:29.782+0000] {local_task_job_runner.py:243} INFO - Task exited with return code 0
[2026-05-02T15:18:29.797+0000] {taskinstance.py:3503} INFO - 1 downstream tasks scheduled from follow-on schedule check
[2026-05-02T15:18:29.798+0000] {local_task_job_runner.py:222} INFO - ::endgroup::
