[2026-05-02T15:01:39.995+0000] {local_task_job_runner.py:120} INFO - ::group::Pre task execution logs
[2026-05-02T15:01:40.000+0000] {taskinstance.py:2076} INFO - Dependencies all met for dep_context=non-requeueable deps ti=<TaskInstance: youtube_analytics_pipeline.run_gold_transform manual__2026-05-02T14:57:43.979665+00:00 [queued]>
[2026-05-02T15:01:40.002+0000] {taskinstance.py:2076} INFO - Dependencies all met for dep_context=requeueable deps ti=<TaskInstance: youtube_analytics_pipeline.run_gold_transform manual__2026-05-02T14:57:43.979665+00:00 [queued]>
[2026-05-02T15:01:40.003+0000] {taskinstance.py:2306} INFO - Starting attempt 1 of 2
[2026-05-02T15:01:40.006+0000] {taskinstance.py:2330} INFO - Executing <Task(GlueJobOperator): run_gold_transform> on 2026-05-02 14:57:43.979665+00:00
[2026-05-02T15:01:40.009+0000] {standard_task_runner.py:90} INFO - Running: ['***', 'tasks', 'run', 'youtube_analytics_pipeline', 'run_gold_transform', 'manual__2026-05-02T14:57:43.979665+00:00', '--job-id', '31', '--raw', '--subdir', 'DAGS_FOLDER/youtube_analytics_pipeline_dag.py', '--cfg-path', '/tmp/tmpq2h3hhhq']
[2026-05-02T15:01:40.009+0000] {standard_task_runner.py:91} INFO - Job 31: Subtask run_gold_transform
[2026-05-02T15:01:40.009+0000] {logging_mixin.py:188} WARNING - /home/***/.local/lib/python3.12/site-packages/***/task/task_runner/standard_task_runner.py:62 DeprecationWarning: This process (pid=307) is multi-threaded, use of fork() may lead to deadlocks in the child.
[2026-05-02T15:01:40.010+0000] {standard_task_runner.py:64} INFO - Started process 308 to run task
[2026-05-02T15:01:40.025+0000] {task_command.py:426} INFO - Running <TaskInstance: youtube_analytics_pipeline.run_gold_transform manual__2026-05-02T14:57:43.979665+00:00 [running]> on host b4e161314b21
[2026-05-02T15:01:40.050+0000] {taskinstance.py:2648} INFO - Exporting env vars: AIRFLOW_CTX_DAG_OWNER='boby' AIRFLOW_CTX_DAG_ID='youtube_analytics_pipeline' AIRFLOW_CTX_TASK_ID='run_gold_transform' AIRFLOW_CTX_EXECUTION_DATE='2026-05-02T14:57:43.979665+00:00' AIRFLOW_CTX_TRY_NUMBER='1' AIRFLOW_CTX_DAG_RUN_ID='manual__2026-05-02T14:57:43.979665+00:00'
[2026-05-02T15:01:40.051+0000] {taskinstance.py:430} INFO - ::endgroup::
[2026-05-02T15:01:40.054+0000] {glue.py:186} INFO - Initializing AWS Glue Job: youtube-gold-transform-dev. Wait for completion: True
[2026-05-02T15:01:40.055+0000] {glue.py:365} INFO - Checking if job already exists: youtube-gold-transform-dev
[2026-05-02T15:01:40.057+0000] {base_aws.py:587} WARNING - Unable to find AWS Connection ID 'aws_default', switching to empty.
[2026-05-02T15:01:40.057+0000] {base_aws.py:164} INFO - No connection ID provided. Fallback on boto3 credential strategy (region_name='us-east-1'). See: https://boto3.amazonaws.com/v1/documentation/api/latest/guide/configuration.html
[2026-05-02T15:01:40.112+0000] {credentials.py:1147} INFO - Found credentials in environment variables.
[2026-05-02T15:01:41.548+0000] {glue.py:207} INFO - You can monitor this Glue Job run at: https://console.aws.amazon.com/gluestudio/home?region=us-east-1#/job/youtube-gold-transform-dev/run/jr_d0a8815cbb2491c9b09a08b198ff0a90d7ce9f293d4e9998f5d7939834a043a5
[2026-05-02T15:01:41.894+0000] {glue.py:348} INFO - Polling for AWS Glue Job youtube-gold-transform-dev current run state with status RUNNING
[2026-05-02T15:01:48.229+0000] {glue.py:348} INFO - Polling for AWS Glue Job youtube-gold-transform-dev current run state with status RUNNING
[2026-05-02T15:01:54.575+0000] {glue.py:348} INFO - Polling for AWS Glue Job youtube-gold-transform-dev current run state with status RUNNING
[2026-05-02T15:02:00.929+0000] {glue.py:348} INFO - Polling for AWS Glue Job youtube-gold-transform-dev current run state with status RUNNING
[2026-05-02T15:02:07.278+0000] {glue.py:348} INFO - Polling for AWS Glue Job youtube-gold-transform-dev current run state with status RUNNING
[2026-05-02T15:02:13.622+0000] {glue.py:348} INFO - Polling for AWS Glue Job youtube-gold-transform-dev current run state with status RUNNING
[2026-05-02T15:02:19.970+0000] {glue.py:348} INFO - Polling for AWS Glue Job youtube-gold-transform-dev current run state with status RUNNING
[2026-05-02T15:02:26.322+0000] {glue.py:348} INFO - Polling for AWS Glue Job youtube-gold-transform-dev current run state with status RUNNING
[2026-05-02T15:02:32.654+0000] {glue.py:348} INFO - Polling for AWS Glue Job youtube-gold-transform-dev current run state with status RUNNING
[2026-05-02T15:02:39.027+0000] {glue.py:348} INFO - Polling for AWS Glue Job youtube-gold-transform-dev current run state with status RUNNING
[2026-05-02T15:02:45.380+0000] {glue.py:348} INFO - Polling for AWS Glue Job youtube-gold-transform-dev current run state with status RUNNING
[2026-05-02T15:02:51.739+0000] {glue.py:348} INFO - Polling for AWS Glue Job youtube-gold-transform-dev current run state with status RUNNING
[2026-05-02T15:02:58.097+0000] {glue.py:348} INFO - Polling for AWS Glue Job youtube-gold-transform-dev current run state with status RUNNING
[2026-05-02T15:03:04.480+0000] {glue.py:348} INFO - Polling for AWS Glue Job youtube-gold-transform-dev current run state with status RUNNING
[2026-05-02T15:03:10.844+0000] {glue.py:348} INFO - Polling for AWS Glue Job youtube-gold-transform-dev current run state with status RUNNING
[2026-05-02T15:03:17.193+0000] {glue.py:348} INFO - Polling for AWS Glue Job youtube-gold-transform-dev current run state with status RUNNING
[2026-05-02T15:03:23.501+0000] {glue.py:341} INFO - Exiting Job jr_d0a8815cbb2491c9b09a08b198ff0a90d7ce9f293d4e9998f5d7939834a043a5 Run State: SUCCEEDED
[2026-05-02T15:03:23.502+0000] {glue.py:222} INFO - AWS Glue Job: youtube-gold-transform-dev status: SUCCEEDED. Run Id: jr_d0a8815cbb2491c9b09a08b198ff0a90d7ce9f293d4e9998f5d7939834a043a5
[2026-05-02T15:03:23.503+0000] {taskinstance.py:441} INFO - ::group::Post task execution logs
[2026-05-02T15:03:23.528+0000] {taskinstance.py:1206} INFO - Marking task as SUCCESS. dag_id=youtube_analytics_pipeline, task_id=run_gold_transform, run_id=manual__2026-05-02T14:57:43.979665+00:00, execution_date=20260502T145743, start_date=20260502T150140, end_date=20260502T150323
[2026-05-02T15:03:23.546+0000] {local_task_job_runner.py:243} INFO - Task exited with return code 0
[2026-05-02T15:03:23.561+0000] {taskinstance.py:3503} INFO - 1 downstream tasks scheduled from follow-on schedule check
[2026-05-02T15:03:23.562+0000] {local_task_job_runner.py:222} INFO - ::endgroup::
