[2026-05-02T14:24:59.507+0000] {local_task_job_runner.py:120} INFO - ::group::Pre task execution logs
[2026-05-02T14:24:59.513+0000] {taskinstance.py:2076} INFO - Dependencies all met for dep_context=non-requeueable deps ti=<TaskInstance: youtube_analytics_pipeline.run_silver_transform manual__2026-05-02T14:22:23.306035+00:00 [queued]>
[2026-05-02T14:24:59.515+0000] {taskinstance.py:2076} INFO - Dependencies all met for dep_context=requeueable deps ti=<TaskInstance: youtube_analytics_pipeline.run_silver_transform manual__2026-05-02T14:22:23.306035+00:00 [queued]>
[2026-05-02T14:24:59.515+0000] {taskinstance.py:2306} INFO - Starting attempt 1 of 2
[2026-05-02T14:24:59.519+0000] {taskinstance.py:2330} INFO - Executing <Task(GlueJobOperator): run_silver_transform> on 2026-05-02 14:22:23.306035+00:00
[2026-05-02T14:24:59.521+0000] {standard_task_runner.py:90} INFO - Running: ['***', 'tasks', 'run', 'youtube_analytics_pipeline', 'run_silver_transform', 'manual__2026-05-02T14:22:23.306035+00:00', '--job-id', '17', '--raw', '--subdir', 'DAGS_FOLDER/youtube_analytics_pipeline_dag.py', '--cfg-path', '/tmp/tmpppxqvlom']
[2026-05-02T14:24:59.522+0000] {standard_task_runner.py:91} INFO - Job 17: Subtask run_silver_transform
[2026-05-02T14:24:59.522+0000] {logging_mixin.py:188} WARNING - /home/***/.local/lib/python3.12/site-packages/***/task/task_runner/standard_task_runner.py:62 DeprecationWarning: This process (pid=309) is multi-threaded, use of fork() may lead to deadlocks in the child.
[2026-05-02T14:24:59.523+0000] {standard_task_runner.py:64} INFO - Started process 310 to run task
[2026-05-02T14:24:59.537+0000] {task_command.py:426} INFO - Running <TaskInstance: youtube_analytics_pipeline.run_silver_transform manual__2026-05-02T14:22:23.306035+00:00 [running]> on host 136ebae5e282
[2026-05-02T14:24:59.563+0000] {taskinstance.py:2648} INFO - Exporting env vars: AIRFLOW_CTX_DAG_OWNER='boby' AIRFLOW_CTX_DAG_ID='youtube_analytics_pipeline' AIRFLOW_CTX_TASK_ID='run_silver_transform' AIRFLOW_CTX_EXECUTION_DATE='2026-05-02T14:22:23.306035+00:00' AIRFLOW_CTX_TRY_NUMBER='1' AIRFLOW_CTX_DAG_RUN_ID='manual__2026-05-02T14:22:23.306035+00:00'
[2026-05-02T14:24:59.563+0000] {taskinstance.py:430} INFO - ::endgroup::
[2026-05-02T14:24:59.567+0000] {glue.py:186} INFO - Initializing AWS Glue Job: youtube-silver-transform-dev. Wait for completion: True
[2026-05-02T14:24:59.567+0000] {glue.py:365} INFO - Checking if job already exists: youtube-silver-transform-dev
[2026-05-02T14:24:59.569+0000] {base_aws.py:587} WARNING - Unable to find AWS Connection ID 'aws_default', switching to empty.
[2026-05-02T14:24:59.570+0000] {base_aws.py:164} INFO - No connection ID provided. Fallback on boto3 credential strategy (region_name='us-east-1'). See: https://boto3.amazonaws.com/v1/documentation/api/latest/guide/configuration.html
[2026-05-02T14:24:59.622+0000] {credentials.py:1147} INFO - Found credentials in environment variables.
[2026-05-02T14:25:00.906+0000] {glue.py:207} INFO - You can monitor this Glue Job run at: https://console.aws.amazon.com/gluestudio/home?region=us-east-1#/job/youtube-silver-transform-dev/run/jr_316549e0e1e44a7caadbb47fba050a22a8337f21e1e68648655d9b56c271d449
[2026-05-02T14:25:01.218+0000] {glue.py:348} INFO - Polling for AWS Glue Job youtube-silver-transform-dev current run state with status RUNNING
[2026-05-02T14:25:07.605+0000] {glue.py:348} INFO - Polling for AWS Glue Job youtube-silver-transform-dev current run state with status RUNNING
[2026-05-02T14:25:13.953+0000] {glue.py:348} INFO - Polling for AWS Glue Job youtube-silver-transform-dev current run state with status RUNNING
[2026-05-02T14:25:20.301+0000] {glue.py:348} INFO - Polling for AWS Glue Job youtube-silver-transform-dev current run state with status RUNNING
[2026-05-02T14:25:26.668+0000] {glue.py:348} INFO - Polling for AWS Glue Job youtube-silver-transform-dev current run state with status RUNNING
[2026-05-02T14:25:33.010+0000] {glue.py:348} INFO - Polling for AWS Glue Job youtube-silver-transform-dev current run state with status RUNNING
[2026-05-02T14:25:39.348+0000] {glue.py:348} INFO - Polling for AWS Glue Job youtube-silver-transform-dev current run state with status RUNNING
[2026-05-02T14:25:45.696+0000] {glue.py:348} INFO - Polling for AWS Glue Job youtube-silver-transform-dev current run state with status RUNNING
[2026-05-02T14:25:52.018+0000] {glue.py:348} INFO - Polling for AWS Glue Job youtube-silver-transform-dev current run state with status RUNNING
[2026-05-02T14:25:58.355+0000] {glue.py:348} INFO - Polling for AWS Glue Job youtube-silver-transform-dev current run state with status RUNNING
[2026-05-02T14:26:04.683+0000] {glue.py:348} INFO - Polling for AWS Glue Job youtube-silver-transform-dev current run state with status RUNNING
[2026-05-02T14:26:11.019+0000] {glue.py:348} INFO - Polling for AWS Glue Job youtube-silver-transform-dev current run state with status RUNNING
[2026-05-02T14:26:17.356+0000] {glue.py:348} INFO - Polling for AWS Glue Job youtube-silver-transform-dev current run state with status RUNNING
[2026-05-02T14:26:23.685+0000] {glue.py:341} INFO - Exiting Job jr_316549e0e1e44a7caadbb47fba050a22a8337f21e1e68648655d9b56c271d449 Run State: SUCCEEDED
[2026-05-02T14:26:23.685+0000] {glue.py:222} INFO - AWS Glue Job: youtube-silver-transform-dev status: SUCCEEDED. Run Id: jr_316549e0e1e44a7caadbb47fba050a22a8337f21e1e68648655d9b56c271d449
[2026-05-02T14:26:23.685+0000] {taskinstance.py:441} INFO - ::group::Post task execution logs
[2026-05-02T14:26:23.694+0000] {taskinstance.py:1206} INFO - Marking task as SUCCESS. dag_id=youtube_analytics_pipeline, task_id=run_silver_transform, run_id=manual__2026-05-02T14:22:23.306035+00:00, execution_date=20260502T142223, start_date=20260502T142459, end_date=20260502T142623
[2026-05-02T14:26:23.716+0000] {local_task_job_runner.py:243} INFO - Task exited with return code 0
[2026-05-02T14:26:23.726+0000] {taskinstance.py:3503} INFO - 1 downstream tasks scheduled from follow-on schedule check
[2026-05-02T14:26:23.727+0000] {local_task_job_runner.py:222} INFO - ::endgroup::
