[2026-04-29T16:24:20.558+0000] {processor.py:161} INFO - Started process (PID=167) to work on /opt/airflow/dags/youtube_analytics_pipeline_dag.py
[2026-04-29T16:24:20.559+0000] {processor.py:830} INFO - Processing file /opt/airflow/dags/youtube_analytics_pipeline_dag.py for tasks to queue
[2026-04-29T16:24:20.560+0000] {logging_mixin.py:188} INFO - [2026-04-29T16:24:20.560+0000] {dagbag.py:545} INFO - Filling up the DagBag from /opt/airflow/dags/youtube_analytics_pipeline_dag.py
[2026-04-29T16:24:20.570+0000] {processor.py:840} INFO - DAG(s) 'youtube_analytics_pipeline' retrieved from /opt/airflow/dags/youtube_analytics_pipeline_dag.py
[2026-04-29T16:24:20.665+0000] {logging_mixin.py:188} INFO - [2026-04-29T16:24:20.665+0000] {override.py:1858} INFO - Created Permission View: can delete on DAG:youtube_analytics_pipeline
[2026-04-29T16:24:20.667+0000] {logging_mixin.py:188} INFO - [2026-04-29T16:24:20.667+0000] {override.py:1858} INFO - Created Permission View: can edit on DAG:youtube_analytics_pipeline
[2026-04-29T16:24:20.669+0000] {logging_mixin.py:188} INFO - [2026-04-29T16:24:20.669+0000] {override.py:1858} INFO - Created Permission View: can read on DAG:youtube_analytics_pipeline
[2026-04-29T16:24:20.669+0000] {logging_mixin.py:188} INFO - [2026-04-29T16:24:20.669+0000] {dag.py:3089} INFO - Sync 1 DAGs
[2026-04-29T16:24:20.672+0000] {logging_mixin.py:188} INFO - [2026-04-29T16:24:20.672+0000] {dag.py:3111} INFO - Creating ORM DAG for youtube_analytics_pipeline
[2026-04-29T16:24:20.676+0000] {logging_mixin.py:188} INFO - [2026-04-29T16:24:20.676+0000] {dag.py:3947} INFO - Setting next_dagrun for youtube_analytics_pipeline to 2026-04-28 02:15:00+00:00, run_after=2026-04-29 02:15:00+00:00
[2026-04-29T16:24:20.682+0000] {processor.py:183} INFO - Processing /opt/airflow/dags/youtube_analytics_pipeline_dag.py took 0.129 seconds
[2026-04-29T16:24:50.837+0000] {processor.py:161} INFO - Started process (PID=208) to work on /opt/airflow/dags/youtube_analytics_pipeline_dag.py
[2026-04-29T16:24:50.838+0000] {processor.py:830} INFO - Processing file /opt/airflow/dags/youtube_analytics_pipeline_dag.py for tasks to queue
[2026-04-29T16:24:50.840+0000] {logging_mixin.py:188} INFO - [2026-04-29T16:24:50.839+0000] {dagbag.py:545} INFO - Filling up the DagBag from /opt/airflow/dags/youtube_analytics_pipeline_dag.py
[2026-04-29T16:24:50.849+0000] {processor.py:840} INFO - DAG(s) 'youtube_analytics_pipeline' retrieved from /opt/airflow/dags/youtube_analytics_pipeline_dag.py
[2026-04-29T16:24:50.867+0000] {logging_mixin.py:188} INFO - [2026-04-29T16:24:50.867+0000] {dag.py:3089} INFO - Sync 1 DAGs
[2026-04-29T16:24:50.876+0000] {logging_mixin.py:188} INFO - [2026-04-29T16:24:50.876+0000] {dag.py:3947} INFO - Setting next_dagrun for youtube_analytics_pipeline to 2026-04-28 02:15:00+00:00, run_after=2026-04-29 02:15:00+00:00
[2026-04-29T16:24:50.882+0000] {processor.py:183} INFO - Processing /opt/airflow/dags/youtube_analytics_pipeline_dag.py took 0.050 seconds
[2026-04-29T16:25:21.125+0000] {processor.py:161} INFO - Started process (PID=219) to work on /opt/airflow/dags/youtube_analytics_pipeline_dag.py
[2026-04-29T16:25:21.125+0000] {processor.py:830} INFO - Processing file /opt/airflow/dags/youtube_analytics_pipeline_dag.py for tasks to queue
[2026-04-29T16:25:21.127+0000] {logging_mixin.py:188} INFO - [2026-04-29T16:25:21.126+0000] {dagbag.py:545} INFO - Filling up the DagBag from /opt/airflow/dags/youtube_analytics_pipeline_dag.py
[2026-04-29T16:25:21.136+0000] {processor.py:840} INFO - DAG(s) 'youtube_analytics_pipeline' retrieved from /opt/airflow/dags/youtube_analytics_pipeline_dag.py
[2026-04-29T16:25:21.151+0000] {logging_mixin.py:188} INFO - [2026-04-29T16:25:21.151+0000] {dag.py:3089} INFO - Sync 1 DAGs
[2026-04-29T16:25:21.160+0000] {logging_mixin.py:188} INFO - [2026-04-29T16:25:21.160+0000] {dag.py:3947} INFO - Setting next_dagrun for youtube_analytics_pipeline to 2026-04-28 02:15:00+00:00, run_after=2026-04-29 02:15:00+00:00
[2026-04-29T16:25:21.166+0000] {processor.py:183} INFO - Processing /opt/airflow/dags/youtube_analytics_pipeline_dag.py took 0.046 seconds
[2026-04-29T16:25:51.413+0000] {processor.py:161} INFO - Started process (PID=231) to work on /opt/airflow/dags/youtube_analytics_pipeline_dag.py
[2026-04-29T16:25:51.414+0000] {processor.py:830} INFO - Processing file /opt/airflow/dags/youtube_analytics_pipeline_dag.py for tasks to queue
[2026-04-29T16:25:51.415+0000] {logging_mixin.py:188} INFO - [2026-04-29T16:25:51.415+0000] {dagbag.py:545} INFO - Filling up the DagBag from /opt/airflow/dags/youtube_analytics_pipeline_dag.py
[2026-04-29T16:25:51.424+0000] {processor.py:840} INFO - DAG(s) 'youtube_analytics_pipeline' retrieved from /opt/airflow/dags/youtube_analytics_pipeline_dag.py
[2026-04-29T16:25:51.442+0000] {logging_mixin.py:188} INFO - [2026-04-29T16:25:51.442+0000] {dag.py:3089} INFO - Sync 1 DAGs
[2026-04-29T16:25:51.451+0000] {logging_mixin.py:188} INFO - [2026-04-29T16:25:51.451+0000] {dag.py:3947} INFO - Setting next_dagrun for youtube_analytics_pipeline to 2026-04-28 02:15:00+00:00, run_after=2026-04-29 02:15:00+00:00
[2026-04-29T16:25:51.457+0000] {processor.py:183} INFO - Processing /opt/airflow/dags/youtube_analytics_pipeline_dag.py took 0.050 seconds
[2026-04-29T16:26:21.645+0000] {processor.py:161} INFO - Started process (PID=242) to work on /opt/airflow/dags/youtube_analytics_pipeline_dag.py
[2026-04-29T16:26:21.646+0000] {processor.py:830} INFO - Processing file /opt/airflow/dags/youtube_analytics_pipeline_dag.py for tasks to queue
[2026-04-29T16:26:21.648+0000] {logging_mixin.py:188} INFO - [2026-04-29T16:26:21.647+0000] {dagbag.py:545} INFO - Filling up the DagBag from /opt/airflow/dags/youtube_analytics_pipeline_dag.py
[2026-04-29T16:26:21.657+0000] {processor.py:840} INFO - DAG(s) 'youtube_analytics_pipeline' retrieved from /opt/airflow/dags/youtube_analytics_pipeline_dag.py
[2026-04-29T16:26:21.667+0000] {logging_mixin.py:188} INFO - [2026-04-29T16:26:21.667+0000] {dag.py:3089} INFO - Sync 1 DAGs
[2026-04-29T16:26:21.682+0000] {logging_mixin.py:188} INFO - [2026-04-29T16:26:21.682+0000] {dag.py:3947} INFO - Setting next_dagrun for youtube_analytics_pipeline to 2026-04-28 02:15:00+00:00, run_after=2026-04-29 02:15:00+00:00
[2026-04-29T16:26:21.690+0000] {processor.py:183} INFO - Processing /opt/airflow/dags/youtube_analytics_pipeline_dag.py took 0.050 seconds
[2026-04-29T16:26:51.880+0000] {processor.py:161} INFO - Started process (PID=253) to work on /opt/airflow/dags/youtube_analytics_pipeline_dag.py
[2026-04-29T16:26:51.880+0000] {processor.py:830} INFO - Processing file /opt/airflow/dags/youtube_analytics_pipeline_dag.py for tasks to queue
[2026-04-29T16:26:51.882+0000] {logging_mixin.py:188} INFO - [2026-04-29T16:26:51.881+0000] {dagbag.py:545} INFO - Filling up the DagBag from /opt/airflow/dags/youtube_analytics_pipeline_dag.py
[2026-04-29T16:26:51.890+0000] {processor.py:840} INFO - DAG(s) 'youtube_analytics_pipeline' retrieved from /opt/airflow/dags/youtube_analytics_pipeline_dag.py
[2026-04-29T16:26:51.946+0000] {logging_mixin.py:188} INFO - [2026-04-29T16:26:51.946+0000] {dag.py:3089} INFO - Sync 1 DAGs
[2026-04-29T16:26:51.952+0000] {logging_mixin.py:188} INFO - [2026-04-29T16:26:51.952+0000] {dag.py:3947} INFO - Setting next_dagrun for youtube_analytics_pipeline to 2026-04-28 02:15:00+00:00, run_after=2026-04-29 02:15:00+00:00
[2026-04-29T16:26:51.958+0000] {processor.py:183} INFO - Processing /opt/airflow/dags/youtube_analytics_pipeline_dag.py took 0.083 seconds
[2026-04-29T16:27:13.668+0000] {processor.py:161} INFO - Started process (PID=167) to work on /opt/airflow/dags/youtube_analytics_pipeline_dag.py
[2026-04-29T16:27:13.672+0000] {processor.py:830} INFO - Processing file /opt/airflow/dags/youtube_analytics_pipeline_dag.py for tasks to queue
[2026-04-29T16:27:13.673+0000] {logging_mixin.py:188} INFO - [2026-04-29T16:27:13.673+0000] {dagbag.py:545} INFO - Filling up the DagBag from /opt/airflow/dags/youtube_analytics_pipeline_dag.py
[2026-04-29T16:27:13.686+0000] {processor.py:840} INFO - DAG(s) 'youtube_analytics_pipeline' retrieved from /opt/airflow/dags/youtube_analytics_pipeline_dag.py
[2026-04-29T16:27:13.698+0000] {logging_mixin.py:188} INFO - [2026-04-29T16:27:13.697+0000] {dag.py:3089} INFO - Sync 1 DAGs
[2026-04-29T16:27:13.714+0000] {logging_mixin.py:188} INFO - [2026-04-29T16:27:13.714+0000] {dag.py:3947} INFO - Setting next_dagrun for youtube_analytics_pipeline to 2026-04-28 02:15:00+00:00, run_after=2026-04-29 02:15:00+00:00
[2026-04-29T16:27:13.725+0000] {processor.py:183} INFO - Processing /opt/airflow/dags/youtube_analytics_pipeline_dag.py took 0.059 seconds
[2026-04-29T16:27:43.974+0000] {processor.py:161} INFO - Started process (PID=207) to work on /opt/airflow/dags/youtube_analytics_pipeline_dag.py
[2026-04-29T16:27:43.975+0000] {processor.py:830} INFO - Processing file /opt/airflow/dags/youtube_analytics_pipeline_dag.py for tasks to queue
[2026-04-29T16:27:43.978+0000] {logging_mixin.py:188} INFO - [2026-04-29T16:27:43.977+0000] {dagbag.py:545} INFO - Filling up the DagBag from /opt/airflow/dags/youtube_analytics_pipeline_dag.py
[2026-04-29T16:27:43.991+0000] {processor.py:840} INFO - DAG(s) 'youtube_analytics_pipeline' retrieved from /opt/airflow/dags/youtube_analytics_pipeline_dag.py
[2026-04-29T16:27:44.009+0000] {logging_mixin.py:188} INFO - [2026-04-29T16:27:44.009+0000] {dag.py:3089} INFO - Sync 1 DAGs
[2026-04-29T16:27:44.020+0000] {logging_mixin.py:188} INFO - [2026-04-29T16:27:44.020+0000] {dag.py:3947} INFO - Setting next_dagrun for youtube_analytics_pipeline to 2026-04-28 02:15:00+00:00, run_after=2026-04-29 02:15:00+00:00
[2026-04-29T16:27:44.026+0000] {processor.py:183} INFO - Processing /opt/airflow/dags/youtube_analytics_pipeline_dag.py took 0.058 seconds
[2026-04-29T16:28:14.277+0000] {processor.py:161} INFO - Started process (PID=218) to work on /opt/airflow/dags/youtube_analytics_pipeline_dag.py
[2026-04-29T16:28:14.278+0000] {processor.py:830} INFO - Processing file /opt/airflow/dags/youtube_analytics_pipeline_dag.py for tasks to queue
[2026-04-29T16:28:14.280+0000] {logging_mixin.py:188} INFO - [2026-04-29T16:28:14.280+0000] {dagbag.py:545} INFO - Filling up the DagBag from /opt/airflow/dags/youtube_analytics_pipeline_dag.py
[2026-04-29T16:28:14.292+0000] {processor.py:840} INFO - DAG(s) 'youtube_analytics_pipeline' retrieved from /opt/airflow/dags/youtube_analytics_pipeline_dag.py
[2026-04-29T16:28:14.311+0000] {logging_mixin.py:188} INFO - [2026-04-29T16:28:14.311+0000] {dag.py:3089} INFO - Sync 1 DAGs
[2026-04-29T16:28:14.320+0000] {logging_mixin.py:188} INFO - [2026-04-29T16:28:14.320+0000] {dag.py:3947} INFO - Setting next_dagrun for youtube_analytics_pipeline to 2026-04-28 02:15:00+00:00, run_after=2026-04-29 02:15:00+00:00
[2026-04-29T16:28:14.327+0000] {processor.py:183} INFO - Processing /opt/airflow/dags/youtube_analytics_pipeline_dag.py took 0.054 seconds
[2026-04-29T16:28:44.540+0000] {processor.py:161} INFO - Started process (PID=229) to work on /opt/airflow/dags/youtube_analytics_pipeline_dag.py
[2026-04-29T16:28:44.541+0000] {processor.py:830} INFO - Processing file /opt/airflow/dags/youtube_analytics_pipeline_dag.py for tasks to queue
[2026-04-29T16:28:44.542+0000] {logging_mixin.py:188} INFO - [2026-04-29T16:28:44.542+0000] {dagbag.py:545} INFO - Filling up the DagBag from /opt/airflow/dags/youtube_analytics_pipeline_dag.py
[2026-04-29T16:28:44.552+0000] {processor.py:840} INFO - DAG(s) 'youtube_analytics_pipeline' retrieved from /opt/airflow/dags/youtube_analytics_pipeline_dag.py
[2026-04-29T16:28:44.569+0000] {logging_mixin.py:188} INFO - [2026-04-29T16:28:44.569+0000] {dag.py:3089} INFO - Sync 1 DAGs
[2026-04-29T16:28:44.578+0000] {logging_mixin.py:188} INFO - [2026-04-29T16:28:44.578+0000] {dag.py:3947} INFO - Setting next_dagrun for youtube_analytics_pipeline to 2026-04-28 02:15:00+00:00, run_after=2026-04-29 02:15:00+00:00
[2026-04-29T16:28:44.584+0000] {processor.py:183} INFO - Processing /opt/airflow/dags/youtube_analytics_pipeline_dag.py took 0.050 seconds
[2026-04-29T16:29:14.850+0000] {processor.py:161} INFO - Started process (PID=240) to work on /opt/airflow/dags/youtube_analytics_pipeline_dag.py
[2026-04-29T16:29:14.850+0000] {processor.py:830} INFO - Processing file /opt/airflow/dags/youtube_analytics_pipeline_dag.py for tasks to queue
[2026-04-29T16:29:14.852+0000] {logging_mixin.py:188} INFO - [2026-04-29T16:29:14.852+0000] {dagbag.py:545} INFO - Filling up the DagBag from /opt/airflow/dags/youtube_analytics_pipeline_dag.py
[2026-04-29T16:29:14.863+0000] {processor.py:840} INFO - DAG(s) 'youtube_analytics_pipeline' retrieved from /opt/airflow/dags/youtube_analytics_pipeline_dag.py
[2026-04-29T16:29:14.879+0000] {logging_mixin.py:188} INFO - [2026-04-29T16:29:14.879+0000] {dag.py:3089} INFO - Sync 1 DAGs
[2026-04-29T16:29:14.889+0000] {logging_mixin.py:188} INFO - [2026-04-29T16:29:14.889+0000] {dag.py:3947} INFO - Setting next_dagrun for youtube_analytics_pipeline to 2026-04-28 02:15:00+00:00, run_after=2026-04-29 02:15:00+00:00
[2026-04-29T16:29:14.900+0000] {processor.py:183} INFO - Processing /opt/airflow/dags/youtube_analytics_pipeline_dag.py took 0.054 seconds
[2026-04-29T16:29:45.122+0000] {processor.py:161} INFO - Started process (PID=251) to work on /opt/airflow/dags/youtube_analytics_pipeline_dag.py
[2026-04-29T16:29:45.122+0000] {processor.py:830} INFO - Processing file /opt/airflow/dags/youtube_analytics_pipeline_dag.py for tasks to queue
[2026-04-29T16:29:45.123+0000] {logging_mixin.py:188} INFO - [2026-04-29T16:29:45.123+0000] {dagbag.py:545} INFO - Filling up the DagBag from /opt/airflow/dags/youtube_analytics_pipeline_dag.py
[2026-04-29T16:29:45.131+0000] {processor.py:840} INFO - DAG(s) 'youtube_analytics_pipeline' retrieved from /opt/airflow/dags/youtube_analytics_pipeline_dag.py
[2026-04-29T16:29:45.148+0000] {logging_mixin.py:188} INFO - [2026-04-29T16:29:45.148+0000] {dag.py:3089} INFO - Sync 1 DAGs
[2026-04-29T16:29:45.158+0000] {logging_mixin.py:188} INFO - [2026-04-29T16:29:45.158+0000] {dag.py:3947} INFO - Setting next_dagrun for youtube_analytics_pipeline to 2026-04-28 02:15:00+00:00, run_after=2026-04-29 02:15:00+00:00
[2026-04-29T16:29:45.164+0000] {processor.py:183} INFO - Processing /opt/airflow/dags/youtube_analytics_pipeline_dag.py took 0.047 seconds
