[2026-05-02T06:42:38.349+0000] {local_task_job_runner.py:120} INFO - ::group::Pre task execution logs
[2026-05-02T06:42:38.354+0000] {taskinstance.py:2076} INFO - Dependencies all met for dep_context=non-requeueable deps ti=<TaskInstance: youtube_analytics_pipeline.wait_for_bronze_data scheduled__2026-05-01T02:15:00+00:00 [queued]>
[2026-05-02T06:42:38.357+0000] {taskinstance.py:2076} INFO - Dependencies all met for dep_context=requeueable deps ti=<TaskInstance: youtube_analytics_pipeline.wait_for_bronze_data scheduled__2026-05-01T02:15:00+00:00 [queued]>
[2026-05-02T06:42:38.357+0000] {taskinstance.py:2306} INFO - Starting attempt 1 of 2
[2026-05-02T06:42:38.361+0000] {taskinstance.py:2330} INFO - Executing <Task(S3KeySensor): wait_for_bronze_data> on 2026-05-01 02:15:00+00:00
[2026-05-02T06:42:38.363+0000] {standard_task_runner.py:90} INFO - Running: ['***', 'tasks', 'run', 'youtube_analytics_pipeline', 'wait_for_bronze_data', 'scheduled__2026-05-01T02:15:00+00:00', '--job-id', '6', '--raw', '--subdir', 'DAGS_FOLDER/youtube_analytics_pipeline_dag.py', '--cfg-path', '/tmp/tmpb60ioajl']
[2026-05-02T06:42:38.364+0000] {standard_task_runner.py:91} INFO - Job 6: Subtask wait_for_bronze_data
[2026-05-02T06:42:38.364+0000] {logging_mixin.py:188} WARNING - /home/***/.local/lib/python3.12/site-packages/***/task/task_runner/standard_task_runner.py:62 DeprecationWarning: This process (pid=235) is multi-threaded, use of fork() may lead to deadlocks in the child.
[2026-05-02T06:42:38.365+0000] {standard_task_runner.py:64} INFO - Started process 236 to run task
[2026-05-02T06:42:38.382+0000] {task_command.py:426} INFO - Running <TaskInstance: youtube_analytics_pipeline.wait_for_bronze_data scheduled__2026-05-01T02:15:00+00:00 [running]> on host 29017cddbd82
[2026-05-02T06:42:38.411+0000] {taskinstance.py:2648} INFO - Exporting env vars: AIRFLOW_CTX_DAG_OWNER='boby' AIRFLOW_CTX_DAG_ID='youtube_analytics_pipeline' AIRFLOW_CTX_TASK_ID='wait_for_bronze_data' AIRFLOW_CTX_EXECUTION_DATE='2026-05-01T02:15:00+00:00' AIRFLOW_CTX_TRY_NUMBER='1' AIRFLOW_CTX_DAG_RUN_ID='scheduled__2026-05-01T02:15:00+00:00'
[2026-05-02T06:42:38.412+0000] {taskinstance.py:430} INFO - ::endgroup::
[2026-05-02T06:42:38.422+0000] {baseoperator.py:400} WARNING - S3KeySensor.execute cannot be called outside TaskInstance!
[2026-05-02T06:42:38.425+0000] {s3.py:117} INFO - Poking for key : s3://youtube-raw-dev-900932787422/2026/04/05/14/*
[2026-05-02T06:42:38.431+0000] {base.py:84} INFO - Using connection ID 'aws_default' for task execution.
[2026-05-02T06:42:38.431+0000] {connection_wrapper.py:384} INFO - AWS Connection (conn_id='aws_default', conn_type='aws') credentials retrieved from login and password.
[2026-05-02T06:42:40.014+0000] {taskinstance.py:441} INFO - ::group::Post task execution logs
[2026-05-02T06:42:40.015+0000] {taskinstance.py:2905} ERROR - Task failed with exception
Traceback (most recent call last):
  File "/home/airflow/.local/lib/python3.12/site-packages/airflow/models/taskinstance.py", line 465, in _execute_task
    result = _execute_callable(context=context, **execute_callable_kwargs)
             ^^^^^^^^^^^^^^^^^^^^^^^^^^^^^^^^^^^^^^^^^^^^^^^^^^^^^^^^^^^^^
  File "/home/airflow/.local/lib/python3.12/site-packages/airflow/models/taskinstance.py", line 432, in _execute_callable
    return execute_callable(context=context, **execute_callable_kwargs)
           ^^^^^^^^^^^^^^^^^^^^^^^^^^^^^^^^^^^^^^^^^^^^^^^^^^^^^^^^^^^^
  File "/home/airflow/.local/lib/python3.12/site-packages/airflow/models/baseoperator.py", line 401, in wrapper
    return func(self, *args, **kwargs)
           ^^^^^^^^^^^^^^^^^^^^^^^^^^^
  File "/home/airflow/.local/lib/python3.12/site-packages/airflow/providers/amazon/aws/sensors/s3.py", line 183, in execute
    super().execute(context)
  File "/home/airflow/.local/lib/python3.12/site-packages/airflow/models/baseoperator.py", line 401, in wrapper
    return func(self, *args, **kwargs)
           ^^^^^^^^^^^^^^^^^^^^^^^^^^^
  File "/home/airflow/.local/lib/python3.12/site-packages/airflow/sensors/base.py", line 264, in execute
    raise e
  File "/home/airflow/.local/lib/python3.12/site-packages/airflow/sensors/base.py", line 246, in execute
    poke_return = self.poke(context)
                  ^^^^^^^^^^^^^^^^^^
  File "/home/airflow/.local/lib/python3.12/site-packages/airflow/providers/amazon/aws/sensors/s3.py", line 176, in poke
    return self._check_key(self.bucket_key)
           ^^^^^^^^^^^^^^^^^^^^^^^^^^^^^^^^
  File "/home/airflow/.local/lib/python3.12/site-packages/airflow/providers/amazon/aws/sensors/s3.py", line 127, in _check_key
    keys = self.hook.get_file_metadata(prefix, bucket_name)
           ^^^^^^^^^^^^^^^^^^^^^^^^^^^^^^^^^^^^^^^^^^^^^^^^
  File "/home/airflow/.local/lib/python3.12/site-packages/airflow/providers/amazon/aws/hooks/s3.py", line 89, in wrapper
    return func(*bound_args.args, **bound_args.kwargs)
           ^^^^^^^^^^^^^^^^^^^^^^^^^^^^^^^^^^^^^^^^^^^
  File "/home/airflow/.local/lib/python3.12/site-packages/airflow/providers/amazon/aws/hooks/s3.py", line 883, in get_file_metadata
    for page in response:
  File "/home/airflow/.local/lib/python3.12/site-packages/botocore/paginate.py", line 269, in __iter__
    response = self._make_request(current_kwargs)
               ^^^^^^^^^^^^^^^^^^^^^^^^^^^^^^^^^^
  File "/home/airflow/.local/lib/python3.12/site-packages/botocore/paginate.py", line 357, in _make_request
    return self._method(**current_kwargs)
           ^^^^^^^^^^^^^^^^^^^^^^^^^^^^^^
  File "/home/airflow/.local/lib/python3.12/site-packages/botocore/client.py", line 565, in _api_call
    return self._make_api_call(operation_name, kwargs)
           ^^^^^^^^^^^^^^^^^^^^^^^^^^^^^^^^^^^^^^^^^^^
  File "/home/airflow/.local/lib/python3.12/site-packages/botocore/client.py", line 1021, in _make_api_call
    raise error_class(parsed_response, operation_name)
botocore.errorfactory.NoSuchBucket: An error occurred (NoSuchBucket) when calling the ListObjectsV2 operation: The specified bucket does not exist
[2026-05-02T06:42:40.026+0000] {taskinstance.py:1206} INFO - Marking task as UP_FOR_RETRY. dag_id=youtube_analytics_pipeline, task_id=wait_for_bronze_data, run_id=scheduled__2026-05-01T02:15:00+00:00, execution_date=20260501T021500, start_date=20260502T064238, end_date=20260502T064240
[2026-05-02T06:42:40.041+0000] {standard_task_runner.py:110} ERROR - Failed to execute job 6 for task wait_for_bronze_data (An error occurred (NoSuchBucket) when calling the ListObjectsV2 operation: The specified bucket does not exist; 236)
[2026-05-02T06:42:40.084+0000] {local_task_job_runner.py:243} INFO - Task exited with return code 1
[2026-05-02T06:42:40.098+0000] {taskinstance.py:3503} INFO - 0 downstream tasks scheduled from follow-on schedule check
[2026-05-02T06:42:40.099+0000] {local_task_job_runner.py:222} INFO - ::endgroup::
[2026-05-02T06:58:37.230+0000] {local_task_job_runner.py:120} INFO - ::group::Pre task execution logs
[2026-05-02T06:58:37.236+0000] {taskinstance.py:2076} INFO - Dependencies all met for dep_context=non-requeueable deps ti=<TaskInstance: youtube_analytics_pipeline.wait_for_bronze_data scheduled__2026-05-01T02:15:00+00:00 [queued]>
[2026-05-02T06:58:37.238+0000] {taskinstance.py:2076} INFO - Dependencies all met for dep_context=requeueable deps ti=<TaskInstance: youtube_analytics_pipeline.wait_for_bronze_data scheduled__2026-05-01T02:15:00+00:00 [queued]>
[2026-05-02T06:58:37.238+0000] {taskinstance.py:2306} INFO - Starting attempt 1 of 2
[2026-05-02T06:58:37.242+0000] {taskinstance.py:2330} INFO - Executing <Task(S3KeySensor): wait_for_bronze_data> on 2026-05-01 02:15:00+00:00
[2026-05-02T06:58:37.244+0000] {standard_task_runner.py:90} INFO - Running: ['***', 'tasks', 'run', 'youtube_analytics_pipeline', 'wait_for_bronze_data', 'scheduled__2026-05-01T02:15:00+00:00', '--job-id', '2', '--raw', '--subdir', 'DAGS_FOLDER/youtube_analytics_pipeline_dag.py', '--cfg-path', '/tmp/tmpvb1d47b5']
[2026-05-02T06:58:37.246+0000] {standard_task_runner.py:91} INFO - Job 2: Subtask wait_for_bronze_data
[2026-05-02T06:58:37.246+0000] {logging_mixin.py:188} WARNING - /home/***/.local/lib/python3.12/site-packages/***/task/task_runner/standard_task_runner.py:62 DeprecationWarning: This process (pid=235) is multi-threaded, use of fork() may lead to deadlocks in the child.
[2026-05-02T06:58:37.247+0000] {standard_task_runner.py:64} INFO - Started process 236 to run task
[2026-05-02T06:58:37.264+0000] {task_command.py:426} INFO - Running <TaskInstance: youtube_analytics_pipeline.wait_for_bronze_data scheduled__2026-05-01T02:15:00+00:00 [running]> on host 23d787bea689
[2026-05-02T06:58:37.294+0000] {taskinstance.py:2648} INFO - Exporting env vars: AIRFLOW_CTX_DAG_OWNER='boby' AIRFLOW_CTX_DAG_ID='youtube_analytics_pipeline' AIRFLOW_CTX_TASK_ID='wait_for_bronze_data' AIRFLOW_CTX_EXECUTION_DATE='2026-05-01T02:15:00+00:00' AIRFLOW_CTX_TRY_NUMBER='1' AIRFLOW_CTX_DAG_RUN_ID='scheduled__2026-05-01T02:15:00+00:00'
[2026-05-02T06:58:37.294+0000] {taskinstance.py:430} INFO - ::endgroup::
[2026-05-02T06:58:37.303+0000] {baseoperator.py:400} WARNING - S3KeySensor.execute cannot be called outside TaskInstance!
[2026-05-02T06:58:37.306+0000] {s3.py:117} INFO - Poking for key : s3://youtube-analytics-bronze-dev/2026/04/05/14/*
[2026-05-02T06:58:37.309+0000] {base_aws.py:587} WARNING - Unable to find AWS Connection ID 'aws_default', switching to empty.
[2026-05-02T06:58:37.309+0000] {base_aws.py:164} INFO - No connection ID provided. Fallback on boto3 credential strategy (region_name=None). See: https://boto3.amazonaws.com/v1/documentation/api/latest/guide/configuration.html
[2026-05-02T06:58:37.377+0000] {credentials.py:1147} INFO - Found credentials in environment variables.
[2026-05-02T06:58:38.909+0000] {base.py:294} INFO - Success criteria met. Exiting.
[2026-05-02T06:58:38.910+0000] {taskinstance.py:441} INFO - ::group::Post task execution logs
[2026-05-02T06:58:38.923+0000] {taskinstance.py:1206} INFO - Marking task as SUCCESS. dag_id=youtube_analytics_pipeline, task_id=wait_for_bronze_data, run_id=scheduled__2026-05-01T02:15:00+00:00, execution_date=20260501T021500, start_date=20260502T065837, end_date=20260502T065838
[2026-05-02T06:58:38.975+0000] {local_task_job_runner.py:243} INFO - Task exited with return code 0
[2026-05-02T06:58:38.999+0000] {taskinstance.py:3503} INFO - 1 downstream tasks scheduled from follow-on schedule check
[2026-05-02T06:58:39.000+0000] {local_task_job_runner.py:222} INFO - ::endgroup::
