[2026-05-02T07:15:29.397+0000] {local_task_job_runner.py:120} INFO - ::group::Pre task execution logs
[2026-05-02T07:15:29.404+0000] {taskinstance.py:2076} INFO - Dependencies all met for dep_context=non-requeueable deps ti=<TaskInstance: youtube_analytics_pipeline.run_dbt_models manual__2026-05-02T06:58:39.577094+00:00 [queued]>
[2026-05-02T07:15:29.407+0000] {taskinstance.py:2076} INFO - Dependencies all met for dep_context=requeueable deps ti=<TaskInstance: youtube_analytics_pipeline.run_dbt_models manual__2026-05-02T06:58:39.577094+00:00 [queued]>
[2026-05-02T07:15:29.407+0000] {taskinstance.py:2306} INFO - Starting attempt 1 of 2
[2026-05-02T07:15:29.412+0000] {taskinstance.py:2330} INFO - Executing <Task(BashOperator): run_dbt_models> on 2026-05-02 06:58:39.577094+00:00
[2026-05-02T07:15:29.415+0000] {standard_task_runner.py:90} INFO - Running: ['***', 'tasks', 'run', 'youtube_analytics_pipeline', 'run_dbt_models', 'manual__2026-05-02T06:58:39.577094+00:00', '--job-id', '12', '--raw', '--subdir', 'DAGS_FOLDER/youtube_analytics_pipeline_dag.py', '--cfg-path', '/tmp/tmpqf934ik6']
[2026-05-02T07:15:29.416+0000] {standard_task_runner.py:91} INFO - Job 12: Subtask run_dbt_models
[2026-05-02T07:15:29.415+0000] {logging_mixin.py:188} WARNING - /home/***/.local/lib/python3.12/site-packages/***/task/task_runner/standard_task_runner.py:62 DeprecationWarning: This process (pid=620) is multi-threaded, use of fork() may lead to deadlocks in the child.
[2026-05-02T07:15:29.417+0000] {standard_task_runner.py:64} INFO - Started process 621 to run task
[2026-05-02T07:15:29.438+0000] {task_command.py:426} INFO - Running <TaskInstance: youtube_analytics_pipeline.run_dbt_models manual__2026-05-02T06:58:39.577094+00:00 [running]> on host 23d787bea689
[2026-05-02T07:15:29.468+0000] {taskinstance.py:2648} INFO - Exporting env vars: AIRFLOW_CTX_DAG_OWNER='boby' AIRFLOW_CTX_DAG_ID='youtube_analytics_pipeline' AIRFLOW_CTX_TASK_ID='run_dbt_models' AIRFLOW_CTX_EXECUTION_DATE='2026-05-02T06:58:39.577094+00:00' AIRFLOW_CTX_TRY_NUMBER='1' AIRFLOW_CTX_DAG_RUN_ID='manual__2026-05-02T06:58:39.577094+00:00'
[2026-05-02T07:15:29.468+0000] {taskinstance.py:430} INFO - ::endgroup::
[2026-05-02T07:15:29.472+0000] {subprocess.py:63} INFO - Tmp dir root location: /tmp
[2026-05-02T07:15:29.472+0000] {subprocess.py:75} INFO - Running command: ['/usr/bin/bash', '-c', 'cd /Volumes/Crucial 500GB/youtube_analytics_pipeline/dbt && dbt run --profiles-dir /Users/saptarshi/.dbt --target dev 2>&1']
[2026-05-02T07:15:29.475+0000] {subprocess.py:86} INFO - Output:
[2026-05-02T07:15:29.476+0000] {subprocess.py:93} INFO - /usr/bin/bash: line 1: cd: too many arguments
[2026-05-02T07:15:29.476+0000] {subprocess.py:97} INFO - Command exited with return code 1
[2026-05-02T07:15:29.476+0000] {taskinstance.py:441} INFO - ::group::Post task execution logs
[2026-05-02T07:15:29.481+0000] {taskinstance.py:2905} ERROR - Task failed with exception
Traceback (most recent call last):
  File "/home/airflow/.local/lib/python3.12/site-packages/airflow/models/taskinstance.py", line 465, in _execute_task
    result = _execute_callable(context=context, **execute_callable_kwargs)
             ^^^^^^^^^^^^^^^^^^^^^^^^^^^^^^^^^^^^^^^^^^^^^^^^^^^^^^^^^^^^^
  File "/home/airflow/.local/lib/python3.12/site-packages/airflow/models/taskinstance.py", line 432, in _execute_callable
    return execute_callable(context=context, **execute_callable_kwargs)
           ^^^^^^^^^^^^^^^^^^^^^^^^^^^^^^^^^^^^^^^^^^^^^^^^^^^^^^^^^^^^
  File "/home/airflow/.local/lib/python3.12/site-packages/airflow/models/baseoperator.py", line 401, in wrapper
    return func(self, *args, **kwargs)
           ^^^^^^^^^^^^^^^^^^^^^^^^^^^
  File "/home/airflow/.local/lib/python3.12/site-packages/airflow/operators/bash.py", line 243, in execute
    raise AirflowException(
airflow.exceptions.AirflowException: Bash command failed. The command returned a non-zero exit code 1.
[2026-05-02T07:15:29.483+0000] {taskinstance.py:1206} INFO - Marking task as UP_FOR_RETRY. dag_id=youtube_analytics_pipeline, task_id=run_dbt_models, run_id=manual__2026-05-02T06:58:39.577094+00:00, execution_date=20260502T065839, start_date=20260502T071529, end_date=20260502T071529
[2026-05-02T07:15:29.486+0000] {standard_task_runner.py:110} ERROR - Failed to execute job 12 for task run_dbt_models (Bash command failed. The command returned a non-zero exit code 1.; 621)
[2026-05-02T07:15:29.516+0000] {local_task_job_runner.py:243} INFO - Task exited with return code 1
[2026-05-02T07:15:29.526+0000] {taskinstance.py:3503} INFO - 0 downstream tasks scheduled from follow-on schedule check
[2026-05-02T07:15:29.527+0000] {local_task_job_runner.py:222} INFO - ::endgroup::
