[2026-05-02T07:09:24.655+0000] {local_task_job_runner.py:120} INFO - ::group::Pre task execution logs
[2026-05-02T07:09:24.662+0000] {taskinstance.py:2076} INFO - Dependencies all met for dep_context=non-requeueable deps ti=<TaskInstance: youtube_analytics_pipeline.run_dbt_models scheduled__2026-05-01T02:15:00+00:00 [queued]>
[2026-05-02T07:09:24.664+0000] {taskinstance.py:2076} INFO - Dependencies all met for dep_context=requeueable deps ti=<TaskInstance: youtube_analytics_pipeline.run_dbt_models scheduled__2026-05-01T02:15:00+00:00 [queued]>
[2026-05-02T07:09:24.664+0000] {taskinstance.py:2306} INFO - Starting attempt 2 of 2
[2026-05-02T07:09:24.668+0000] {taskinstance.py:2330} INFO - Executing <Task(BashOperator): run_dbt_models> on 2026-05-01 02:15:00+00:00
[2026-05-02T07:09:24.671+0000] {standard_task_runner.py:90} INFO - Running: ['***', 'tasks', 'run', 'youtube_analytics_pipeline', 'run_dbt_models', 'scheduled__2026-05-01T02:15:00+00:00', '--job-id', '7', '--raw', '--subdir', 'DAGS_FOLDER/youtube_analytics_pipeline_dag.py', '--cfg-path', '/tmp/tmps49s2s04']
[2026-05-02T07:09:24.672+0000] {standard_task_runner.py:91} INFO - Job 7: Subtask run_dbt_models
[2026-05-02T07:09:24.672+0000] {logging_mixin.py:188} WARNING - /home/***/.local/lib/python3.12/site-packages/***/task/task_runner/standard_task_runner.py:62 DeprecationWarning: This process (pid=477) is multi-threaded, use of fork() may lead to deadlocks in the child.
[2026-05-02T07:09:24.673+0000] {standard_task_runner.py:64} INFO - Started process 478 to run task
[2026-05-02T07:09:24.693+0000] {task_command.py:426} INFO - Running <TaskInstance: youtube_analytics_pipeline.run_dbt_models scheduled__2026-05-01T02:15:00+00:00 [running]> on host 23d787bea689
[2026-05-02T07:09:24.720+0000] {taskinstance.py:2648} INFO - Exporting env vars: AIRFLOW_CTX_DAG_OWNER='boby' AIRFLOW_CTX_DAG_ID='youtube_analytics_pipeline' AIRFLOW_CTX_TASK_ID='run_dbt_models' AIRFLOW_CTX_EXECUTION_DATE='2026-05-01T02:15:00+00:00' AIRFLOW_CTX_TRY_NUMBER='2' AIRFLOW_CTX_DAG_RUN_ID='scheduled__2026-05-01T02:15:00+00:00'
[2026-05-02T07:09:24.721+0000] {taskinstance.py:430} INFO - ::endgroup::
[2026-05-02T07:09:24.725+0000] {subprocess.py:63} INFO - Tmp dir root location: /tmp
[2026-05-02T07:09:24.725+0000] {subprocess.py:75} INFO - Running command: ['/usr/bin/bash', '-c', 'cd /Volumes/Crucial 500GB/youtube_analytics_pipeline/dbt && dbt run --profiles-dir /Users/saptarshi/.dbt --target dev 2>&1']
[2026-05-02T07:09:24.728+0000] {subprocess.py:86} INFO - Output:
[2026-05-02T07:09:24.729+0000] {subprocess.py:93} INFO - /usr/bin/bash: line 1: cd: too many arguments
[2026-05-02T07:09:24.729+0000] {subprocess.py:97} INFO - Command exited with return code 1
[2026-05-02T07:09:24.729+0000] {taskinstance.py:441} INFO - ::group::Post task execution logs
[2026-05-02T07:09:24.733+0000] {taskinstance.py:2905} ERROR - Task failed with exception
Traceback (most recent call last):
  File "/home/airflow/.local/lib/python3.12/site-packages/airflow/models/taskinstance.py", line 465, in _execute_task
    result = _execute_callable(context=context, **execute_callable_kwargs)
             ^^^^^^^^^^^^^^^^^^^^^^^^^^^^^^^^^^^^^^^^^^^^^^^^^^^^^^^^^^^^^
  File "/home/airflow/.local/lib/python3.12/site-packages/airflow/models/taskinstance.py", line 432, in _execute_callable
    return execute_callable(context=context, **execute_callable_kwargs)
           ^^^^^^^^^^^^^^^^^^^^^^^^^^^^^^^^^^^^^^^^^^^^^^^^^^^^^^^^^^^^
  File "/home/airflow/.local/lib/python3.12/site-packages/airflow/models/baseoperator.py", line 401, in wrapper
    return func(self, *args, **kwargs)
           ^^^^^^^^^^^^^^^^^^^^^^^^^^^
  File "/home/airflow/.local/lib/python3.12/site-packages/airflow/operators/bash.py", line 243, in execute
    raise AirflowException(
airflow.exceptions.AirflowException: Bash command failed. The command returned a non-zero exit code 1.
[2026-05-02T07:09:24.734+0000] {taskinstance.py:1206} INFO - Marking task as FAILED. dag_id=youtube_analytics_pipeline, task_id=run_dbt_models, run_id=scheduled__2026-05-01T02:15:00+00:00, execution_date=20260501T021500, start_date=20260502T070924, end_date=20260502T070924
[2026-05-02T07:09:24.738+0000] {standard_task_runner.py:110} ERROR - Failed to execute job 7 for task run_dbt_models (Bash command failed. The command returned a non-zero exit code 1.; 478)
[2026-05-02T07:09:24.774+0000] {local_task_job_runner.py:243} INFO - Task exited with return code 1
[2026-05-02T07:09:24.782+0000] {taskinstance.py:3503} INFO - 0 downstream tasks scheduled from follow-on schedule check
[2026-05-02T07:09:24.784+0000] {local_task_job_runner.py:222} INFO - ::endgroup::
