[2026-05-02T07:13:46.745+0000] {local_task_job_runner.py:120} INFO - ::group::Pre task execution logs
[2026-05-02T07:13:46.751+0000] {taskinstance.py:2076} INFO - Dependencies all met for dep_context=non-requeueable deps ti=<TaskInstance: youtube_analytics_pipeline.run_gold_transform manual__2026-05-02T06:58:39.577094+00:00 [queued]>
[2026-05-02T07:13:46.753+0000] {taskinstance.py:2076} INFO - Dependencies all met for dep_context=requeueable deps ti=<TaskInstance: youtube_analytics_pipeline.run_gold_transform manual__2026-05-02T06:58:39.577094+00:00 [queued]>
[2026-05-02T07:13:46.753+0000] {taskinstance.py:2306} INFO - Starting attempt 1 of 2
[2026-05-02T07:13:46.757+0000] {taskinstance.py:2330} INFO - Executing <Task(GlueJobOperator): run_gold_transform> on 2026-05-02 06:58:39.577094+00:00
[2026-05-02T07:13:46.760+0000] {standard_task_runner.py:90} INFO - Running: ['***', 'tasks', 'run', 'youtube_analytics_pipeline', 'run_gold_transform', 'manual__2026-05-02T06:58:39.577094+00:00', '--job-id', '11', '--raw', '--subdir', 'DAGS_FOLDER/youtube_analytics_pipeline_dag.py', '--cfg-path', '/tmp/tmpql0hzkuz']
[2026-05-02T07:13:46.761+0000] {standard_task_runner.py:91} INFO - Job 11: Subtask run_gold_transform
[2026-05-02T07:13:46.761+0000] {logging_mixin.py:188} WARNING - /home/***/.local/lib/python3.12/site-packages/***/task/task_runner/standard_task_runner.py:62 DeprecationWarning: This process (pid=585) is multi-threaded, use of fork() may lead to deadlocks in the child.
[2026-05-02T07:13:46.761+0000] {standard_task_runner.py:64} INFO - Started process 586 to run task
[2026-05-02T07:13:46.778+0000] {task_command.py:426} INFO - Running <TaskInstance: youtube_analytics_pipeline.run_gold_transform manual__2026-05-02T06:58:39.577094+00:00 [running]> on host 23d787bea689
[2026-05-02T07:13:46.805+0000] {taskinstance.py:2648} INFO - Exporting env vars: AIRFLOW_CTX_DAG_OWNER='boby' AIRFLOW_CTX_DAG_ID='youtube_analytics_pipeline' AIRFLOW_CTX_TASK_ID='run_gold_transform' AIRFLOW_CTX_EXECUTION_DATE='2026-05-02T06:58:39.577094+00:00' AIRFLOW_CTX_TRY_NUMBER='1' AIRFLOW_CTX_DAG_RUN_ID='manual__2026-05-02T06:58:39.577094+00:00'
[2026-05-02T07:13:46.806+0000] {taskinstance.py:430} INFO - ::endgroup::
[2026-05-02T07:13:46.810+0000] {glue.py:186} INFO - Initializing AWS Glue Job: youtube-gold-transform-dev. Wait for completion: True
[2026-05-02T07:13:46.810+0000] {glue.py:365} INFO - Checking if job already exists: youtube-gold-transform-dev
[2026-05-02T07:13:46.813+0000] {base_aws.py:587} WARNING - Unable to find AWS Connection ID 'aws_default', switching to empty.
[2026-05-02T07:13:46.813+0000] {base_aws.py:164} INFO - No connection ID provided. Fallback on boto3 credential strategy (region_name='us-east-1'). See: https://boto3.amazonaws.com/v1/documentation/api/latest/guide/configuration.html
[2026-05-02T07:13:46.888+0000] {credentials.py:1147} INFO - Found credentials in environment variables.
[2026-05-02T07:13:49.279+0000] {glue.py:207} INFO - You can monitor this Glue Job run at: https://console.aws.amazon.com/gluestudio/home?region=us-east-1#/job/youtube-gold-transform-dev/run/jr_8089fae479bfaac228a9b203aaa17dcfdd93655dd1a81aa704e4a0e28130c080
[2026-05-02T07:13:49.578+0000] {glue.py:348} INFO - Polling for AWS Glue Job youtube-gold-transform-dev current run state with status RUNNING
[2026-05-02T07:13:55.951+0000] {glue.py:348} INFO - Polling for AWS Glue Job youtube-gold-transform-dev current run state with status RUNNING
[2026-05-02T07:14:02.302+0000] {glue.py:348} INFO - Polling for AWS Glue Job youtube-gold-transform-dev current run state with status RUNNING
[2026-05-02T07:14:09.227+0000] {glue.py:348} INFO - Polling for AWS Glue Job youtube-gold-transform-dev current run state with status RUNNING
[2026-05-02T07:14:15.570+0000] {glue.py:348} INFO - Polling for AWS Glue Job youtube-gold-transform-dev current run state with status RUNNING
[2026-05-02T07:14:21.911+0000] {glue.py:348} INFO - Polling for AWS Glue Job youtube-gold-transform-dev current run state with status RUNNING
[2026-05-02T07:14:28.255+0000] {glue.py:348} INFO - Polling for AWS Glue Job youtube-gold-transform-dev current run state with status RUNNING
[2026-05-02T07:14:35.172+0000] {glue.py:348} INFO - Polling for AWS Glue Job youtube-gold-transform-dev current run state with status RUNNING
[2026-05-02T07:14:41.544+0000] {glue.py:348} INFO - Polling for AWS Glue Job youtube-gold-transform-dev current run state with status RUNNING
[2026-05-02T07:14:48.394+0000] {glue.py:348} INFO - Polling for AWS Glue Job youtube-gold-transform-dev current run state with status RUNNING
[2026-05-02T07:14:54.737+0000] {glue.py:348} INFO - Polling for AWS Glue Job youtube-gold-transform-dev current run state with status RUNNING
[2026-05-02T07:15:01.084+0000] {glue.py:348} INFO - Polling for AWS Glue Job youtube-gold-transform-dev current run state with status RUNNING
[2026-05-02T07:15:08.452+0000] {glue.py:348} INFO - Polling for AWS Glue Job youtube-gold-transform-dev current run state with status RUNNING
[2026-05-02T07:15:15.824+0000] {glue.py:348} INFO - Polling for AWS Glue Job youtube-gold-transform-dev current run state with status RUNNING
[2026-05-02T07:15:22.168+0000] {glue.py:348} INFO - Polling for AWS Glue Job youtube-gold-transform-dev current run state with status RUNNING
[2026-05-02T07:15:28.470+0000] {glue.py:341} INFO - Exiting Job jr_8089fae479bfaac228a9b203aaa17dcfdd93655dd1a81aa704e4a0e28130c080 Run State: SUCCEEDED
[2026-05-02T07:15:28.471+0000] {glue.py:222} INFO - AWS Glue Job: youtube-gold-transform-dev status: SUCCEEDED. Run Id: jr_8089fae479bfaac228a9b203aaa17dcfdd93655dd1a81aa704e4a0e28130c080
[2026-05-02T07:15:28.472+0000] {taskinstance.py:441} INFO - ::group::Post task execution logs
[2026-05-02T07:15:28.492+0000] {taskinstance.py:1206} INFO - Marking task as SUCCESS. dag_id=youtube_analytics_pipeline, task_id=run_gold_transform, run_id=manual__2026-05-02T06:58:39.577094+00:00, execution_date=20260502T065839, start_date=20260502T071346, end_date=20260502T071528
[2026-05-02T07:15:28.535+0000] {local_task_job_runner.py:243} INFO - Task exited with return code 0
[2026-05-02T07:15:28.549+0000] {taskinstance.py:3503} INFO - 1 downstream tasks scheduled from follow-on schedule check
[2026-05-02T07:15:28.549+0000] {local_task_job_runner.py:222} INFO - ::endgroup::
