[2026-05-02T16:58:34.164+0000] {local_task_job_runner.py:120} INFO - ::group::Pre task execution logs
[2026-05-02T16:58:34.170+0000] {taskinstance.py:2076} INFO - Dependencies all met for dep_context=non-requeueable deps ti=<TaskInstance: youtube_analytics_pipeline.run_silver_transform manual__2026-05-02T16:55:57.119179+00:00 [queued]>
[2026-05-02T16:58:34.172+0000] {taskinstance.py:2076} INFO - Dependencies all met for dep_context=requeueable deps ti=<TaskInstance: youtube_analytics_pipeline.run_silver_transform manual__2026-05-02T16:55:57.119179+00:00 [queued]>
[2026-05-02T16:58:34.172+0000] {taskinstance.py:2306} INFO - Starting attempt 1 of 2
[2026-05-02T16:58:34.175+0000] {taskinstance.py:2330} INFO - Executing <Task(GlueJobOperator): run_silver_transform> on 2026-05-02 16:55:57.119179+00:00
[2026-05-02T16:58:34.179+0000] {logging_mixin.py:188} WARNING - /home/***/.local/lib/python3.12/site-packages/***/task/task_runner/standard_task_runner.py:62 DeprecationWarning: This process (pid=273) is multi-threaded, use of fork() may lead to deadlocks in the child.
[2026-05-02T16:58:34.178+0000] {standard_task_runner.py:90} INFO - Running: ['***', 'tasks', 'run', 'youtube_analytics_pipeline', 'run_silver_transform', 'manual__2026-05-02T16:55:57.119179+00:00', '--job-id', '77', '--raw', '--subdir', 'DAGS_FOLDER/youtube_analytics_pipeline_dag.py', '--cfg-path', '/tmp/tmp1abra55s']
[2026-05-02T16:58:34.179+0000] {standard_task_runner.py:91} INFO - Job 77: Subtask run_silver_transform
[2026-05-02T16:58:34.179+0000] {standard_task_runner.py:64} INFO - Started process 274 to run task
[2026-05-02T16:58:34.194+0000] {task_command.py:426} INFO - Running <TaskInstance: youtube_analytics_pipeline.run_silver_transform manual__2026-05-02T16:55:57.119179+00:00 [running]> on host f765ce7682ad
[2026-05-02T16:58:34.219+0000] {taskinstance.py:2648} INFO - Exporting env vars: AIRFLOW_CTX_DAG_OWNER='boby' AIRFLOW_CTX_DAG_ID='youtube_analytics_pipeline' AIRFLOW_CTX_TASK_ID='run_silver_transform' AIRFLOW_CTX_EXECUTION_DATE='2026-05-02T16:55:57.119179+00:00' AIRFLOW_CTX_TRY_NUMBER='1' AIRFLOW_CTX_DAG_RUN_ID='manual__2026-05-02T16:55:57.119179+00:00'
[2026-05-02T16:58:34.220+0000] {taskinstance.py:430} INFO - ::endgroup::
[2026-05-02T16:58:34.223+0000] {glue.py:186} INFO - Initializing AWS Glue Job: youtube-silver-transform-dev. Wait for completion: True
[2026-05-02T16:58:34.223+0000] {glue.py:365} INFO - Checking if job already exists: youtube-silver-transform-dev
[2026-05-02T16:58:34.226+0000] {base_aws.py:587} WARNING - Unable to find AWS Connection ID 'aws_default', switching to empty.
[2026-05-02T16:58:34.226+0000] {base_aws.py:164} INFO - No connection ID provided. Fallback on boto3 credential strategy (region_name='us-east-1'). See: https://boto3.amazonaws.com/v1/documentation/api/latest/guide/configuration.html
[2026-05-02T16:58:34.281+0000] {credentials.py:1147} INFO - Found credentials in environment variables.
[2026-05-02T16:58:35.676+0000] {glue.py:207} INFO - You can monitor this Glue Job run at: https://console.aws.amazon.com/gluestudio/home?region=us-east-1#/job/youtube-silver-transform-dev/run/jr_a01ffd878f4797b5b34d5ab0d04bec9bde75b197fd51f914267ef94e1256faa6
[2026-05-02T16:58:35.996+0000] {glue.py:348} INFO - Polling for AWS Glue Job youtube-silver-transform-dev current run state with status RUNNING
[2026-05-02T16:58:42.288+0000] {glue.py:348} INFO - Polling for AWS Glue Job youtube-silver-transform-dev current run state with status RUNNING
[2026-05-02T16:58:48.596+0000] {glue.py:348} INFO - Polling for AWS Glue Job youtube-silver-transform-dev current run state with status RUNNING
[2026-05-02T16:58:54.940+0000] {glue.py:348} INFO - Polling for AWS Glue Job youtube-silver-transform-dev current run state with status RUNNING
[2026-05-02T16:59:01.326+0000] {glue.py:348} INFO - Polling for AWS Glue Job youtube-silver-transform-dev current run state with status RUNNING
[2026-05-02T16:59:07.640+0000] {glue.py:348} INFO - Polling for AWS Glue Job youtube-silver-transform-dev current run state with status RUNNING
[2026-05-02T16:59:13.941+0000] {glue.py:348} INFO - Polling for AWS Glue Job youtube-silver-transform-dev current run state with status RUNNING
[2026-05-02T16:59:20.252+0000] {glue.py:348} INFO - Polling for AWS Glue Job youtube-silver-transform-dev current run state with status RUNNING
[2026-05-02T16:59:26.582+0000] {glue.py:348} INFO - Polling for AWS Glue Job youtube-silver-transform-dev current run state with status RUNNING
[2026-05-02T16:59:32.931+0000] {glue.py:348} INFO - Polling for AWS Glue Job youtube-silver-transform-dev current run state with status RUNNING
[2026-05-02T16:59:39.250+0000] {glue.py:348} INFO - Polling for AWS Glue Job youtube-silver-transform-dev current run state with status RUNNING
[2026-05-02T16:59:45.564+0000] {glue.py:348} INFO - Polling for AWS Glue Job youtube-silver-transform-dev current run state with status RUNNING
[2026-05-02T16:59:51.876+0000] {glue.py:348} INFO - Polling for AWS Glue Job youtube-silver-transform-dev current run state with status RUNNING
[2026-05-02T16:59:58.429+0000] {glue.py:341} INFO - Exiting Job jr_a01ffd878f4797b5b34d5ab0d04bec9bde75b197fd51f914267ef94e1256faa6 Run State: SUCCEEDED
[2026-05-02T16:59:58.430+0000] {glue.py:222} INFO - AWS Glue Job: youtube-silver-transform-dev status: SUCCEEDED. Run Id: jr_a01ffd878f4797b5b34d5ab0d04bec9bde75b197fd51f914267ef94e1256faa6
[2026-05-02T16:59:58.431+0000] {taskinstance.py:441} INFO - ::group::Post task execution logs
[2026-05-02T16:59:58.454+0000] {taskinstance.py:1206} INFO - Marking task as SUCCESS. dag_id=youtube_analytics_pipeline, task_id=run_silver_transform, run_id=manual__2026-05-02T16:55:57.119179+00:00, execution_date=20260502T165557, start_date=20260502T165834, end_date=20260502T165958
[2026-05-02T16:59:58.469+0000] {local_task_job_runner.py:243} INFO - Task exited with return code 0
[2026-05-02T16:59:58.482+0000] {taskinstance.py:3503} INFO - 1 downstream tasks scheduled from follow-on schedule check
[2026-05-02T16:59:58.483+0000] {local_task_job_runner.py:222} INFO - ::endgroup::
