[2026-05-02T15:00:15.324+0000] {local_task_job_runner.py:120} INFO - ::group::Pre task execution logs
[2026-05-02T15:00:15.329+0000] {taskinstance.py:2076} INFO - Dependencies all met for dep_context=non-requeueable deps ti=<TaskInstance: youtube_analytics_pipeline.run_silver_transform manual__2026-05-02T14:57:43.979665+00:00 [queued]>
[2026-05-02T15:00:15.331+0000] {taskinstance.py:2076} INFO - Dependencies all met for dep_context=requeueable deps ti=<TaskInstance: youtube_analytics_pipeline.run_silver_transform manual__2026-05-02T14:57:43.979665+00:00 [queued]>
[2026-05-02T15:00:15.332+0000] {taskinstance.py:2306} INFO - Starting attempt 1 of 2
[2026-05-02T15:00:15.335+0000] {taskinstance.py:2330} INFO - Executing <Task(GlueJobOperator): run_silver_transform> on 2026-05-02 14:57:43.979665+00:00
[2026-05-02T15:00:15.338+0000] {standard_task_runner.py:90} INFO - Running: ['***', 'tasks', 'run', 'youtube_analytics_pipeline', 'run_silver_transform', 'manual__2026-05-02T14:57:43.979665+00:00', '--job-id', '30', '--raw', '--subdir', 'DAGS_FOLDER/youtube_analytics_pipeline_dag.py', '--cfg-path', '/tmp/tmp46rlp6zs']
[2026-05-02T15:00:15.339+0000] {standard_task_runner.py:91} INFO - Job 30: Subtask run_silver_transform
[2026-05-02T15:00:15.338+0000] {logging_mixin.py:188} WARNING - /home/***/.local/lib/python3.12/site-packages/***/task/task_runner/standard_task_runner.py:62 DeprecationWarning: This process (pid=272) is multi-threaded, use of fork() may lead to deadlocks in the child.
[2026-05-02T15:00:15.339+0000] {standard_task_runner.py:64} INFO - Started process 273 to run task
[2026-05-02T15:00:15.354+0000] {task_command.py:426} INFO - Running <TaskInstance: youtube_analytics_pipeline.run_silver_transform manual__2026-05-02T14:57:43.979665+00:00 [running]> on host b4e161314b21
[2026-05-02T15:00:15.380+0000] {taskinstance.py:2648} INFO - Exporting env vars: AIRFLOW_CTX_DAG_OWNER='boby' AIRFLOW_CTX_DAG_ID='youtube_analytics_pipeline' AIRFLOW_CTX_TASK_ID='run_silver_transform' AIRFLOW_CTX_EXECUTION_DATE='2026-05-02T14:57:43.979665+00:00' AIRFLOW_CTX_TRY_NUMBER='1' AIRFLOW_CTX_DAG_RUN_ID='manual__2026-05-02T14:57:43.979665+00:00'
[2026-05-02T15:00:15.380+0000] {taskinstance.py:430} INFO - ::endgroup::
[2026-05-02T15:00:15.384+0000] {glue.py:186} INFO - Initializing AWS Glue Job: youtube-silver-transform-dev. Wait for completion: True
[2026-05-02T15:00:15.384+0000] {glue.py:365} INFO - Checking if job already exists: youtube-silver-transform-dev
[2026-05-02T15:00:15.386+0000] {base_aws.py:587} WARNING - Unable to find AWS Connection ID 'aws_default', switching to empty.
[2026-05-02T15:00:15.387+0000] {base_aws.py:164} INFO - No connection ID provided. Fallback on boto3 credential strategy (region_name='us-east-1'). See: https://boto3.amazonaws.com/v1/documentation/api/latest/guide/configuration.html
[2026-05-02T15:00:15.440+0000] {credentials.py:1147} INFO - Found credentials in environment variables.
[2026-05-02T15:00:16.814+0000] {glue.py:207} INFO - You can monitor this Glue Job run at: https://console.aws.amazon.com/gluestudio/home?region=us-east-1#/job/youtube-silver-transform-dev/run/jr_afcf8e1c55dcd0b521901b8960de4544eb0785f26f178d522bad01b0dcd89b3b
[2026-05-02T15:00:17.079+0000] {glue.py:348} INFO - Polling for AWS Glue Job youtube-silver-transform-dev current run state with status RUNNING
[2026-05-02T15:00:23.407+0000] {glue.py:348} INFO - Polling for AWS Glue Job youtube-silver-transform-dev current run state with status RUNNING
[2026-05-02T15:00:29.755+0000] {glue.py:348} INFO - Polling for AWS Glue Job youtube-silver-transform-dev current run state with status RUNNING
[2026-05-02T15:00:36.051+0000] {glue.py:348} INFO - Polling for AWS Glue Job youtube-silver-transform-dev current run state with status RUNNING
[2026-05-02T15:00:42.355+0000] {glue.py:348} INFO - Polling for AWS Glue Job youtube-silver-transform-dev current run state with status RUNNING
[2026-05-02T15:00:48.701+0000] {glue.py:348} INFO - Polling for AWS Glue Job youtube-silver-transform-dev current run state with status RUNNING
[2026-05-02T15:00:55.022+0000] {glue.py:348} INFO - Polling for AWS Glue Job youtube-silver-transform-dev current run state with status RUNNING
[2026-05-02T15:01:01.335+0000] {glue.py:348} INFO - Polling for AWS Glue Job youtube-silver-transform-dev current run state with status RUNNING
[2026-05-02T15:01:07.663+0000] {glue.py:348} INFO - Polling for AWS Glue Job youtube-silver-transform-dev current run state with status RUNNING
[2026-05-02T15:01:13.994+0000] {glue.py:348} INFO - Polling for AWS Glue Job youtube-silver-transform-dev current run state with status RUNNING
[2026-05-02T15:01:20.299+0000] {glue.py:348} INFO - Polling for AWS Glue Job youtube-silver-transform-dev current run state with status RUNNING
[2026-05-02T15:01:26.600+0000] {glue.py:348} INFO - Polling for AWS Glue Job youtube-silver-transform-dev current run state with status RUNNING
[2026-05-02T15:01:32.936+0000] {glue.py:348} INFO - Polling for AWS Glue Job youtube-silver-transform-dev current run state with status RUNNING
[2026-05-02T15:01:39.222+0000] {glue.py:341} INFO - Exiting Job jr_afcf8e1c55dcd0b521901b8960de4544eb0785f26f178d522bad01b0dcd89b3b Run State: SUCCEEDED
[2026-05-02T15:01:39.223+0000] {glue.py:222} INFO - AWS Glue Job: youtube-silver-transform-dev status: SUCCEEDED. Run Id: jr_afcf8e1c55dcd0b521901b8960de4544eb0785f26f178d522bad01b0dcd89b3b
[2026-05-02T15:01:39.224+0000] {taskinstance.py:441} INFO - ::group::Post task execution logs
[2026-05-02T15:01:39.247+0000] {taskinstance.py:1206} INFO - Marking task as SUCCESS. dag_id=youtube_analytics_pipeline, task_id=run_silver_transform, run_id=manual__2026-05-02T14:57:43.979665+00:00, execution_date=20260502T145743, start_date=20260502T150015, end_date=20260502T150139
[2026-05-02T15:01:39.259+0000] {local_task_job_runner.py:243} INFO - Task exited with return code 0
[2026-05-02T15:01:39.274+0000] {taskinstance.py:3503} INFO - 1 downstream tasks scheduled from follow-on schedule check
[2026-05-02T15:01:39.274+0000] {local_task_job_runner.py:222} INFO - ::endgroup::
