[2026-05-02T15:14:23.844+0000] {local_task_job_runner.py:120} INFO - ::group::Pre task execution logs
[2026-05-02T15:14:23.850+0000] {taskinstance.py:2076} INFO - Dependencies all met for dep_context=non-requeueable deps ti=<TaskInstance: youtube_analytics_pipeline.wait_for_bronze_data manual__2026-05-02T15:14:22.889120+00:00 [queued]>
[2026-05-02T15:14:23.852+0000] {taskinstance.py:2076} INFO - Dependencies all met for dep_context=requeueable deps ti=<TaskInstance: youtube_analytics_pipeline.wait_for_bronze_data manual__2026-05-02T15:14:22.889120+00:00 [queued]>
[2026-05-02T15:14:23.852+0000] {taskinstance.py:2306} INFO - Starting attempt 1 of 2
[2026-05-02T15:14:23.856+0000] {taskinstance.py:2330} INFO - Executing <Task(S3KeySensor): wait_for_bronze_data> on 2026-05-02 15:14:22.889120+00:00
[2026-05-02T15:14:23.858+0000] {standard_task_runner.py:90} INFO - Running: ['***', 'tasks', 'run', 'youtube_analytics_pipeline', 'wait_for_bronze_data', 'manual__2026-05-02T15:14:22.889120+00:00', '--job-id', '35', '--raw', '--subdir', 'DAGS_FOLDER/youtube_analytics_pipeline_dag.py', '--cfg-path', '/tmp/tmppodczzkz']
[2026-05-02T15:14:23.860+0000] {standard_task_runner.py:91} INFO - Job 35: Subtask wait_for_bronze_data
[2026-05-02T15:14:23.860+0000] {logging_mixin.py:188} WARNING - /home/***/.local/lib/python3.12/site-packages/***/task/task_runner/standard_task_runner.py:62 DeprecationWarning: This process (pid=230) is multi-threaded, use of fork() may lead to deadlocks in the child.
[2026-05-02T15:14:23.860+0000] {standard_task_runner.py:64} INFO - Started process 231 to run task
[2026-05-02T15:14:23.877+0000] {task_command.py:426} INFO - Running <TaskInstance: youtube_analytics_pipeline.wait_for_bronze_data manual__2026-05-02T15:14:22.889120+00:00 [running]> on host f765ce7682ad
[2026-05-02T15:14:23.908+0000] {taskinstance.py:2648} INFO - Exporting env vars: AIRFLOW_CTX_DAG_OWNER='boby' AIRFLOW_CTX_DAG_ID='youtube_analytics_pipeline' AIRFLOW_CTX_TASK_ID='wait_for_bronze_data' AIRFLOW_CTX_EXECUTION_DATE='2026-05-02T15:14:22.889120+00:00' AIRFLOW_CTX_TRY_NUMBER='1' AIRFLOW_CTX_DAG_RUN_ID='manual__2026-05-02T15:14:22.889120+00:00'
[2026-05-02T15:14:23.908+0000] {taskinstance.py:430} INFO - ::endgroup::
[2026-05-02T15:14:23.917+0000] {baseoperator.py:400} WARNING - S3KeySensor.execute cannot be called outside TaskInstance!
[2026-05-02T15:14:23.921+0000] {s3.py:117} INFO - Poking for key : s3://youtube-analytics-bronze-dev/2026/04/05/14/*
[2026-05-02T15:14:23.924+0000] {base_aws.py:587} WARNING - Unable to find AWS Connection ID 'aws_default', switching to empty.
[2026-05-02T15:14:23.924+0000] {base_aws.py:164} INFO - No connection ID provided. Fallback on boto3 credential strategy (region_name=None). See: https://boto3.amazonaws.com/v1/documentation/api/latest/guide/configuration.html
[2026-05-02T15:14:23.991+0000] {credentials.py:1147} INFO - Found credentials in environment variables.
[2026-05-02T15:14:25.101+0000] {base.py:294} INFO - Success criteria met. Exiting.
[2026-05-02T15:14:25.102+0000] {taskinstance.py:441} INFO - ::group::Post task execution logs
[2026-05-02T15:14:25.111+0000] {taskinstance.py:1206} INFO - Marking task as SUCCESS. dag_id=youtube_analytics_pipeline, task_id=wait_for_bronze_data, run_id=manual__2026-05-02T15:14:22.889120+00:00, execution_date=20260502T151422, start_date=20260502T151423, end_date=20260502T151425
[2026-05-02T15:14:25.137+0000] {local_task_job_runner.py:243} INFO - Task exited with return code 0
[2026-05-02T15:14:25.153+0000] {taskinstance.py:3503} INFO - 1 downstream tasks scheduled from follow-on schedule check
[2026-05-02T15:14:25.154+0000] {local_task_job_runner.py:222} INFO - ::endgroup::
