[2026-05-02T15:28:31.300+0000] {local_task_job_runner.py:120} INFO - ::group::Pre task execution logs
[2026-05-02T15:28:31.305+0000] {taskinstance.py:2076} INFO - Dependencies all met for dep_context=non-requeueable deps ti=<TaskInstance: youtube_analytics_pipeline.run_dbt_models manual__2026-05-02T15:14:22.889120+00:00 [queued]>
[2026-05-02T15:28:31.308+0000] {taskinstance.py:2076} INFO - Dependencies all met for dep_context=requeueable deps ti=<TaskInstance: youtube_analytics_pipeline.run_dbt_models manual__2026-05-02T15:14:22.889120+00:00 [queued]>
[2026-05-02T15:28:31.308+0000] {taskinstance.py:2306} INFO - Starting attempt 2 of 2
[2026-05-02T15:28:31.311+0000] {taskinstance.py:2330} INFO - Executing <Task(BashOperator): run_dbt_models> on 2026-05-02 15:14:22.889120+00:00
[2026-05-02T15:28:31.314+0000] {standard_task_runner.py:90} INFO - Running: ['***', 'tasks', 'run', 'youtube_analytics_pipeline', 'run_dbt_models', 'manual__2026-05-02T15:14:22.889120+00:00', '--job-id', '40', '--raw', '--subdir', 'DAGS_FOLDER/youtube_analytics_pipeline_dag.py', '--cfg-path', '/tmp/tmp337pjeyl']
[2026-05-02T15:28:31.315+0000] {logging_mixin.py:188} WARNING - /home/***/.local/lib/python3.12/site-packages/***/task/task_runner/standard_task_runner.py:62 DeprecationWarning: This process (pid=581) is multi-threaded, use of fork() may lead to deadlocks in the child.
[2026-05-02T15:28:31.315+0000] {standard_task_runner.py:91} INFO - Job 40: Subtask run_dbt_models
[2026-05-02T15:28:31.315+0000] {standard_task_runner.py:64} INFO - Started process 582 to run task
[2026-05-02T15:28:31.331+0000] {task_command.py:426} INFO - Running <TaskInstance: youtube_analytics_pipeline.run_dbt_models manual__2026-05-02T15:14:22.889120+00:00 [running]> on host f765ce7682ad
[2026-05-02T15:28:31.356+0000] {taskinstance.py:2648} INFO - Exporting env vars: AIRFLOW_CTX_DAG_OWNER='boby' AIRFLOW_CTX_DAG_ID='youtube_analytics_pipeline' AIRFLOW_CTX_TASK_ID='run_dbt_models' AIRFLOW_CTX_EXECUTION_DATE='2026-05-02T15:14:22.889120+00:00' AIRFLOW_CTX_TRY_NUMBER='2' AIRFLOW_CTX_DAG_RUN_ID='manual__2026-05-02T15:14:22.889120+00:00'
[2026-05-02T15:28:31.356+0000] {taskinstance.py:430} INFO - ::endgroup::
[2026-05-02T15:28:31.360+0000] {subprocess.py:63} INFO - Tmp dir root location: /tmp
[2026-05-02T15:28:31.361+0000] {subprocess.py:75} INFO - Running command: ['/usr/bin/bash', '-c', 'cd "/opt/dbt/project" && dbt run --profiles-dir "/home/***/.dbt" --target dev 2>&1']
[2026-05-02T15:28:31.363+0000] {subprocess.py:86} INFO - Output:
[2026-05-02T15:28:32.139+0000] {subprocess.py:93} INFO - [0m15:28:32  Running with dbt=1.8.9
[2026-05-02T15:28:32.352+0000] {subprocess.py:93} INFO - [0m15:28:32  Registered adapter: athena=1.8.4
[2026-05-02T15:28:32.488+0000] {subprocess.py:93} INFO - [0m15:28:32  Found 8 models, 47 data tests, 4 sources, 461 macros
[2026-05-02T15:28:32.489+0000] {subprocess.py:93} INFO - [0m15:28:32
[2026-05-02T15:28:38.201+0000] {subprocess.py:93} INFO - [0m15:28:38  Concurrency: 4 threads (target='dev')
[2026-05-02T15:28:38.202+0000] {subprocess.py:93} INFO - [0m15:28:38
[2026-05-02T15:28:38.213+0000] {subprocess.py:93} INFO - [0m15:28:38  1 of 8 START sql view model dbt_staging.stg_category_stats ..................... [RUN]
[2026-05-02T15:28:38.214+0000] {subprocess.py:93} INFO - [0m15:28:38  2 of 8 START sql view model dbt_staging.stg_channel_stats ...................... [RUN]
[2026-05-02T15:28:38.214+0000] {subprocess.py:93} INFO - [0m15:28:38  3 of 8 START sql view model dbt_staging.stg_daily_trending_rank ................ [RUN]
[2026-05-02T15:28:38.215+0000] {subprocess.py:93} INFO - [0m15:28:38  4 of 8 START sql view model dbt_staging.stg_view_velocity ...................... [RUN]
[2026-05-02T15:28:43.795+0000] {subprocess.py:93} INFO - [0m15:28:43  4 of 8 OK created sql view model dbt_staging.stg_view_velocity ................. [[32mOK -1[0m in 5.58s]
[2026-05-02T15:28:43.796+0000] {subprocess.py:93} INFO - [0m15:28:43  2 of 8 OK created sql view model dbt_staging.stg_channel_stats ................. [[32mOK -1[0m in 5.58s]
[2026-05-02T15:28:43.798+0000] {subprocess.py:93} INFO - [0m15:28:43  5 of 8 START sql table model dbt_gold.fct_momentum_videos ...................... [RUN]
[2026-05-02T15:28:43.799+0000] {subprocess.py:93} INFO - [0m15:28:43  6 of 8 START sql table model dbt_gold.fct_top_channels ......................... [RUN]
[2026-05-02T15:28:44.011+0000] {subprocess.py:93} INFO - [0m15:28:44  3 of 8 OK created sql view model dbt_staging.stg_daily_trending_rank ........... [[32mOK -1[0m in 5.79s]
[2026-05-02T15:28:44.015+0000] {subprocess.py:93} INFO - [0m15:28:44  7 of 8 START sql table model dbt_gold.fct_trending_leaderboard ................. [RUN]
[2026-05-02T15:28:44.016+0000] {subprocess.py:93} INFO - [0m15:28:44  1 of 8 OK created sql view model dbt_staging.stg_category_stats ................ [[32mOK -1[0m in 5.80s]
[2026-05-02T15:28:44.019+0000] {subprocess.py:93} INFO - [0m15:28:44  8 of 8 START sql table model dbt_gold.fct_category_performance ................. [RUN]
[2026-05-02T15:30:15.124+0000] {subprocess.py:93} INFO - [0m15:30:15  [31mUnhandled error while executing [0m
[2026-05-02T15:30:15.125+0000] {subprocess.py:93} INFO - INVALID_VIEW: line 12:6: Failed analyzing stored view 'awsdatacatalog.dbt_staging.stg_view_velocity': No path property defined for table: Table{databaseName=youtube_analytics_dev, tableName=gold_view_velocity, owner=Optional.empty, tableType=EXTERNAL_TABLE, dataColumns=[], partitionColumns=[], storage=Storage{skewed=false, storageFormat=StorageFormat{serde=org.apache.hadoop.hive.serde2.lazy.LazySimpleSerDe, inputFormat=org.apache.hadoop.mapred.SequenceFileInputFormat, outputFormat=org.apache.hadoop.hive.ql.io.HiveSequenceFileOutputFormat}, location=Optional[s3://youtube-analytics-gold-dev/gold/view_velocity], bucketProperty=Optional.empty, serdeParameters={}}, parameters={___glue_table_version_id___=7, ___lake_formation_authorized_columns___={
[2026-05-02T15:30:15.125+0000] {subprocess.py:93} INFO -   "authorizedColumns" : [ "\"_gold_processed_at\"", "\"category_id\"", "\"channel_id\"", "\"channel_title\"", "\"comment_count\"", "\"days_since_prev_snapshot\"", "\"engagement_rate\"", "\"like_count\"", "\"region\"", "\"snapshot_date\"", "\"title\"", "\"velocity_pct\"", "\"video_id\"", "\"view_count\"", "\"view_count_delta\"" ]
[2026-05-02T15:30:15.125+0000] {subprocess.py:93} INFO - }, path=s3://youtube-analytics-gold-dev/gold/view_velocity, target_table_region=us-east-1, EXTERNAL=TRUE, ___table_owner_account_id___=900932787422, __table_id__=0e80bc2924ab413198d7a834032042c6, ___use_lakeformation_credentials___=false, __athena_nested_field_filter_enabled=true, classification=delta, spark.sql.sources.provider=delta, ___is_glue_materialized_view___=false, ___use_lakeformation_row_column_security___=false}, viewOriginalText=Optional.empty, viewExpandedText=Optional.empty}. You may need to manually clean the data at location 's3://youtube-glue-assets-dev-900932787422/dbt-results/tables/658a222b-b869-4e86-a469-097b4e2c40cb' before retrying. Athena will not delete data in your account.
[2026-05-02T15:30:15.129+0000] {subprocess.py:93} INFO - [0m15:30:15  5 of 8 ERROR creating sql table model dbt_gold.fct_momentum_videos ............. [[31mERROR[0m in 91.33s]
[2026-05-02T15:30:21.986+0000] {subprocess.py:93} INFO - [0m15:30:21  [31mUnhandled error while executing [0m
[2026-05-02T15:30:21.987+0000] {subprocess.py:93} INFO - INVALID_VIEW: line 26:6: Failed analyzing stored view 'awsdatacatalog.dbt_staging.stg_category_stats': No path property defined for table: Table{databaseName=youtube_analytics_dev, tableName=gold_category_stats, owner=Optional.empty, tableType=EXTERNAL_TABLE, dataColumns=[], partitionColumns=[], storage=Storage{skewed=false, storageFormat=StorageFormat{serde=org.apache.hadoop.hive.serde2.lazy.LazySimpleSerDe, inputFormat=org.apache.hadoop.mapred.SequenceFileInputFormat, outputFormat=org.apache.hadoop.hive.ql.io.HiveSequenceFileOutputFormat}, location=Optional[s3://youtube-analytics-gold-dev/gold/category_stats], bucketProperty=Optional.empty, serdeParameters={}}, parameters={___glue_table_version_id___=7, ___lake_formation_authorized_columns___={
[2026-05-02T15:30:21.987+0000] {subprocess.py:93} INFO -   "authorizedColumns" : [ "\"_gold_processed_at\"", "\"avg_comment_count\"", "\"avg_duration_seconds\"", "\"avg_engagement_rate\"", "\"avg_like_count\"", "\"avg_view_count\"", "\"category_id\"", "\"max_view_count\"", "\"min_view_count\"", "\"region\"", "\"snapshot_date\"", "\"top_video_id\"", "\"top_video_title\"", "\"total_comments\"", "\"total_likes\"", "\"total_views\"", "\"video_count\"" ]
[2026-05-02T15:30:21.987+0000] {subprocess.py:93} INFO - }, path=s3://youtube-analytics-gold-dev/gold/category_stats, target_table_region=us-east-1, EXTERNAL=TRUE, ___table_owner_account_id___=900932787422, __table_id__=4bc86baee8ad491eb46e8516731799a3, ___use_lakeformation_credentials___=false, __athena_nested_field_filter_enabled=true, classification=delta, spark.sql.sources.provider=delta, ___is_glue_materialized_view___=false, ___use_lakeformation_row_column_security___=false}, viewOriginalText=Optional.empty, viewExpandedText=Optional.empty}. You may need to manually clean the data at location 's3://youtube-glue-assets-dev-900932787422/dbt-results/tables/4889e8f9-2cf0-41f4-a0d1-68d88d3316b4' before retrying. Athena will not delete data in your account.
[2026-05-02T15:30:21.991+0000] {subprocess.py:93} INFO - [0m15:30:21  8 of 8 ERROR creating sql table model dbt_gold.fct_category_performance ........ [[31mERROR[0m in 97.97s]
[2026-05-02T15:30:44.849+0000] {subprocess.py:93} INFO - [0m15:30:44  [31mUnhandled error while executing [0m
[2026-05-02T15:30:44.850+0000] {subprocess.py:93} INFO - INVALID_VIEW: line 23:6: Failed analyzing stored view 'awsdatacatalog.dbt_staging.stg_channel_stats': No path property defined for table: Table{databaseName=youtube_analytics_dev, tableName=gold_channel_stats, owner=Optional.empty, tableType=EXTERNAL_TABLE, dataColumns=[], partitionColumns=[], storage=Storage{skewed=false, storageFormat=StorageFormat{serde=org.apache.hadoop.hive.serde2.lazy.LazySimpleSerDe, inputFormat=org.apache.hadoop.mapred.SequenceFileInputFormat, outputFormat=org.apache.hadoop.hive.ql.io.HiveSequenceFileOutputFormat}, location=Optional[s3://youtube-analytics-gold-dev/gold/channel_stats], bucketProperty=Optional.empty, serdeParameters={}}, parameters={___glue_table_version_id___=7, ___lake_formation_authorized_columns___={
[2026-05-02T15:30:44.851+0000] {subprocess.py:93} INFO -   "authorizedColumns" : [ "\"_gold_processed_at\"", "\"avg_engagement_rate\"", "\"avg_view_count\"", "\"channel_id\"", "\"channel_title\"", "\"max_video_views\"", "\"region\"", "\"snapshot_date\"", "\"total_comments\"", "\"total_likes\"", "\"total_views\"", "\"trending_video_count\"", "\"trending_video_titles\"" ]
[2026-05-02T15:30:44.851+0000] {subprocess.py:93} INFO - }, path=s3://youtube-analytics-gold-dev/gold/channel_stats, target_table_region=us-east-1, EXTERNAL=TRUE, ___table_owner_account_id___=900932787422, __table_id__=f4be9947bce84c1db453444b429614d7, ___use_lakeformation_credentials___=false, __athena_nested_field_filter_enabled=true, classification=delta, spark.sql.sources.provider=delta, ___is_glue_materialized_view___=false, ___use_lakeformation_row_column_security___=false}, viewOriginalText=Optional.empty, viewExpandedText=Optional.empty}. You may need to manually clean the data at location 's3://youtube-glue-assets-dev-900932787422/dbt-results/tables/0398fa67-0769-4d16-887a-fcd7af707367' before retrying. Athena will not delete data in your account.
[2026-05-02T15:30:44.856+0000] {subprocess.py:93} INFO - [0m15:30:44  6 of 8 ERROR creating sql table model dbt_gold.fct_top_channels ................ [[31mERROR[0m in 121.05s]
[2026-05-02T15:30:56.687+0000] {subprocess.py:93} INFO - [0m15:30:56  [31mUnhandled error while executing [0m
[2026-05-02T15:30:56.688+0000] {subprocess.py:93} INFO - INVALID_VIEW: line 12:6: Failed analyzing stored view 'awsdatacatalog.dbt_staging.stg_daily_trending_rank': No path property defined for table: Table{databaseName=youtube_analytics_dev, tableName=gold_daily_trending_rank, owner=Optional.empty, tableType=EXTERNAL_TABLE, dataColumns=[], partitionColumns=[], storage=Storage{skewed=false, storageFormat=StorageFormat{serde=org.apache.hadoop.hive.serde2.lazy.LazySimpleSerDe, inputFormat=org.apache.hadoop.mapred.SequenceFileInputFormat, outputFormat=org.apache.hadoop.hive.ql.io.HiveSequenceFileOutputFormat}, location=Optional[s3://youtube-analytics-gold-dev/gold/daily_trending_rank], bucketProperty=Optional.empty, serdeParameters={}}, parameters={___glue_table_version_id___=7, ___lake_formation_authorized_columns___={
[2026-05-02T15:30:56.688+0000] {subprocess.py:93} INFO -   "authorizedColumns" : [ "\"_gold_processed_at\"", "\"category_id\"", "\"channel_id\"", "\"channel_title\"", "\"comment_count\"", "\"duration_seconds\"", "\"engagement_rate\"", "\"like_count\"", "\"like_to_view_ratio\"", "\"published_date\"", "\"region\"", "\"snapshot_date\"", "\"tags_count\"", "\"title\"", "\"trending_rank\"", "\"video_id\"", "\"view_count\"" ]
[2026-05-02T15:30:56.689+0000] {subprocess.py:93} INFO - }, path=s3://youtube-analytics-gold-dev/gold/daily_trending_rank, target_table_region=us-east-1, EXTERNAL=TRUE, ___table_owner_account_id___=900932787422, __table_id__=f510b11534ed4fc18708dff8eaf32028, ___use_lakeformation_credentials___=false, __athena_nested_field_filter_enabled=true, classification=delta, spark.sql.sources.provider=delta, ___is_glue_materialized_view___=false, ___use_lakeformation_row_column_security___=false}, viewOriginalText=Optional.empty, viewExpandedText=Optional.empty}. You may need to manually clean the data at location 's3://youtube-glue-assets-dev-900932787422/dbt-results/tables/bf695f7b-3a24-4da1-a5a0-d19b4933ba54' before retrying. Athena will not delete data in your account.
[2026-05-02T15:30:56.694+0000] {subprocess.py:93} INFO - [0m15:30:56  7 of 8 ERROR creating sql table model dbt_gold.fct_trending_leaderboard ........ [[31mERROR[0m in 132.68s]
[2026-05-02T15:30:56.699+0000] {subprocess.py:93} INFO - [0m15:30:56
[2026-05-02T15:30:56.700+0000] {subprocess.py:93} INFO - [0m15:30:56  Finished running 4 view models, 4 table models in 0 hours 2 minutes and 24.21 seconds (144.21s).
[2026-05-02T15:30:56.734+0000] {subprocess.py:93} INFO - [0m15:30:56
[2026-05-02T15:30:56.735+0000] {subprocess.py:93} INFO - [0m15:30:56  [31mCompleted with 4 errors and 0 warnings:[0m
[2026-05-02T15:30:56.735+0000] {subprocess.py:93} INFO - [0m15:30:56
[2026-05-02T15:30:56.735+0000] {subprocess.py:93} INFO - [0m15:30:56    INVALID_VIEW: line 12:6: Failed analyzing stored view 'awsdatacatalog.dbt_staging.stg_view_velocity': No path property defined for table: Table{databaseName=youtube_analytics_dev, tableName=gold_view_velocity, owner=Optional.empty, tableType=EXTERNAL_TABLE, dataColumns=[], partitionColumns=[], storage=Storage{skewed=false, storageFormat=StorageFormat{serde=org.apache.hadoop.hive.serde2.lazy.LazySimpleSerDe, inputFormat=org.apache.hadoop.mapred.SequenceFileInputFormat, outputFormat=org.apache.hadoop.hive.ql.io.HiveSequenceFileOutputFormat}, location=Optional[s3://youtube-analytics-gold-dev/gold/view_velocity], bucketProperty=Optional.empty, serdeParameters={}}, parameters={___glue_table_version_id___=7, ___lake_formation_authorized_columns___={
[2026-05-02T15:30:56.735+0000] {subprocess.py:93} INFO -   "authorizedColumns" : [ "\"_gold_processed_at\"", "\"category_id\"", "\"channel_id\"", "\"channel_title\"", "\"comment_count\"", "\"days_since_prev_snapshot\"", "\"engagement_rate\"", "\"like_count\"", "\"region\"", "\"snapshot_date\"", "\"title\"", "\"velocity_pct\"", "\"video_id\"", "\"view_count\"", "\"view_count_delta\"" ]
[2026-05-02T15:30:56.735+0000] {subprocess.py:93} INFO - }, path=s3://youtube-analytics-gold-dev/gold/view_velocity, target_table_region=us-east-1, EXTERNAL=TRUE, ___table_owner_account_id___=900932787422, __table_id__=0e80bc2924ab413198d7a834032042c6, ___use_lakeformation_credentials___=false, __athena_nested_field_filter_enabled=true, classification=delta, spark.sql.sources.provider=delta, ___is_glue_materialized_view___=false, ___use_lakeformation_row_column_security___=false}, viewOriginalText=Optional.empty, viewExpandedText=Optional.empty}. You may need to manually clean the data at location 's3://youtube-glue-assets-dev-900932787422/dbt-results/tables/658a222b-b869-4e86-a469-097b4e2c40cb' before retrying. Athena will not delete data in your account.
[2026-05-02T15:30:56.735+0000] {subprocess.py:93} INFO - [0m15:30:56
[2026-05-02T15:30:56.736+0000] {subprocess.py:93} INFO - [0m15:30:56    INVALID_VIEW: line 26:6: Failed analyzing stored view 'awsdatacatalog.dbt_staging.stg_category_stats': No path property defined for table: Table{databaseName=youtube_analytics_dev, tableName=gold_category_stats, owner=Optional.empty, tableType=EXTERNAL_TABLE, dataColumns=[], partitionColumns=[], storage=Storage{skewed=false, storageFormat=StorageFormat{serde=org.apache.hadoop.hive.serde2.lazy.LazySimpleSerDe, inputFormat=org.apache.hadoop.mapred.SequenceFileInputFormat, outputFormat=org.apache.hadoop.hive.ql.io.HiveSequenceFileOutputFormat}, location=Optional[s3://youtube-analytics-gold-dev/gold/category_stats], bucketProperty=Optional.empty, serdeParameters={}}, parameters={___glue_table_version_id___=7, ___lake_formation_authorized_columns___={
[2026-05-02T15:30:56.736+0000] {subprocess.py:93} INFO -   "authorizedColumns" : [ "\"_gold_processed_at\"", "\"avg_comment_count\"", "\"avg_duration_seconds\"", "\"avg_engagement_rate\"", "\"avg_like_count\"", "\"avg_view_count\"", "\"category_id\"", "\"max_view_count\"", "\"min_view_count\"", "\"region\"", "\"snapshot_date\"", "\"top_video_id\"", "\"top_video_title\"", "\"total_comments\"", "\"total_likes\"", "\"total_views\"", "\"video_count\"" ]
[2026-05-02T15:30:56.736+0000] {subprocess.py:93} INFO - }, path=s3://youtube-analytics-gold-dev/gold/category_stats, target_table_region=us-east-1, EXTERNAL=TRUE, ___table_owner_account_id___=900932787422, __table_id__=4bc86baee8ad491eb46e8516731799a3, ___use_lakeformation_credentials___=false, __athena_nested_field_filter_enabled=true, classification=delta, spark.sql.sources.provider=delta, ___is_glue_materialized_view___=false, ___use_lakeformation_row_column_security___=false}, viewOriginalText=Optional.empty, viewExpandedText=Optional.empty}. You may need to manually clean the data at location 's3://youtube-glue-assets-dev-900932787422/dbt-results/tables/4889e8f9-2cf0-41f4-a0d1-68d88d3316b4' before retrying. Athena will not delete data in your account.
[2026-05-02T15:30:56.736+0000] {subprocess.py:93} INFO - [0m15:30:56
[2026-05-02T15:30:56.736+0000] {subprocess.py:93} INFO - [0m15:30:56    INVALID_VIEW: line 23:6: Failed analyzing stored view 'awsdatacatalog.dbt_staging.stg_channel_stats': No path property defined for table: Table{databaseName=youtube_analytics_dev, tableName=gold_channel_stats, owner=Optional.empty, tableType=EXTERNAL_TABLE, dataColumns=[], partitionColumns=[], storage=Storage{skewed=false, storageFormat=StorageFormat{serde=org.apache.hadoop.hive.serde2.lazy.LazySimpleSerDe, inputFormat=org.apache.hadoop.mapred.SequenceFileInputFormat, outputFormat=org.apache.hadoop.hive.ql.io.HiveSequenceFileOutputFormat}, location=Optional[s3://youtube-analytics-gold-dev/gold/channel_stats], bucketProperty=Optional.empty, serdeParameters={}}, parameters={___glue_table_version_id___=7, ___lake_formation_authorized_columns___={
[2026-05-02T15:30:56.736+0000] {subprocess.py:93} INFO -   "authorizedColumns" : [ "\"_gold_processed_at\"", "\"avg_engagement_rate\"", "\"avg_view_count\"", "\"channel_id\"", "\"channel_title\"", "\"max_video_views\"", "\"region\"", "\"snapshot_date\"", "\"total_comments\"", "\"total_likes\"", "\"total_views\"", "\"trending_video_count\"", "\"trending_video_titles\"" ]
[2026-05-02T15:30:56.736+0000] {subprocess.py:93} INFO - }, path=s3://youtube-analytics-gold-dev/gold/channel_stats, target_table_region=us-east-1, EXTERNAL=TRUE, ___table_owner_account_id___=900932787422, __table_id__=f4be9947bce84c1db453444b429614d7, ___use_lakeformation_credentials___=false, __athena_nested_field_filter_enabled=true, classification=delta, spark.sql.sources.provider=delta, ___is_glue_materialized_view___=false, ___use_lakeformation_row_column_security___=false}, viewOriginalText=Optional.empty, viewExpandedText=Optional.empty}. You may need to manually clean the data at location 's3://youtube-glue-assets-dev-900932787422/dbt-results/tables/0398fa67-0769-4d16-887a-fcd7af707367' before retrying. Athena will not delete data in your account.
[2026-05-02T15:30:56.736+0000] {subprocess.py:93} INFO - [0m15:30:56
[2026-05-02T15:30:56.736+0000] {subprocess.py:93} INFO - [0m15:30:56    INVALID_VIEW: line 12:6: Failed analyzing stored view 'awsdatacatalog.dbt_staging.stg_daily_trending_rank': No path property defined for table: Table{databaseName=youtube_analytics_dev, tableName=gold_daily_trending_rank, owner=Optional.empty, tableType=EXTERNAL_TABLE, dataColumns=[], partitionColumns=[], storage=Storage{skewed=false, storageFormat=StorageFormat{serde=org.apache.hadoop.hive.serde2.lazy.LazySimpleSerDe, inputFormat=org.apache.hadoop.mapred.SequenceFileInputFormat, outputFormat=org.apache.hadoop.hive.ql.io.HiveSequenceFileOutputFormat}, location=Optional[s3://youtube-analytics-gold-dev/gold/daily_trending_rank], bucketProperty=Optional.empty, serdeParameters={}}, parameters={___glue_table_version_id___=7, ___lake_formation_authorized_columns___={
[2026-05-02T15:30:56.737+0000] {subprocess.py:93} INFO -   "authorizedColumns" : [ "\"_gold_processed_at\"", "\"category_id\"", "\"channel_id\"", "\"channel_title\"", "\"comment_count\"", "\"duration_seconds\"", "\"engagement_rate\"", "\"like_count\"", "\"like_to_view_ratio\"", "\"published_date\"", "\"region\"", "\"snapshot_date\"", "\"tags_count\"", "\"title\"", "\"trending_rank\"", "\"video_id\"", "\"view_count\"" ]
[2026-05-02T15:30:56.737+0000] {subprocess.py:93} INFO - }, path=s3://youtube-analytics-gold-dev/gold/daily_trending_rank, target_table_region=us-east-1, EXTERNAL=TRUE, ___table_owner_account_id___=900932787422, __table_id__=f510b11534ed4fc18708dff8eaf32028, ___use_lakeformation_credentials___=false, __athena_nested_field_filter_enabled=true, classification=delta, spark.sql.sources.provider=delta, ___is_glue_materialized_view___=false, ___use_lakeformation_row_column_security___=false}, viewOriginalText=Optional.empty, viewExpandedText=Optional.empty}. You may need to manually clean the data at location 's3://youtube-glue-assets-dev-900932787422/dbt-results/tables/bf695f7b-3a24-4da1-a5a0-d19b4933ba54' before retrying. Athena will not delete data in your account.
[2026-05-02T15:30:56.737+0000] {subprocess.py:93} INFO - [0m15:30:56
[2026-05-02T15:30:56.737+0000] {subprocess.py:93} INFO - [0m15:30:56  Done. PASS=4 WARN=0 ERROR=4 SKIP=0 TOTAL=8
[2026-05-02T15:30:58.472+0000] {subprocess.py:97} INFO - Command exited with return code 1
[2026-05-02T15:30:58.473+0000] {taskinstance.py:441} INFO - ::group::Post task execution logs
[2026-05-02T15:30:58.477+0000] {taskinstance.py:2905} ERROR - Task failed with exception
Traceback (most recent call last):
  File "/home/airflow/.local/lib/python3.12/site-packages/airflow/models/taskinstance.py", line 465, in _execute_task
    result = _execute_callable(context=context, **execute_callable_kwargs)
             ^^^^^^^^^^^^^^^^^^^^^^^^^^^^^^^^^^^^^^^^^^^^^^^^^^^^^^^^^^^^^
  File "/home/airflow/.local/lib/python3.12/site-packages/airflow/models/taskinstance.py", line 432, in _execute_callable
    return execute_callable(context=context, **execute_callable_kwargs)
           ^^^^^^^^^^^^^^^^^^^^^^^^^^^^^^^^^^^^^^^^^^^^^^^^^^^^^^^^^^^^
  File "/home/airflow/.local/lib/python3.12/site-packages/airflow/models/baseoperator.py", line 401, in wrapper
    return func(self, *args, **kwargs)
           ^^^^^^^^^^^^^^^^^^^^^^^^^^^
  File "/home/airflow/.local/lib/python3.12/site-packages/airflow/operators/bash.py", line 243, in execute
    raise AirflowException(
airflow.exceptions.AirflowException: Bash command failed. The command returned a non-zero exit code 1.
[2026-05-02T15:30:58.478+0000] {taskinstance.py:1206} INFO - Marking task as FAILED. dag_id=youtube_analytics_pipeline, task_id=run_dbt_models, run_id=manual__2026-05-02T15:14:22.889120+00:00, execution_date=20260502T151422, start_date=20260502T152831, end_date=20260502T153058
[2026-05-02T15:30:58.482+0000] {standard_task_runner.py:110} ERROR - Failed to execute job 40 for task run_dbt_models (Bash command failed. The command returned a non-zero exit code 1.; 582)
[2026-05-02T15:30:58.490+0000] {local_task_job_runner.py:243} INFO - Task exited with return code 1
[2026-05-02T15:30:58.498+0000] {taskinstance.py:3503} INFO - 0 downstream tasks scheduled from follow-on schedule check
[2026-05-02T15:30:58.499+0000] {local_task_job_runner.py:222} INFO - ::endgroup::
