[2026-05-02T15:20:15.015+0000] {local_task_job_runner.py:120} INFO - ::group::Pre task execution logs
[2026-05-02T15:20:15.020+0000] {taskinstance.py:2076} INFO - Dependencies all met for dep_context=non-requeueable deps ti=<TaskInstance: youtube_analytics_pipeline.run_dbt_models manual__2026-05-02T15:14:22.889120+00:00 [queued]>
[2026-05-02T15:20:15.022+0000] {taskinstance.py:2076} INFO - Dependencies all met for dep_context=requeueable deps ti=<TaskInstance: youtube_analytics_pipeline.run_dbt_models manual__2026-05-02T15:14:22.889120+00:00 [queued]>
[2026-05-02T15:20:15.023+0000] {taskinstance.py:2306} INFO - Starting attempt 1 of 2
[2026-05-02T15:20:15.026+0000] {taskinstance.py:2330} INFO - Executing <Task(BashOperator): run_dbt_models> on 2026-05-02 15:14:22.889120+00:00
[2026-05-02T15:20:15.030+0000] {logging_mixin.py:188} WARNING - /home/***/.local/lib/python3.12/site-packages/***/task/task_runner/standard_task_runner.py:62 DeprecationWarning: This process (pid=364) is multi-threaded, use of fork() may lead to deadlocks in the child.
[2026-05-02T15:20:15.029+0000] {standard_task_runner.py:90} INFO - Running: ['***', 'tasks', 'run', 'youtube_analytics_pipeline', 'run_dbt_models', 'manual__2026-05-02T15:14:22.889120+00:00', '--job-id', '39', '--raw', '--subdir', 'DAGS_FOLDER/youtube_analytics_pipeline_dag.py', '--cfg-path', '/tmp/tmp2dmw9jpn']
[2026-05-02T15:20:15.030+0000] {standard_task_runner.py:91} INFO - Job 39: Subtask run_dbt_models
[2026-05-02T15:20:15.030+0000] {standard_task_runner.py:64} INFO - Started process 365 to run task
[2026-05-02T15:20:15.046+0000] {task_command.py:426} INFO - Running <TaskInstance: youtube_analytics_pipeline.run_dbt_models manual__2026-05-02T15:14:22.889120+00:00 [running]> on host f765ce7682ad
[2026-05-02T15:20:15.071+0000] {taskinstance.py:2648} INFO - Exporting env vars: AIRFLOW_CTX_DAG_OWNER='boby' AIRFLOW_CTX_DAG_ID='youtube_analytics_pipeline' AIRFLOW_CTX_TASK_ID='run_dbt_models' AIRFLOW_CTX_EXECUTION_DATE='2026-05-02T15:14:22.889120+00:00' AIRFLOW_CTX_TRY_NUMBER='1' AIRFLOW_CTX_DAG_RUN_ID='manual__2026-05-02T15:14:22.889120+00:00'
[2026-05-02T15:20:15.071+0000] {taskinstance.py:430} INFO - ::endgroup::
[2026-05-02T15:20:15.075+0000] {subprocess.py:63} INFO - Tmp dir root location: /tmp
[2026-05-02T15:20:15.075+0000] {subprocess.py:75} INFO - Running command: ['/usr/bin/bash', '-c', 'cd "/opt/dbt/project" && dbt run --profiles-dir "/home/***/.dbt" --target dev 2>&1']
[2026-05-02T15:20:15.077+0000] {subprocess.py:86} INFO - Output:
[2026-05-02T15:20:16.038+0000] {subprocess.py:93} INFO - [0m15:20:16  Running with dbt=1.8.9
[2026-05-02T15:20:16.265+0000] {subprocess.py:93} INFO - [0m15:20:16  Registered adapter: athena=1.8.4
[2026-05-02T15:20:16.358+0000] {subprocess.py:93} INFO - [0m15:20:16  Unable to do partial parsing because of a version mismatch
[2026-05-02T15:20:16.707+0000] {subprocess.py:93} INFO - [0m15:20:16  [[33mWARNING[0m]: Deprecated functionality
[2026-05-02T15:20:16.707+0000] {subprocess.py:93} INFO - The `tests` config has been renamed to `data_tests`. Please see
[2026-05-02T15:20:16.708+0000] {subprocess.py:93} INFO - https://docs.getdbt.com/docs/build/data-tests#new-data_tests-syntax for more
[2026-05-02T15:20:16.708+0000] {subprocess.py:93} INFO - information.
[2026-05-02T15:20:16.886+0000] {subprocess.py:93} INFO - [0m15:20:16  Found 8 models, 47 data tests, 4 sources, 461 macros
[2026-05-02T15:20:16.887+0000] {subprocess.py:93} INFO - [0m15:20:16
[2026-05-02T15:20:25.911+0000] {subprocess.py:93} INFO - [0m15:20:25  Concurrency: 4 threads (target='dev')
[2026-05-02T15:20:25.912+0000] {subprocess.py:93} INFO - [0m15:20:25
[2026-05-02T15:20:25.927+0000] {subprocess.py:93} INFO - [0m15:20:25  1 of 8 START sql view model dbt_staging.stg_category_stats ..................... [RUN]
[2026-05-02T15:20:25.928+0000] {subprocess.py:93} INFO - [0m15:20:25  2 of 8 START sql view model dbt_staging.stg_channel_stats ...................... [RUN]
[2026-05-02T15:20:25.928+0000] {subprocess.py:93} INFO - [0m15:20:25  3 of 8 START sql view model dbt_staging.stg_daily_trending_rank ................ [RUN]
[2026-05-02T15:20:25.929+0000] {subprocess.py:93} INFO - [0m15:20:25  4 of 8 START sql view model dbt_staging.stg_view_velocity ...................... [RUN]
[2026-05-02T15:20:31.625+0000] {subprocess.py:93} INFO - [0m15:20:31  2 of 8 OK created sql view model dbt_staging.stg_channel_stats ................. [[32mOK -1[0m in 5.69s]
[2026-05-02T15:20:31.628+0000] {subprocess.py:93} INFO - [0m15:20:31  5 of 8 START sql table model dbt_gold.fct_top_channels ......................... [RUN]
[2026-05-02T15:20:31.786+0000] {subprocess.py:93} INFO - [0m15:20:31  3 of 8 OK created sql view model dbt_staging.stg_daily_trending_rank ........... [[32mOK -1[0m in 5.85s]
[2026-05-02T15:20:31.788+0000] {subprocess.py:93} INFO - [0m15:20:31  6 of 8 START sql table model dbt_gold.fct_trending_leaderboard ................. [RUN]
[2026-05-02T15:20:31.946+0000] {subprocess.py:93} INFO - [0m15:20:31  4 of 8 OK created sql view model dbt_staging.stg_view_velocity ................. [[32mOK -1[0m in 6.01s]
[2026-05-02T15:20:31.948+0000] {subprocess.py:93} INFO - [0m15:20:31  7 of 8 START sql table model dbt_gold.fct_momentum_videos ...................... [RUN]
[2026-05-02T15:20:31.972+0000] {subprocess.py:93} INFO - [0m15:20:31  1 of 8 OK created sql view model dbt_staging.stg_category_stats ................ [[32mOK -1[0m in 6.04s]
[2026-05-02T15:20:31.974+0000] {subprocess.py:93} INFO - [0m15:20:31  8 of 8 START sql table model dbt_gold.fct_category_performance ................. [RUN]
[2026-05-02T15:21:29.349+0000] {subprocess.py:93} INFO - [0m15:21:29  [31mUnhandled error while executing [0m
[2026-05-02T15:21:29.350+0000] {subprocess.py:93} INFO - INVALID_VIEW: line 12:6: Failed analyzing stored view 'awsdatacatalog.dbt_staging.stg_daily_trending_rank': No path property defined for table: Table{databaseName=youtube_analytics_dev, tableName=gold_daily_trending_rank, owner=Optional.empty, tableType=EXTERNAL_TABLE, dataColumns=[], partitionColumns=[], storage=Storage{skewed=false, storageFormat=StorageFormat{serde=org.apache.hadoop.hive.serde2.lazy.LazySimpleSerDe, inputFormat=org.apache.hadoop.mapred.SequenceFileInputFormat, outputFormat=org.apache.hadoop.hive.ql.io.HiveSequenceFileOutputFormat}, location=Optional[s3://youtube-analytics-gold-dev/gold/daily_trending_rank], bucketProperty=Optional.empty, serdeParameters={}}, parameters={___glue_table_version_id___=7, ___lake_formation_authorized_columns___={
[2026-05-02T15:21:29.350+0000] {subprocess.py:93} INFO -   "authorizedColumns" : [ "\"_gold_processed_at\"", "\"category_id\"", "\"channel_id\"", "\"channel_title\"", "\"comment_count\"", "\"duration_seconds\"", "\"engagement_rate\"", "\"like_count\"", "\"like_to_view_ratio\"", "\"published_date\"", "\"region\"", "\"snapshot_date\"", "\"tags_count\"", "\"title\"", "\"trending_rank\"", "\"video_id\"", "\"view_count\"" ]
[2026-05-02T15:21:29.350+0000] {subprocess.py:93} INFO - }, path=s3://youtube-analytics-gold-dev/gold/daily_trending_rank, target_table_region=us-east-1, EXTERNAL=TRUE, ___table_owner_account_id___=900932787422, __table_id__=f510b11534ed4fc18708dff8eaf32028, ___use_lakeformation_credentials___=false, __athena_nested_field_filter_enabled=true, classification=delta, spark.sql.sources.provider=delta, ___is_glue_materialized_view___=false, ___use_lakeformation_row_column_security___=false}, viewOriginalText=Optional.empty, viewExpandedText=Optional.empty}. You may need to manually clean the data at location 's3://youtube-glue-assets-dev-900932787422/dbt-results/tables/b0007da5-b6d0-4914-a2d0-be824a069004' before retrying. Athena will not delete data in your account.
[2026-05-02T15:21:29.356+0000] {subprocess.py:93} INFO - [0m15:21:29  6 of 8 ERROR creating sql table model dbt_gold.fct_trending_leaderboard ........ [[31mERROR[0m in 57.57s]
[2026-05-02T15:22:05.903+0000] {subprocess.py:93} INFO - [0m15:22:05  [31mUnhandled error while executing [0m
[2026-05-02T15:22:05.905+0000] {subprocess.py:93} INFO - INVALID_VIEW: line 26:6: Failed analyzing stored view 'awsdatacatalog.dbt_staging.stg_category_stats': No path property defined for table: Table{databaseName=youtube_analytics_dev, tableName=gold_category_stats, owner=Optional.empty, tableType=EXTERNAL_TABLE, dataColumns=[], partitionColumns=[], storage=Storage{skewed=false, storageFormat=StorageFormat{serde=org.apache.hadoop.hive.serde2.lazy.LazySimpleSerDe, inputFormat=org.apache.hadoop.mapred.SequenceFileInputFormat, outputFormat=org.apache.hadoop.hive.ql.io.HiveSequenceFileOutputFormat}, location=Optional[s3://youtube-analytics-gold-dev/gold/category_stats], bucketProperty=Optional.empty, serdeParameters={}}, parameters={___glue_table_version_id___=7, ___lake_formation_authorized_columns___={
[2026-05-02T15:22:05.905+0000] {subprocess.py:93} INFO -   "authorizedColumns" : [ "\"_gold_processed_at\"", "\"avg_comment_count\"", "\"avg_duration_seconds\"", "\"avg_engagement_rate\"", "\"avg_like_count\"", "\"avg_view_count\"", "\"category_id\"", "\"max_view_count\"", "\"min_view_count\"", "\"region\"", "\"snapshot_date\"", "\"top_video_id\"", "\"top_video_title\"", "\"total_comments\"", "\"total_likes\"", "\"total_views\"", "\"video_count\"" ]
[2026-05-02T15:22:05.905+0000] {subprocess.py:93} INFO - }, path=s3://youtube-analytics-gold-dev/gold/category_stats, target_table_region=us-east-1, EXTERNAL=TRUE, ___table_owner_account_id___=900932787422, __table_id__=4bc86baee8ad491eb46e8516731799a3, ___use_lakeformation_credentials___=false, __athena_nested_field_filter_enabled=true, classification=delta, spark.sql.sources.provider=delta, ___is_glue_materialized_view___=false, ___use_lakeformation_row_column_security___=false}, viewOriginalText=Optional.empty, viewExpandedText=Optional.empty}. You may need to manually clean the data at location 's3://youtube-glue-assets-dev-900932787422/dbt-results/tables/dcbbf2c2-653f-46ec-86f7-19fdace6009c' before retrying. Athena will not delete data in your account.
[2026-05-02T15:22:05.911+0000] {subprocess.py:93} INFO - [0m15:22:05  8 of 8 ERROR creating sql table model dbt_gold.fct_category_performance ........ [[31mERROR[0m in 93.93s]
[2026-05-02T15:22:23.058+0000] {subprocess.py:93} INFO - [0m15:22:23  [31mUnhandled error while executing [0m
[2026-05-02T15:22:23.058+0000] {subprocess.py:93} INFO - INVALID_VIEW: line 23:6: Failed analyzing stored view 'awsdatacatalog.dbt_staging.stg_channel_stats': No path property defined for table: Table{databaseName=youtube_analytics_dev, tableName=gold_channel_stats, owner=Optional.empty, tableType=EXTERNAL_TABLE, dataColumns=[], partitionColumns=[], storage=Storage{skewed=false, storageFormat=StorageFormat{serde=org.apache.hadoop.hive.serde2.lazy.LazySimpleSerDe, inputFormat=org.apache.hadoop.mapred.SequenceFileInputFormat, outputFormat=org.apache.hadoop.hive.ql.io.HiveSequenceFileOutputFormat}, location=Optional[s3://youtube-analytics-gold-dev/gold/channel_stats], bucketProperty=Optional.empty, serdeParameters={}}, parameters={___glue_table_version_id___=7, ___lake_formation_authorized_columns___={
[2026-05-02T15:22:23.059+0000] {subprocess.py:93} INFO -   "authorizedColumns" : [ "\"_gold_processed_at\"", "\"avg_engagement_rate\"", "\"avg_view_count\"", "\"channel_id\"", "\"channel_title\"", "\"max_video_views\"", "\"region\"", "\"snapshot_date\"", "\"total_comments\"", "\"total_likes\"", "\"total_views\"", "\"trending_video_count\"", "\"trending_video_titles\"" ]
[2026-05-02T15:22:23.059+0000] {subprocess.py:93} INFO - }, path=s3://youtube-analytics-gold-dev/gold/channel_stats, target_table_region=us-east-1, EXTERNAL=TRUE, ___table_owner_account_id___=900932787422, __table_id__=f4be9947bce84c1db453444b429614d7, ___use_lakeformation_credentials___=false, __athena_nested_field_filter_enabled=true, classification=delta, spark.sql.sources.provider=delta, ___is_glue_materialized_view___=false, ___use_lakeformation_row_column_security___=false}, viewOriginalText=Optional.empty, viewExpandedText=Optional.empty}. You may need to manually clean the data at location 's3://youtube-glue-assets-dev-900932787422/dbt-results/tables/c1a2279f-6c8d-4061-a743-530ff96f0be7' before retrying. Athena will not delete data in your account.
[2026-05-02T15:22:23.062+0000] {subprocess.py:93} INFO - [0m15:22:23  5 of 8 ERROR creating sql table model dbt_gold.fct_top_channels ................ [[31mERROR[0m in 111.43s]
[2026-05-02T15:23:28.497+0000] {subprocess.py:93} INFO - [0m15:23:28  [31mUnhandled error while executing [0m
[2026-05-02T15:23:28.498+0000] {subprocess.py:93} INFO - INVALID_VIEW: line 12:6: Failed analyzing stored view 'awsdatacatalog.dbt_staging.stg_view_velocity': No path property defined for table: Table{databaseName=youtube_analytics_dev, tableName=gold_view_velocity, owner=Optional.empty, tableType=EXTERNAL_TABLE, dataColumns=[], partitionColumns=[], storage=Storage{skewed=false, storageFormat=StorageFormat{serde=org.apache.hadoop.hive.serde2.lazy.LazySimpleSerDe, inputFormat=org.apache.hadoop.mapred.SequenceFileInputFormat, outputFormat=org.apache.hadoop.hive.ql.io.HiveSequenceFileOutputFormat}, location=Optional[s3://youtube-analytics-gold-dev/gold/view_velocity], bucketProperty=Optional.empty, serdeParameters={}}, parameters={___glue_table_version_id___=7, ___lake_formation_authorized_columns___={
[2026-05-02T15:23:28.498+0000] {subprocess.py:93} INFO -   "authorizedColumns" : [ "\"_gold_processed_at\"", "\"category_id\"", "\"channel_id\"", "\"channel_title\"", "\"comment_count\"", "\"days_since_prev_snapshot\"", "\"engagement_rate\"", "\"like_count\"", "\"region\"", "\"snapshot_date\"", "\"title\"", "\"velocity_pct\"", "\"video_id\"", "\"view_count\"", "\"view_count_delta\"" ]
[2026-05-02T15:23:28.499+0000] {subprocess.py:93} INFO - }, path=s3://youtube-analytics-gold-dev/gold/view_velocity, target_table_region=us-east-1, EXTERNAL=TRUE, ___table_owner_account_id___=900932787422, __table_id__=0e80bc2924ab413198d7a834032042c6, ___use_lakeformation_credentials___=false, __athena_nested_field_filter_enabled=true, classification=delta, spark.sql.sources.provider=delta, ___is_glue_materialized_view___=false, ___use_lakeformation_row_column_security___=false}, viewOriginalText=Optional.empty, viewExpandedText=Optional.empty}. You may need to manually clean the data at location 's3://youtube-glue-assets-dev-900932787422/dbt-results/tables/1e9d5be6-d894-4093-bdcf-d0a490a0f6f7' before retrying. Athena will not delete data in your account.
[2026-05-02T15:23:28.503+0000] {subprocess.py:93} INFO - [0m15:23:28  7 of 8 ERROR creating sql table model dbt_gold.fct_momentum_videos ............. [[31mERROR[0m in 176.55s]
[2026-05-02T15:23:28.509+0000] {subprocess.py:93} INFO - [0m15:23:28
[2026-05-02T15:23:28.509+0000] {subprocess.py:93} INFO - [0m15:23:28  Finished running 4 view models, 4 table models in 0 hours 3 minutes and 11.62 seconds (191.62s).
[2026-05-02T15:23:28.542+0000] {subprocess.py:93} INFO - [0m15:23:28
[2026-05-02T15:23:28.542+0000] {subprocess.py:93} INFO - [0m15:23:28  [31mCompleted with 4 errors and 0 warnings:[0m
[2026-05-02T15:23:28.542+0000] {subprocess.py:93} INFO - [0m15:23:28
[2026-05-02T15:23:28.542+0000] {subprocess.py:93} INFO - [0m15:23:28    INVALID_VIEW: line 12:6: Failed analyzing stored view 'awsdatacatalog.dbt_staging.stg_daily_trending_rank': No path property defined for table: Table{databaseName=youtube_analytics_dev, tableName=gold_daily_trending_rank, owner=Optional.empty, tableType=EXTERNAL_TABLE, dataColumns=[], partitionColumns=[], storage=Storage{skewed=false, storageFormat=StorageFormat{serde=org.apache.hadoop.hive.serde2.lazy.LazySimpleSerDe, inputFormat=org.apache.hadoop.mapred.SequenceFileInputFormat, outputFormat=org.apache.hadoop.hive.ql.io.HiveSequenceFileOutputFormat}, location=Optional[s3://youtube-analytics-gold-dev/gold/daily_trending_rank], bucketProperty=Optional.empty, serdeParameters={}}, parameters={___glue_table_version_id___=7, ___lake_formation_authorized_columns___={
[2026-05-02T15:23:28.542+0000] {subprocess.py:93} INFO -   "authorizedColumns" : [ "\"_gold_processed_at\"", "\"category_id\"", "\"channel_id\"", "\"channel_title\"", "\"comment_count\"", "\"duration_seconds\"", "\"engagement_rate\"", "\"like_count\"", "\"like_to_view_ratio\"", "\"published_date\"", "\"region\"", "\"snapshot_date\"", "\"tags_count\"", "\"title\"", "\"trending_rank\"", "\"video_id\"", "\"view_count\"" ]
[2026-05-02T15:23:28.543+0000] {subprocess.py:93} INFO - }, path=s3://youtube-analytics-gold-dev/gold/daily_trending_rank, target_table_region=us-east-1, EXTERNAL=TRUE, ___table_owner_account_id___=900932787422, __table_id__=f510b11534ed4fc18708dff8eaf32028, ___use_lakeformation_credentials___=false, __athena_nested_field_filter_enabled=true, classification=delta, spark.sql.sources.provider=delta, ___is_glue_materialized_view___=false, ___use_lakeformation_row_column_security___=false}, viewOriginalText=Optional.empty, viewExpandedText=Optional.empty}. You may need to manually clean the data at location 's3://youtube-glue-assets-dev-900932787422/dbt-results/tables/b0007da5-b6d0-4914-a2d0-be824a069004' before retrying. Athena will not delete data in your account.
[2026-05-02T15:23:28.543+0000] {subprocess.py:93} INFO - [0m15:23:28
[2026-05-02T15:23:28.543+0000] {subprocess.py:93} INFO - [0m15:23:28    INVALID_VIEW: line 26:6: Failed analyzing stored view 'awsdatacatalog.dbt_staging.stg_category_stats': No path property defined for table: Table{databaseName=youtube_analytics_dev, tableName=gold_category_stats, owner=Optional.empty, tableType=EXTERNAL_TABLE, dataColumns=[], partitionColumns=[], storage=Storage{skewed=false, storageFormat=StorageFormat{serde=org.apache.hadoop.hive.serde2.lazy.LazySimpleSerDe, inputFormat=org.apache.hadoop.mapred.SequenceFileInputFormat, outputFormat=org.apache.hadoop.hive.ql.io.HiveSequenceFileOutputFormat}, location=Optional[s3://youtube-analytics-gold-dev/gold/category_stats], bucketProperty=Optional.empty, serdeParameters={}}, parameters={___glue_table_version_id___=7, ___lake_formation_authorized_columns___={
[2026-05-02T15:23:28.543+0000] {subprocess.py:93} INFO -   "authorizedColumns" : [ "\"_gold_processed_at\"", "\"avg_comment_count\"", "\"avg_duration_seconds\"", "\"avg_engagement_rate\"", "\"avg_like_count\"", "\"avg_view_count\"", "\"category_id\"", "\"max_view_count\"", "\"min_view_count\"", "\"region\"", "\"snapshot_date\"", "\"top_video_id\"", "\"top_video_title\"", "\"total_comments\"", "\"total_likes\"", "\"total_views\"", "\"video_count\"" ]
[2026-05-02T15:23:28.543+0000] {subprocess.py:93} INFO - }, path=s3://youtube-analytics-gold-dev/gold/category_stats, target_table_region=us-east-1, EXTERNAL=TRUE, ___table_owner_account_id___=900932787422, __table_id__=4bc86baee8ad491eb46e8516731799a3, ___use_lakeformation_credentials___=false, __athena_nested_field_filter_enabled=true, classification=delta, spark.sql.sources.provider=delta, ___is_glue_materialized_view___=false, ___use_lakeformation_row_column_security___=false}, viewOriginalText=Optional.empty, viewExpandedText=Optional.empty}. You may need to manually clean the data at location 's3://youtube-glue-assets-dev-900932787422/dbt-results/tables/dcbbf2c2-653f-46ec-86f7-19fdace6009c' before retrying. Athena will not delete data in your account.
[2026-05-02T15:23:28.543+0000] {subprocess.py:93} INFO - [0m15:23:28
[2026-05-02T15:23:28.543+0000] {subprocess.py:93} INFO - [0m15:23:28    INVALID_VIEW: line 23:6: Failed analyzing stored view 'awsdatacatalog.dbt_staging.stg_channel_stats': No path property defined for table: Table{databaseName=youtube_analytics_dev, tableName=gold_channel_stats, owner=Optional.empty, tableType=EXTERNAL_TABLE, dataColumns=[], partitionColumns=[], storage=Storage{skewed=false, storageFormat=StorageFormat{serde=org.apache.hadoop.hive.serde2.lazy.LazySimpleSerDe, inputFormat=org.apache.hadoop.mapred.SequenceFileInputFormat, outputFormat=org.apache.hadoop.hive.ql.io.HiveSequenceFileOutputFormat}, location=Optional[s3://youtube-analytics-gold-dev/gold/channel_stats], bucketProperty=Optional.empty, serdeParameters={}}, parameters={___glue_table_version_id___=7, ___lake_formation_authorized_columns___={
[2026-05-02T15:23:28.543+0000] {subprocess.py:93} INFO -   "authorizedColumns" : [ "\"_gold_processed_at\"", "\"avg_engagement_rate\"", "\"avg_view_count\"", "\"channel_id\"", "\"channel_title\"", "\"max_video_views\"", "\"region\"", "\"snapshot_date\"", "\"total_comments\"", "\"total_likes\"", "\"total_views\"", "\"trending_video_count\"", "\"trending_video_titles\"" ]
[2026-05-02T15:23:28.544+0000] {subprocess.py:93} INFO - }, path=s3://youtube-analytics-gold-dev/gold/channel_stats, target_table_region=us-east-1, EXTERNAL=TRUE, ___table_owner_account_id___=900932787422, __table_id__=f4be9947bce84c1db453444b429614d7, ___use_lakeformation_credentials___=false, __athena_nested_field_filter_enabled=true, classification=delta, spark.sql.sources.provider=delta, ___is_glue_materialized_view___=false, ___use_lakeformation_row_column_security___=false}, viewOriginalText=Optional.empty, viewExpandedText=Optional.empty}. You may need to manually clean the data at location 's3://youtube-glue-assets-dev-900932787422/dbt-results/tables/c1a2279f-6c8d-4061-a743-530ff96f0be7' before retrying. Athena will not delete data in your account.
[2026-05-02T15:23:28.544+0000] {subprocess.py:93} INFO - [0m15:23:28
[2026-05-02T15:23:28.544+0000] {subprocess.py:93} INFO - [0m15:23:28    INVALID_VIEW: line 12:6: Failed analyzing stored view 'awsdatacatalog.dbt_staging.stg_view_velocity': No path property defined for table: Table{databaseName=youtube_analytics_dev, tableName=gold_view_velocity, owner=Optional.empty, tableType=EXTERNAL_TABLE, dataColumns=[], partitionColumns=[], storage=Storage{skewed=false, storageFormat=StorageFormat{serde=org.apache.hadoop.hive.serde2.lazy.LazySimpleSerDe, inputFormat=org.apache.hadoop.mapred.SequenceFileInputFormat, outputFormat=org.apache.hadoop.hive.ql.io.HiveSequenceFileOutputFormat}, location=Optional[s3://youtube-analytics-gold-dev/gold/view_velocity], bucketProperty=Optional.empty, serdeParameters={}}, parameters={___glue_table_version_id___=7, ___lake_formation_authorized_columns___={
[2026-05-02T15:23:28.544+0000] {subprocess.py:93} INFO -   "authorizedColumns" : [ "\"_gold_processed_at\"", "\"category_id\"", "\"channel_id\"", "\"channel_title\"", "\"comment_count\"", "\"days_since_prev_snapshot\"", "\"engagement_rate\"", "\"like_count\"", "\"region\"", "\"snapshot_date\"", "\"title\"", "\"velocity_pct\"", "\"video_id\"", "\"view_count\"", "\"view_count_delta\"" ]
[2026-05-02T15:23:28.544+0000] {subprocess.py:93} INFO - }, path=s3://youtube-analytics-gold-dev/gold/view_velocity, target_table_region=us-east-1, EXTERNAL=TRUE, ___table_owner_account_id___=900932787422, __table_id__=0e80bc2924ab413198d7a834032042c6, ___use_lakeformation_credentials___=false, __athena_nested_field_filter_enabled=true, classification=delta, spark.sql.sources.provider=delta, ___is_glue_materialized_view___=false, ___use_lakeformation_row_column_security___=false}, viewOriginalText=Optional.empty, viewExpandedText=Optional.empty}. You may need to manually clean the data at location 's3://youtube-glue-assets-dev-900932787422/dbt-results/tables/1e9d5be6-d894-4093-bdcf-d0a490a0f6f7' before retrying. Athena will not delete data in your account.
[2026-05-02T15:23:28.544+0000] {subprocess.py:93} INFO - [0m15:23:28
[2026-05-02T15:23:28.544+0000] {subprocess.py:93} INFO - [0m15:23:28  Done. PASS=4 WARN=0 ERROR=4 SKIP=0 TOTAL=8
[2026-05-02T15:23:31.090+0000] {subprocess.py:97} INFO - Command exited with return code 1
[2026-05-02T15:23:31.091+0000] {taskinstance.py:441} INFO - ::group::Post task execution logs
[2026-05-02T15:23:31.096+0000] {taskinstance.py:2905} ERROR - Task failed with exception
Traceback (most recent call last):
  File "/home/airflow/.local/lib/python3.12/site-packages/airflow/models/taskinstance.py", line 465, in _execute_task
    result = _execute_callable(context=context, **execute_callable_kwargs)
             ^^^^^^^^^^^^^^^^^^^^^^^^^^^^^^^^^^^^^^^^^^^^^^^^^^^^^^^^^^^^^
  File "/home/airflow/.local/lib/python3.12/site-packages/airflow/models/taskinstance.py", line 432, in _execute_callable
    return execute_callable(context=context, **execute_callable_kwargs)
           ^^^^^^^^^^^^^^^^^^^^^^^^^^^^^^^^^^^^^^^^^^^^^^^^^^^^^^^^^^^^
  File "/home/airflow/.local/lib/python3.12/site-packages/airflow/models/baseoperator.py", line 401, in wrapper
    return func(self, *args, **kwargs)
           ^^^^^^^^^^^^^^^^^^^^^^^^^^^
  File "/home/airflow/.local/lib/python3.12/site-packages/airflow/operators/bash.py", line 243, in execute
    raise AirflowException(
airflow.exceptions.AirflowException: Bash command failed. The command returned a non-zero exit code 1.
[2026-05-02T15:23:31.098+0000] {taskinstance.py:1206} INFO - Marking task as UP_FOR_RETRY. dag_id=youtube_analytics_pipeline, task_id=run_dbt_models, run_id=manual__2026-05-02T15:14:22.889120+00:00, execution_date=20260502T151422, start_date=20260502T152015, end_date=20260502T152331
[2026-05-02T15:23:31.103+0000] {standard_task_runner.py:110} ERROR - Failed to execute job 39 for task run_dbt_models (Bash command failed. The command returned a non-zero exit code 1.; 365)
[2026-05-02T15:23:31.123+0000] {local_task_job_runner.py:243} INFO - Task exited with return code 1
[2026-05-02T15:23:31.133+0000] {taskinstance.py:3503} INFO - 0 downstream tasks scheduled from follow-on schedule check
[2026-05-02T15:23:31.133+0000] {local_task_job_runner.py:222} INFO - ::endgroup::
