[2026-05-02T17:01:42.000+0000] {local_task_job_runner.py:120} INFO - ::group::Pre task execution logs
[2026-05-02T17:01:42.007+0000] {taskinstance.py:2076} INFO - Dependencies all met for dep_context=non-requeueable deps ti=<TaskInstance: youtube_analytics_pipeline.run_dbt_models manual__2026-05-02T16:55:57.119179+00:00 [queued]>
[2026-05-02T17:01:42.009+0000] {taskinstance.py:2076} INFO - Dependencies all met for dep_context=requeueable deps ti=<TaskInstance: youtube_analytics_pipeline.run_dbt_models manual__2026-05-02T16:55:57.119179+00:00 [queued]>
[2026-05-02T17:01:42.009+0000] {taskinstance.py:2306} INFO - Starting attempt 1 of 2
[2026-05-02T17:01:42.012+0000] {taskinstance.py:2330} INFO - Executing <Task(BashOperator): run_dbt_models> on 2026-05-02 16:55:57.119179+00:00
[2026-05-02T17:01:42.015+0000] {standard_task_runner.py:90} INFO - Running: ['***', 'tasks', 'run', 'youtube_analytics_pipeline', 'run_dbt_models', 'manual__2026-05-02T16:55:57.119179+00:00', '--job-id', '79', '--raw', '--subdir', 'DAGS_FOLDER/youtube_analytics_pipeline_dag.py', '--cfg-path', '/tmp/tmp__a3m44b']
[2026-05-02T17:01:42.015+0000] {standard_task_runner.py:91} INFO - Job 79: Subtask run_dbt_models
[2026-05-02T17:01:42.015+0000] {logging_mixin.py:188} WARNING - /home/***/.local/lib/python3.12/site-packages/***/task/task_runner/standard_task_runner.py:62 DeprecationWarning: This process (pid=349) is multi-threaded, use of fork() may lead to deadlocks in the child.
[2026-05-02T17:01:42.016+0000] {standard_task_runner.py:64} INFO - Started process 350 to run task
[2026-05-02T17:01:42.031+0000] {task_command.py:426} INFO - Running <TaskInstance: youtube_analytics_pipeline.run_dbt_models manual__2026-05-02T16:55:57.119179+00:00 [running]> on host f765ce7682ad
[2026-05-02T17:01:42.056+0000] {taskinstance.py:2648} INFO - Exporting env vars: AIRFLOW_CTX_DAG_OWNER='boby' AIRFLOW_CTX_DAG_ID='youtube_analytics_pipeline' AIRFLOW_CTX_TASK_ID='run_dbt_models' AIRFLOW_CTX_EXECUTION_DATE='2026-05-02T16:55:57.119179+00:00' AIRFLOW_CTX_TRY_NUMBER='1' AIRFLOW_CTX_DAG_RUN_ID='manual__2026-05-02T16:55:57.119179+00:00'
[2026-05-02T17:01:42.056+0000] {taskinstance.py:430} INFO - ::endgroup::
[2026-05-02T17:01:42.060+0000] {subprocess.py:63} INFO - Tmp dir root location: /tmp
[2026-05-02T17:01:42.060+0000] {subprocess.py:75} INFO - Running command: ['/usr/bin/bash', '-c', 'cd "/opt/dbt/project" && dbt run --profiles-dir "/home/***/.dbt" --target dev 2>&1']
[2026-05-02T17:01:42.063+0000] {subprocess.py:86} INFO - Output:
[2026-05-02T17:01:42.948+0000] {subprocess.py:93} INFO - [0m17:01:42  Running with dbt=1.8.9
[2026-05-02T17:01:43.187+0000] {subprocess.py:93} INFO - [0m17:01:43  Registered adapter: athena=1.8.4
[2026-05-02T17:01:43.254+0000] {subprocess.py:93} INFO - [0m17:01:43  Unable to do partial parsing because of a version mismatch
[2026-05-02T17:01:43.604+0000] {subprocess.py:93} INFO - [0m17:01:43  [[33mWARNING[0m]: Deprecated functionality
[2026-05-02T17:01:43.604+0000] {subprocess.py:93} INFO - The `tests` config has been renamed to `data_tests`. Please see
[2026-05-02T17:01:43.604+0000] {subprocess.py:93} INFO - https://docs.getdbt.com/docs/build/data-tests#new-data_tests-syntax for more
[2026-05-02T17:01:43.605+0000] {subprocess.py:93} INFO - information.
[2026-05-02T17:01:43.815+0000] {subprocess.py:93} INFO - [0m17:01:43  Found 8 models, 47 data tests, 4 sources, 461 macros
[2026-05-02T17:01:43.816+0000] {subprocess.py:93} INFO - [0m17:01:43
[2026-05-02T17:01:47.007+0000] {subprocess.py:93} INFO - [0m17:01:47  Concurrency: 4 threads (target='dev')
[2026-05-02T17:01:47.008+0000] {subprocess.py:93} INFO - [0m17:01:47
[2026-05-02T17:01:47.018+0000] {subprocess.py:93} INFO - [0m17:01:47  1 of 8 START sql view model dbt_staging.stg_category_stats ..................... [RUN]
[2026-05-02T17:01:47.018+0000] {subprocess.py:93} INFO - [0m17:01:47  2 of 8 START sql view model dbt_staging.stg_channel_stats ...................... [RUN]
[2026-05-02T17:01:47.019+0000] {subprocess.py:93} INFO - [0m17:01:47  3 of 8 START sql view model dbt_staging.stg_daily_trending_rank ................ [RUN]
[2026-05-02T17:01:47.019+0000] {subprocess.py:93} INFO - [0m17:01:47  4 of 8 START sql view model dbt_staging.stg_view_velocity ...................... [RUN]
[2026-05-02T17:01:53.321+0000] {subprocess.py:93} INFO - [0m17:01:53  4 of 8 OK created sql view model dbt_staging.stg_view_velocity ................. [[32mOK -1[0m in 6.30s]
[2026-05-02T17:01:53.325+0000] {subprocess.py:93} INFO - [0m17:01:53  5 of 8 START sql table model dbt_gold.fct_momentum_videos ...................... [RUN]
[2026-05-02T17:01:53.390+0000] {subprocess.py:93} INFO - [0m17:01:53  3 of 8 OK created sql view model dbt_staging.stg_daily_trending_rank ........... [[32mOK -1[0m in 6.37s]
[2026-05-02T17:01:53.391+0000] {subprocess.py:93} INFO - [0m17:01:53  6 of 8 START sql table model dbt_gold.fct_trending_leaderboard ................. [RUN]
[2026-05-02T17:01:53.448+0000] {subprocess.py:93} INFO - [0m17:01:53  2 of 8 OK created sql view model dbt_staging.stg_channel_stats ................. [[32mOK -1[0m in 6.43s]
[2026-05-02T17:01:53.449+0000] {subprocess.py:93} INFO - [0m17:01:53  7 of 8 START sql table model dbt_gold.fct_top_channels ......................... [RUN]
[2026-05-02T17:01:53.523+0000] {subprocess.py:93} INFO - [0m17:01:53  1 of 8 OK created sql view model dbt_staging.stg_category_stats ................ [[32mOK -1[0m in 6.50s]
[2026-05-02T17:01:53.524+0000] {subprocess.py:93} INFO - [0m17:01:53  8 of 8 START sql table model dbt_gold.fct_category_performance ................. [RUN]
[2026-05-02T17:03:15.699+0000] {subprocess.py:93} INFO - [0m17:03:15  [31mUnhandled error while executing [0m
[2026-05-02T17:03:15.700+0000] {subprocess.py:93} INFO - INVALID_VIEW: line 23:6: Failed analyzing stored view 'awsdatacatalog.dbt_staging.stg_channel_stats': No path property defined for table: Table{databaseName=youtube_analytics_dev, tableName=gold_channel_stats, owner=Optional.empty, tableType=EXTERNAL_TABLE, dataColumns=[], partitionColumns=[], storage=Storage{skewed=false, storageFormat=StorageFormat{serde=org.apache.hadoop.hive.ql.io.parquet.serde.ParquetHiveSerDe, inputFormat=org.apache.hadoop.hive.ql.io.parquet.MapredParquetInputFormat, outputFormat=org.apache.hadoop.hive.ql.io.parquet.MapredParquetOutputFormat}, location=Optional[s3://youtube-analytics-gold-dev/gold/channel_stats], bucketProperty=Optional.empty, serdeParameters={}}, parameters={___glue_table_version_id___=9, ___lake_formation_authorized_columns___={
[2026-05-02T17:03:15.700+0000] {subprocess.py:93} INFO -   "authorizedColumns" : [ "\"_gold_processed_at\"", "\"avg_engagement_rate\"", "\"avg_view_count\"", "\"channel_id\"", "\"channel_title\"", "\"max_video_views\"", "\"region\"", "\"snapshot_date\"", "\"total_comments\"", "\"total_likes\"", "\"total_views\"", "\"trending_video_count\"", "\"trending_video_titles\"" ]
[2026-05-02T17:03:15.700+0000] {subprocess.py:93} INFO - }, path=s3://youtube-analytics-gold-dev/gold/channel_stats, target_table_region=us-east-1, EXTERNAL=TRUE, ___table_owner_account_id___=900932787422, __table_id__=f4be9947bce84c1db453444b429614d7, ___use_lakeformation_credentials___=false, __athena_nested_field_filter_enabled=true, classification=delta, spark.sql.sources.provider=delta, ___is_glue_materialized_view___=false, ___use_lakeformation_row_column_security___=false}, viewOriginalText=Optional.empty, viewExpandedText=Optional.empty}. You may need to manually clean the data at location 's3://youtube-glue-assets-dev-900932787422/dbt-results/tables/d89d1e16-7865-437b-9d8d-8885f9a8401b' before retrying. Athena will not delete data in your account.
[2026-05-02T17:03:15.708+0000] {subprocess.py:93} INFO - [0m17:03:15  7 of 8 ERROR creating sql table model dbt_gold.fct_top_channels ................ [[31mERROR[0m in 82.26s]
[2026-05-02T17:03:28.535+0000] {subprocess.py:93} INFO - [0m17:03:28  [31mUnhandled error while executing [0m
[2026-05-02T17:03:28.536+0000] {subprocess.py:93} INFO - INVALID_VIEW: line 12:6: Failed analyzing stored view 'awsdatacatalog.dbt_staging.stg_daily_trending_rank': No path property defined for table: Table{databaseName=youtube_analytics_dev, tableName=gold_daily_trending_rank, owner=Optional.empty, tableType=EXTERNAL_TABLE, dataColumns=[], partitionColumns=[], storage=Storage{skewed=false, storageFormat=StorageFormat{serde=org.apache.hadoop.hive.ql.io.parquet.serde.ParquetHiveSerDe, inputFormat=org.apache.hadoop.hive.ql.io.parquet.MapredParquetInputFormat, outputFormat=org.apache.hadoop.hive.ql.io.parquet.MapredParquetOutputFormat}, location=Optional[s3://youtube-analytics-gold-dev/gold/daily_trending_rank], bucketProperty=Optional.empty, serdeParameters={}}, parameters={___glue_table_version_id___=9, ___lake_formation_authorized_columns___={
[2026-05-02T17:03:28.536+0000] {subprocess.py:93} INFO -   "authorizedColumns" : [ "\"_gold_processed_at\"", "\"category_id\"", "\"channel_id\"", "\"channel_title\"", "\"comment_count\"", "\"duration_seconds\"", "\"engagement_rate\"", "\"like_count\"", "\"like_to_view_ratio\"", "\"published_date\"", "\"region\"", "\"snapshot_date\"", "\"tags_count\"", "\"title\"", "\"trending_rank\"", "\"video_id\"", "\"view_count\"" ]
[2026-05-02T17:03:28.536+0000] {subprocess.py:93} INFO - }, path=s3://youtube-analytics-gold-dev/gold/daily_trending_rank, target_table_region=us-east-1, EXTERNAL=TRUE, ___table_owner_account_id___=900932787422, __table_id__=f510b11534ed4fc18708dff8eaf32028, ___use_lakeformation_credentials___=false, __athena_nested_field_filter_enabled=true, classification=delta, spark.sql.sources.provider=delta, ___is_glue_materialized_view___=false, ___use_lakeformation_row_column_security___=false}, viewOriginalText=Optional.empty, viewExpandedText=Optional.empty}. You may need to manually clean the data at location 's3://youtube-glue-assets-dev-900932787422/dbt-results/tables/312fa7a7-e7a6-4563-a07a-28327a2a9b48' before retrying. Athena will not delete data in your account.
[2026-05-02T17:03:28.542+0000] {subprocess.py:93} INFO - [0m17:03:28  6 of 8 ERROR creating sql table model dbt_gold.fct_trending_leaderboard ........ [[31mERROR[0m in 95.15s]
[2026-05-02T17:03:32.206+0000] {subprocess.py:93} INFO - [0m17:03:32  [31mUnhandled error while executing [0m
[2026-05-02T17:03:32.207+0000] {subprocess.py:93} INFO - INVALID_VIEW: line 26:6: Failed analyzing stored view 'awsdatacatalog.dbt_staging.stg_category_stats': No path property defined for table: Table{databaseName=youtube_analytics_dev, tableName=gold_category_stats, owner=Optional.empty, tableType=EXTERNAL_TABLE, dataColumns=[], partitionColumns=[], storage=Storage{skewed=false, storageFormat=StorageFormat{serde=org.apache.hadoop.hive.ql.io.parquet.serde.ParquetHiveSerDe, inputFormat=org.apache.hadoop.hive.ql.io.parquet.MapredParquetInputFormat, outputFormat=org.apache.hadoop.hive.ql.io.parquet.MapredParquetOutputFormat}, location=Optional[s3://youtube-analytics-gold-dev/gold/category_stats], bucketProperty=Optional.empty, serdeParameters={}}, parameters={___glue_table_version_id___=9, ___lake_formation_authorized_columns___={
[2026-05-02T17:03:32.207+0000] {subprocess.py:93} INFO -   "authorizedColumns" : [ "\"_gold_processed_at\"", "\"avg_comment_count\"", "\"avg_duration_seconds\"", "\"avg_engagement_rate\"", "\"avg_like_count\"", "\"avg_view_count\"", "\"category_id\"", "\"max_view_count\"", "\"min_view_count\"", "\"region\"", "\"snapshot_date\"", "\"top_video_id\"", "\"top_video_title\"", "\"total_comments\"", "\"total_likes\"", "\"total_views\"", "\"video_count\"" ]
[2026-05-02T17:03:32.207+0000] {subprocess.py:93} INFO - }, path=s3://youtube-analytics-gold-dev/gold/category_stats, target_table_region=us-east-1, EXTERNAL=TRUE, ___table_owner_account_id___=900932787422, __table_id__=4bc86baee8ad491eb46e8516731799a3, ___use_lakeformation_credentials___=false, __athena_nested_field_filter_enabled=true, classification=delta, spark.sql.sources.provider=delta, ___is_glue_materialized_view___=false, ___use_lakeformation_row_column_security___=false}, viewOriginalText=Optional.empty, viewExpandedText=Optional.empty}. You may need to manually clean the data at location 's3://youtube-glue-assets-dev-900932787422/dbt-results/tables/f74e2e0d-d306-4f4d-af41-a51bd739e073' before retrying. Athena will not delete data in your account.
[2026-05-02T17:03:32.212+0000] {subprocess.py:93} INFO - [0m17:03:32  8 of 8 ERROR creating sql table model dbt_gold.fct_category_performance ........ [[31mERROR[0m in 98.69s]
[2026-05-02T17:03:32.844+0000] {subprocess.py:93} INFO - [0m17:03:32  [31mUnhandled error while executing [0m
[2026-05-02T17:03:32.845+0000] {subprocess.py:93} INFO - INVALID_VIEW: line 12:6: Failed analyzing stored view 'awsdatacatalog.dbt_staging.stg_view_velocity': No path property defined for table: Table{databaseName=youtube_analytics_dev, tableName=gold_view_velocity, owner=Optional.empty, tableType=EXTERNAL_TABLE, dataColumns=[], partitionColumns=[], storage=Storage{skewed=false, storageFormat=StorageFormat{serde=org.apache.hadoop.hive.ql.io.parquet.serde.ParquetHiveSerDe, inputFormat=org.apache.hadoop.hive.ql.io.parquet.MapredParquetInputFormat, outputFormat=org.apache.hadoop.hive.ql.io.parquet.MapredParquetOutputFormat}, location=Optional[s3://youtube-analytics-gold-dev/gold/view_velocity], bucketProperty=Optional.empty, serdeParameters={}}, parameters={___glue_table_version_id___=9, ___lake_formation_authorized_columns___={
[2026-05-02T17:03:32.845+0000] {subprocess.py:93} INFO -   "authorizedColumns" : [ "\"_gold_processed_at\"", "\"category_id\"", "\"channel_id\"", "\"channel_title\"", "\"comment_count\"", "\"days_since_prev_snapshot\"", "\"engagement_rate\"", "\"like_count\"", "\"region\"", "\"snapshot_date\"", "\"title\"", "\"velocity_pct\"", "\"video_id\"", "\"view_count\"", "\"view_count_delta\"" ]
[2026-05-02T17:03:32.846+0000] {subprocess.py:93} INFO - }, path=s3://youtube-analytics-gold-dev/gold/view_velocity, target_table_region=us-east-1, EXTERNAL=TRUE, ___table_owner_account_id___=900932787422, __table_id__=0e80bc2924ab413198d7a834032042c6, ___use_lakeformation_credentials___=false, __athena_nested_field_filter_enabled=true, classification=delta, spark.sql.sources.provider=delta, ___is_glue_materialized_view___=false, ___use_lakeformation_row_column_security___=false}, viewOriginalText=Optional.empty, viewExpandedText=Optional.empty}. You may need to manually clean the data at location 's3://youtube-glue-assets-dev-900932787422/dbt-results/tables/35afa49b-4930-452e-aa75-c4ccf0ebcef1' before retrying. Athena will not delete data in your account.
[2026-05-02T17:03:32.850+0000] {subprocess.py:93} INFO - [0m17:03:32  5 of 8 ERROR creating sql table model dbt_gold.fct_momentum_videos ............. [[31mERROR[0m in 99.52s]
[2026-05-02T17:03:32.855+0000] {subprocess.py:93} INFO - [0m17:03:32
[2026-05-02T17:03:32.856+0000] {subprocess.py:93} INFO - [0m17:03:32  Finished running 4 view models, 4 table models in 0 hours 1 minutes and 49.04 seconds (109.04s).
[2026-05-02T17:03:32.890+0000] {subprocess.py:93} INFO - [0m17:03:32
[2026-05-02T17:03:32.890+0000] {subprocess.py:93} INFO - [0m17:03:32  [31mCompleted with 4 errors and 0 warnings:[0m
[2026-05-02T17:03:32.890+0000] {subprocess.py:93} INFO - [0m17:03:32
[2026-05-02T17:03:32.891+0000] {subprocess.py:93} INFO - [0m17:03:32    INVALID_VIEW: line 23:6: Failed analyzing stored view 'awsdatacatalog.dbt_staging.stg_channel_stats': No path property defined for table: Table{databaseName=youtube_analytics_dev, tableName=gold_channel_stats, owner=Optional.empty, tableType=EXTERNAL_TABLE, dataColumns=[], partitionColumns=[], storage=Storage{skewed=false, storageFormat=StorageFormat{serde=org.apache.hadoop.hive.ql.io.parquet.serde.ParquetHiveSerDe, inputFormat=org.apache.hadoop.hive.ql.io.parquet.MapredParquetInputFormat, outputFormat=org.apache.hadoop.hive.ql.io.parquet.MapredParquetOutputFormat}, location=Optional[s3://youtube-analytics-gold-dev/gold/channel_stats], bucketProperty=Optional.empty, serdeParameters={}}, parameters={___glue_table_version_id___=9, ___lake_formation_authorized_columns___={
[2026-05-02T17:03:32.891+0000] {subprocess.py:93} INFO -   "authorizedColumns" : [ "\"_gold_processed_at\"", "\"avg_engagement_rate\"", "\"avg_view_count\"", "\"channel_id\"", "\"channel_title\"", "\"max_video_views\"", "\"region\"", "\"snapshot_date\"", "\"total_comments\"", "\"total_likes\"", "\"total_views\"", "\"trending_video_count\"", "\"trending_video_titles\"" ]
[2026-05-02T17:03:32.891+0000] {subprocess.py:93} INFO - }, path=s3://youtube-analytics-gold-dev/gold/channel_stats, target_table_region=us-east-1, EXTERNAL=TRUE, ___table_owner_account_id___=900932787422, __table_id__=f4be9947bce84c1db453444b429614d7, ___use_lakeformation_credentials___=false, __athena_nested_field_filter_enabled=true, classification=delta, spark.sql.sources.provider=delta, ___is_glue_materialized_view___=false, ___use_lakeformation_row_column_security___=false}, viewOriginalText=Optional.empty, viewExpandedText=Optional.empty}. You may need to manually clean the data at location 's3://youtube-glue-assets-dev-900932787422/dbt-results/tables/d89d1e16-7865-437b-9d8d-8885f9a8401b' before retrying. Athena will not delete data in your account.
[2026-05-02T17:03:32.891+0000] {subprocess.py:93} INFO - [0m17:03:32
[2026-05-02T17:03:32.891+0000] {subprocess.py:93} INFO - [0m17:03:32    INVALID_VIEW: line 12:6: Failed analyzing stored view 'awsdatacatalog.dbt_staging.stg_daily_trending_rank': No path property defined for table: Table{databaseName=youtube_analytics_dev, tableName=gold_daily_trending_rank, owner=Optional.empty, tableType=EXTERNAL_TABLE, dataColumns=[], partitionColumns=[], storage=Storage{skewed=false, storageFormat=StorageFormat{serde=org.apache.hadoop.hive.ql.io.parquet.serde.ParquetHiveSerDe, inputFormat=org.apache.hadoop.hive.ql.io.parquet.MapredParquetInputFormat, outputFormat=org.apache.hadoop.hive.ql.io.parquet.MapredParquetOutputFormat}, location=Optional[s3://youtube-analytics-gold-dev/gold/daily_trending_rank], bucketProperty=Optional.empty, serdeParameters={}}, parameters={___glue_table_version_id___=9, ___lake_formation_authorized_columns___={
[2026-05-02T17:03:32.891+0000] {subprocess.py:93} INFO -   "authorizedColumns" : [ "\"_gold_processed_at\"", "\"category_id\"", "\"channel_id\"", "\"channel_title\"", "\"comment_count\"", "\"duration_seconds\"", "\"engagement_rate\"", "\"like_count\"", "\"like_to_view_ratio\"", "\"published_date\"", "\"region\"", "\"snapshot_date\"", "\"tags_count\"", "\"title\"", "\"trending_rank\"", "\"video_id\"", "\"view_count\"" ]
[2026-05-02T17:03:32.891+0000] {subprocess.py:93} INFO - }, path=s3://youtube-analytics-gold-dev/gold/daily_trending_rank, target_table_region=us-east-1, EXTERNAL=TRUE, ___table_owner_account_id___=900932787422, __table_id__=f510b11534ed4fc18708dff8eaf32028, ___use_lakeformation_credentials___=false, __athena_nested_field_filter_enabled=true, classification=delta, spark.sql.sources.provider=delta, ___is_glue_materialized_view___=false, ___use_lakeformation_row_column_security___=false}, viewOriginalText=Optional.empty, viewExpandedText=Optional.empty}. You may need to manually clean the data at location 's3://youtube-glue-assets-dev-900932787422/dbt-results/tables/312fa7a7-e7a6-4563-a07a-28327a2a9b48' before retrying. Athena will not delete data in your account.
[2026-05-02T17:03:32.891+0000] {subprocess.py:93} INFO - [0m17:03:32
[2026-05-02T17:03:32.892+0000] {subprocess.py:93} INFO - [0m17:03:32    INVALID_VIEW: line 26:6: Failed analyzing stored view 'awsdatacatalog.dbt_staging.stg_category_stats': No path property defined for table: Table{databaseName=youtube_analytics_dev, tableName=gold_category_stats, owner=Optional.empty, tableType=EXTERNAL_TABLE, dataColumns=[], partitionColumns=[], storage=Storage{skewed=false, storageFormat=StorageFormat{serde=org.apache.hadoop.hive.ql.io.parquet.serde.ParquetHiveSerDe, inputFormat=org.apache.hadoop.hive.ql.io.parquet.MapredParquetInputFormat, outputFormat=org.apache.hadoop.hive.ql.io.parquet.MapredParquetOutputFormat}, location=Optional[s3://youtube-analytics-gold-dev/gold/category_stats], bucketProperty=Optional.empty, serdeParameters={}}, parameters={___glue_table_version_id___=9, ___lake_formation_authorized_columns___={
[2026-05-02T17:03:32.892+0000] {subprocess.py:93} INFO -   "authorizedColumns" : [ "\"_gold_processed_at\"", "\"avg_comment_count\"", "\"avg_duration_seconds\"", "\"avg_engagement_rate\"", "\"avg_like_count\"", "\"avg_view_count\"", "\"category_id\"", "\"max_view_count\"", "\"min_view_count\"", "\"region\"", "\"snapshot_date\"", "\"top_video_id\"", "\"top_video_title\"", "\"total_comments\"", "\"total_likes\"", "\"total_views\"", "\"video_count\"" ]
[2026-05-02T17:03:32.892+0000] {subprocess.py:93} INFO - }, path=s3://youtube-analytics-gold-dev/gold/category_stats, target_table_region=us-east-1, EXTERNAL=TRUE, ___table_owner_account_id___=900932787422, __table_id__=4bc86baee8ad491eb46e8516731799a3, ___use_lakeformation_credentials___=false, __athena_nested_field_filter_enabled=true, classification=delta, spark.sql.sources.provider=delta, ___is_glue_materialized_view___=false, ___use_lakeformation_row_column_security___=false}, viewOriginalText=Optional.empty, viewExpandedText=Optional.empty}. You may need to manually clean the data at location 's3://youtube-glue-assets-dev-900932787422/dbt-results/tables/f74e2e0d-d306-4f4d-af41-a51bd739e073' before retrying. Athena will not delete data in your account.
[2026-05-02T17:03:32.892+0000] {subprocess.py:93} INFO - [0m17:03:32
[2026-05-02T17:03:32.892+0000] {subprocess.py:93} INFO - [0m17:03:32    INVALID_VIEW: line 12:6: Failed analyzing stored view 'awsdatacatalog.dbt_staging.stg_view_velocity': No path property defined for table: Table{databaseName=youtube_analytics_dev, tableName=gold_view_velocity, owner=Optional.empty, tableType=EXTERNAL_TABLE, dataColumns=[], partitionColumns=[], storage=Storage{skewed=false, storageFormat=StorageFormat{serde=org.apache.hadoop.hive.ql.io.parquet.serde.ParquetHiveSerDe, inputFormat=org.apache.hadoop.hive.ql.io.parquet.MapredParquetInputFormat, outputFormat=org.apache.hadoop.hive.ql.io.parquet.MapredParquetOutputFormat}, location=Optional[s3://youtube-analytics-gold-dev/gold/view_velocity], bucketProperty=Optional.empty, serdeParameters={}}, parameters={___glue_table_version_id___=9, ___lake_formation_authorized_columns___={
[2026-05-02T17:03:32.892+0000] {subprocess.py:93} INFO -   "authorizedColumns" : [ "\"_gold_processed_at\"", "\"category_id\"", "\"channel_id\"", "\"channel_title\"", "\"comment_count\"", "\"days_since_prev_snapshot\"", "\"engagement_rate\"", "\"like_count\"", "\"region\"", "\"snapshot_date\"", "\"title\"", "\"velocity_pct\"", "\"video_id\"", "\"view_count\"", "\"view_count_delta\"" ]
[2026-05-02T17:03:32.892+0000] {subprocess.py:93} INFO - }, path=s3://youtube-analytics-gold-dev/gold/view_velocity, target_table_region=us-east-1, EXTERNAL=TRUE, ___table_owner_account_id___=900932787422, __table_id__=0e80bc2924ab413198d7a834032042c6, ___use_lakeformation_credentials___=false, __athena_nested_field_filter_enabled=true, classification=delta, spark.sql.sources.provider=delta, ___is_glue_materialized_view___=false, ___use_lakeformation_row_column_security___=false}, viewOriginalText=Optional.empty, viewExpandedText=Optional.empty}. You may need to manually clean the data at location 's3://youtube-glue-assets-dev-900932787422/dbt-results/tables/35afa49b-4930-452e-aa75-c4ccf0ebcef1' before retrying. Athena will not delete data in your account.
[2026-05-02T17:03:32.892+0000] {subprocess.py:93} INFO - [0m17:03:32
[2026-05-02T17:03:32.893+0000] {subprocess.py:93} INFO - [0m17:03:32  Done. PASS=4 WARN=0 ERROR=4 SKIP=0 TOTAL=8
[2026-05-02T17:03:34.393+0000] {subprocess.py:97} INFO - Command exited with return code 1
[2026-05-02T17:03:34.393+0000] {taskinstance.py:441} INFO - ::group::Post task execution logs
[2026-05-02T17:03:34.398+0000] {taskinstance.py:2905} ERROR - Task failed with exception
Traceback (most recent call last):
  File "/home/airflow/.local/lib/python3.12/site-packages/airflow/models/taskinstance.py", line 465, in _execute_task
    result = _execute_callable(context=context, **execute_callable_kwargs)
             ^^^^^^^^^^^^^^^^^^^^^^^^^^^^^^^^^^^^^^^^^^^^^^^^^^^^^^^^^^^^^
  File "/home/airflow/.local/lib/python3.12/site-packages/airflow/models/taskinstance.py", line 432, in _execute_callable
    return execute_callable(context=context, **execute_callable_kwargs)
           ^^^^^^^^^^^^^^^^^^^^^^^^^^^^^^^^^^^^^^^^^^^^^^^^^^^^^^^^^^^^
  File "/home/airflow/.local/lib/python3.12/site-packages/airflow/models/baseoperator.py", line 401, in wrapper
    return func(self, *args, **kwargs)
           ^^^^^^^^^^^^^^^^^^^^^^^^^^^
  File "/home/airflow/.local/lib/python3.12/site-packages/airflow/operators/bash.py", line 243, in execute
    raise AirflowException(
airflow.exceptions.AirflowException: Bash command failed. The command returned a non-zero exit code 1.
[2026-05-02T17:03:34.400+0000] {taskinstance.py:1206} INFO - Marking task as UP_FOR_RETRY. dag_id=youtube_analytics_pipeline, task_id=run_dbt_models, run_id=manual__2026-05-02T16:55:57.119179+00:00, execution_date=20260502T165557, start_date=20260502T170142, end_date=20260502T170334
[2026-05-02T17:03:34.405+0000] {standard_task_runner.py:110} ERROR - Failed to execute job 79 for task run_dbt_models (Bash command failed. The command returned a non-zero exit code 1.; 350)
[2026-05-02T17:03:34.445+0000] {local_task_job_runner.py:243} INFO - Task exited with return code 1
[2026-05-02T17:03:34.453+0000] {taskinstance.py:3503} INFO - 0 downstream tasks scheduled from follow-on schedule check
[2026-05-02T17:03:34.454+0000] {local_task_job_runner.py:222} INFO - ::endgroup::
