[2026-05-02T17:08:34.799+0000] {local_task_job_runner.py:120} INFO - ::group::Pre task execution logs
[2026-05-02T17:08:34.806+0000] {taskinstance.py:2076} INFO - Dependencies all met for dep_context=non-requeueable deps ti=<TaskInstance: youtube_analytics_pipeline.run_dbt_models manual__2026-05-02T16:55:57.119179+00:00 [queued]>
[2026-05-02T17:08:34.808+0000] {taskinstance.py:2076} INFO - Dependencies all met for dep_context=requeueable deps ti=<TaskInstance: youtube_analytics_pipeline.run_dbt_models manual__2026-05-02T16:55:57.119179+00:00 [queued]>
[2026-05-02T17:08:34.808+0000] {taskinstance.py:2306} INFO - Starting attempt 2 of 2
[2026-05-02T17:08:34.811+0000] {taskinstance.py:2330} INFO - Executing <Task(BashOperator): run_dbt_models> on 2026-05-02 16:55:57.119179+00:00
[2026-05-02T17:08:34.815+0000] {logging_mixin.py:188} WARNING - /home/***/.local/lib/python3.12/site-packages/***/task/task_runner/standard_task_runner.py:62 DeprecationWarning: This process (pid=532) is multi-threaded, use of fork() may lead to deadlocks in the child.
[2026-05-02T17:08:34.814+0000] {standard_task_runner.py:90} INFO - Running: ['***', 'tasks', 'run', 'youtube_analytics_pipeline', 'run_dbt_models', 'manual__2026-05-02T16:55:57.119179+00:00', '--job-id', '80', '--raw', '--subdir', 'DAGS_FOLDER/youtube_analytics_pipeline_dag.py', '--cfg-path', '/tmp/tmpnrkldzr1']
[2026-05-02T17:08:34.816+0000] {standard_task_runner.py:91} INFO - Job 80: Subtask run_dbt_models
[2026-05-02T17:08:34.815+0000] {standard_task_runner.py:64} INFO - Started process 533 to run task
[2026-05-02T17:08:34.832+0000] {task_command.py:426} INFO - Running <TaskInstance: youtube_analytics_pipeline.run_dbt_models manual__2026-05-02T16:55:57.119179+00:00 [running]> on host f765ce7682ad
[2026-05-02T17:08:34.857+0000] {taskinstance.py:2648} INFO - Exporting env vars: AIRFLOW_CTX_DAG_OWNER='boby' AIRFLOW_CTX_DAG_ID='youtube_analytics_pipeline' AIRFLOW_CTX_TASK_ID='run_dbt_models' AIRFLOW_CTX_EXECUTION_DATE='2026-05-02T16:55:57.119179+00:00' AIRFLOW_CTX_TRY_NUMBER='2' AIRFLOW_CTX_DAG_RUN_ID='manual__2026-05-02T16:55:57.119179+00:00'
[2026-05-02T17:08:34.858+0000] {taskinstance.py:430} INFO - ::endgroup::
[2026-05-02T17:08:34.862+0000] {subprocess.py:63} INFO - Tmp dir root location: /tmp
[2026-05-02T17:08:34.862+0000] {subprocess.py:75} INFO - Running command: ['/usr/bin/bash', '-c', 'cd "/opt/dbt/project" && dbt run --profiles-dir "/home/***/.dbt" --target dev 2>&1']
[2026-05-02T17:08:34.865+0000] {subprocess.py:86} INFO - Output:
[2026-05-02T17:08:35.670+0000] {subprocess.py:93} INFO - [0m17:08:35  Running with dbt=1.8.9
[2026-05-02T17:08:35.888+0000] {subprocess.py:93} INFO - [0m17:08:35  Registered adapter: athena=1.8.4
[2026-05-02T17:08:36.024+0000] {subprocess.py:93} INFO - [0m17:08:36  Found 8 models, 47 data tests, 4 sources, 461 macros
[2026-05-02T17:08:36.025+0000] {subprocess.py:93} INFO - [0m17:08:36
[2026-05-02T17:08:39.156+0000] {subprocess.py:93} INFO - [0m17:08:39  Concurrency: 4 threads (target='dev')
[2026-05-02T17:08:39.158+0000] {subprocess.py:93} INFO - [0m17:08:39
[2026-05-02T17:08:39.172+0000] {subprocess.py:93} INFO - [0m17:08:39  1 of 8 START sql view model dbt_staging.stg_category_stats ..................... [RUN]
[2026-05-02T17:08:39.173+0000] {subprocess.py:93} INFO - [0m17:08:39  2 of 8 START sql view model dbt_staging.stg_channel_stats ...................... [RUN]
[2026-05-02T17:08:39.174+0000] {subprocess.py:93} INFO - [0m17:08:39  3 of 8 START sql view model dbt_staging.stg_daily_trending_rank ................ [RUN]
[2026-05-02T17:08:39.175+0000] {subprocess.py:93} INFO - [0m17:08:39  4 of 8 START sql view model dbt_staging.stg_view_velocity ...................... [RUN]
[2026-05-02T17:08:45.204+0000] {subprocess.py:93} INFO - [0m17:08:45  2 of 8 OK created sql view model dbt_staging.stg_channel_stats ................. [[32mOK -1[0m in 6.03s]
[2026-05-02T17:08:45.208+0000] {subprocess.py:93} INFO - [0m17:08:45  5 of 8 START sql table model dbt_gold.fct_top_channels ......................... [RUN]
[2026-05-02T17:08:45.424+0000] {subprocess.py:93} INFO - [0m17:08:45  4 of 8 OK created sql view model dbt_staging.stg_view_velocity ................. [[32mOK -1[0m in 6.25s]
[2026-05-02T17:08:45.426+0000] {subprocess.py:93} INFO - [0m17:08:45  6 of 8 START sql table model dbt_gold.fct_momentum_videos ...................... [RUN]
[2026-05-02T17:08:45.447+0000] {subprocess.py:93} INFO - [0m17:08:45  1 of 8 OK created sql view model dbt_staging.stg_category_stats ................ [[32mOK -1[0m in 6.27s]
[2026-05-02T17:08:45.458+0000] {subprocess.py:93} INFO - [0m17:08:45  7 of 8 START sql table model dbt_gold.fct_category_performance ................. [RUN]
[2026-05-02T17:08:45.459+0000] {subprocess.py:93} INFO - [0m17:08:45  3 of 8 OK created sql view model dbt_staging.stg_daily_trending_rank ........... [[32mOK -1[0m in 6.28s]
[2026-05-02T17:08:45.462+0000] {subprocess.py:93} INFO - [0m17:08:45  8 of 8 START sql table model dbt_gold.fct_trending_leaderboard ................. [RUN]
[2026-05-02T17:09:57.281+0000] {subprocess.py:93} INFO - [0m17:09:57  [31mUnhandled error while executing [0m
[2026-05-02T17:09:57.283+0000] {subprocess.py:93} INFO - INVALID_VIEW: line 12:6: Failed analyzing stored view 'awsdatacatalog.dbt_staging.stg_view_velocity': No path property defined for table: Table{databaseName=youtube_analytics_dev, tableName=gold_view_velocity, owner=Optional.empty, tableType=EXTERNAL_TABLE, dataColumns=[], partitionColumns=[], storage=Storage{skewed=false, storageFormat=StorageFormat{serde=org.apache.hadoop.hive.ql.io.parquet.serde.ParquetHiveSerDe, inputFormat=org.apache.hadoop.hive.ql.io.parquet.MapredParquetInputFormat, outputFormat=org.apache.hadoop.hive.ql.io.parquet.MapredParquetOutputFormat}, location=Optional[s3://youtube-analytics-gold-dev/gold/view_velocity], bucketProperty=Optional.empty, serdeParameters={}}, parameters={___glue_table_version_id___=9, ___lake_formation_authorized_columns___={
[2026-05-02T17:09:57.283+0000] {subprocess.py:93} INFO -   "authorizedColumns" : [ "\"_gold_processed_at\"", "\"category_id\"", "\"channel_id\"", "\"channel_title\"", "\"comment_count\"", "\"days_since_prev_snapshot\"", "\"engagement_rate\"", "\"like_count\"", "\"region\"", "\"snapshot_date\"", "\"title\"", "\"velocity_pct\"", "\"video_id\"", "\"view_count\"", "\"view_count_delta\"" ]
[2026-05-02T17:09:57.283+0000] {subprocess.py:93} INFO - }, path=s3://youtube-analytics-gold-dev/gold/view_velocity, target_table_region=us-east-1, EXTERNAL=TRUE, ___table_owner_account_id___=900932787422, __table_id__=0e80bc2924ab413198d7a834032042c6, ___use_lakeformation_credentials___=false, __athena_nested_field_filter_enabled=true, classification=delta, spark.sql.sources.provider=delta, ___is_glue_materialized_view___=false, ___use_lakeformation_row_column_security___=false}, viewOriginalText=Optional.empty, viewExpandedText=Optional.empty}. You may need to manually clean the data at location 's3://youtube-glue-assets-dev-900932787422/dbt-results/tables/ffe3b2f1-940b-4c1b-b112-fcae6b5cb639' before retrying. Athena will not delete data in your account.
[2026-05-02T17:09:57.291+0000] {subprocess.py:93} INFO - [0m17:09:57  6 of 8 ERROR creating sql table model dbt_gold.fct_momentum_videos ............. [[31mERROR[0m in 71.86s]
[2026-05-02T17:10:16.224+0000] {subprocess.py:93} INFO - [0m17:10:16  [31mUnhandled error while executing [0m
[2026-05-02T17:10:16.225+0000] {subprocess.py:93} INFO - INVALID_VIEW: line 26:6: Failed analyzing stored view 'awsdatacatalog.dbt_staging.stg_category_stats': No path property defined for table: Table{databaseName=youtube_analytics_dev, tableName=gold_category_stats, owner=Optional.empty, tableType=EXTERNAL_TABLE, dataColumns=[], partitionColumns=[], storage=Storage{skewed=false, storageFormat=StorageFormat{serde=org.apache.hadoop.hive.ql.io.parquet.serde.ParquetHiveSerDe, inputFormat=org.apache.hadoop.hive.ql.io.parquet.MapredParquetInputFormat, outputFormat=org.apache.hadoop.hive.ql.io.parquet.MapredParquetOutputFormat}, location=Optional[s3://youtube-analytics-gold-dev/gold/category_stats], bucketProperty=Optional.empty, serdeParameters={}}, parameters={___glue_table_version_id___=9, ___lake_formation_authorized_columns___={
[2026-05-02T17:10:16.225+0000] {subprocess.py:93} INFO -   "authorizedColumns" : [ "\"_gold_processed_at\"", "\"avg_comment_count\"", "\"avg_duration_seconds\"", "\"avg_engagement_rate\"", "\"avg_like_count\"", "\"avg_view_count\"", "\"category_id\"", "\"max_view_count\"", "\"min_view_count\"", "\"region\"", "\"snapshot_date\"", "\"top_video_id\"", "\"top_video_title\"", "\"total_comments\"", "\"total_likes\"", "\"total_views\"", "\"video_count\"" ]
[2026-05-02T17:10:16.226+0000] {subprocess.py:93} INFO - }, path=s3://youtube-analytics-gold-dev/gold/category_stats, target_table_region=us-east-1, EXTERNAL=TRUE, ___table_owner_account_id___=900932787422, __table_id__=4bc86baee8ad491eb46e8516731799a3, ___use_lakeformation_credentials___=false, __athena_nested_field_filter_enabled=true, classification=delta, spark.sql.sources.provider=delta, ___is_glue_materialized_view___=false, ___use_lakeformation_row_column_security___=false}, viewOriginalText=Optional.empty, viewExpandedText=Optional.empty}. You may need to manually clean the data at location 's3://youtube-glue-assets-dev-900932787422/dbt-results/tables/d9bbf79f-3629-4326-a817-b42a4f1f71b3' before retrying. Athena will not delete data in your account.
[2026-05-02T17:10:16.230+0000] {subprocess.py:93} INFO - [0m17:10:16  7 of 8 ERROR creating sql table model dbt_gold.fct_category_performance ........ [[31mERROR[0m in 90.77s]
[2026-05-02T17:10:58.510+0000] {subprocess.py:93} INFO - [0m17:10:58  [31mUnhandled error while executing [0m
[2026-05-02T17:10:58.511+0000] {subprocess.py:93} INFO - INVALID_VIEW: line 23:6: Failed analyzing stored view 'awsdatacatalog.dbt_staging.stg_channel_stats': No path property defined for table: Table{databaseName=youtube_analytics_dev, tableName=gold_channel_stats, owner=Optional.empty, tableType=EXTERNAL_TABLE, dataColumns=[], partitionColumns=[], storage=Storage{skewed=false, storageFormat=StorageFormat{serde=org.apache.hadoop.hive.ql.io.parquet.serde.ParquetHiveSerDe, inputFormat=org.apache.hadoop.hive.ql.io.parquet.MapredParquetInputFormat, outputFormat=org.apache.hadoop.hive.ql.io.parquet.MapredParquetOutputFormat}, location=Optional[s3://youtube-analytics-gold-dev/gold/channel_stats], bucketProperty=Optional.empty, serdeParameters={}}, parameters={___glue_table_version_id___=9, ___lake_formation_authorized_columns___={
[2026-05-02T17:10:58.511+0000] {subprocess.py:93} INFO -   "authorizedColumns" : [ "\"_gold_processed_at\"", "\"avg_engagement_rate\"", "\"avg_view_count\"", "\"channel_id\"", "\"channel_title\"", "\"max_video_views\"", "\"region\"", "\"snapshot_date\"", "\"total_comments\"", "\"total_likes\"", "\"total_views\"", "\"trending_video_count\"", "\"trending_video_titles\"" ]
[2026-05-02T17:10:58.511+0000] {subprocess.py:93} INFO - }, path=s3://youtube-analytics-gold-dev/gold/channel_stats, target_table_region=us-east-1, EXTERNAL=TRUE, ___table_owner_account_id___=900932787422, __table_id__=f4be9947bce84c1db453444b429614d7, ___use_lakeformation_credentials___=false, __athena_nested_field_filter_enabled=true, classification=delta, spark.sql.sources.provider=delta, ___is_glue_materialized_view___=false, ___use_lakeformation_row_column_security___=false}, viewOriginalText=Optional.empty, viewExpandedText=Optional.empty}. You may need to manually clean the data at location 's3://youtube-glue-assets-dev-900932787422/dbt-results/tables/f4cd5b8e-6618-4e32-9893-88ee37358a48' before retrying. Athena will not delete data in your account.
[2026-05-02T17:10:58.515+0000] {subprocess.py:93} INFO - [0m17:10:58  5 of 8 ERROR creating sql table model dbt_gold.fct_top_channels ................ [[31mERROR[0m in 133.31s]
[2026-05-02T17:11:07.213+0000] {subprocess.py:93} INFO - [0m17:11:07  [31mUnhandled error while executing [0m
[2026-05-02T17:11:07.214+0000] {subprocess.py:93} INFO - INVALID_VIEW: line 12:6: Failed analyzing stored view 'awsdatacatalog.dbt_staging.stg_daily_trending_rank': No path property defined for table: Table{databaseName=youtube_analytics_dev, tableName=gold_daily_trending_rank, owner=Optional.empty, tableType=EXTERNAL_TABLE, dataColumns=[], partitionColumns=[], storage=Storage{skewed=false, storageFormat=StorageFormat{serde=org.apache.hadoop.hive.ql.io.parquet.serde.ParquetHiveSerDe, inputFormat=org.apache.hadoop.hive.ql.io.parquet.MapredParquetInputFormat, outputFormat=org.apache.hadoop.hive.ql.io.parquet.MapredParquetOutputFormat}, location=Optional[s3://youtube-analytics-gold-dev/gold/daily_trending_rank], bucketProperty=Optional.empty, serdeParameters={}}, parameters={___glue_table_version_id___=9, ___lake_formation_authorized_columns___={
[2026-05-02T17:11:07.214+0000] {subprocess.py:93} INFO -   "authorizedColumns" : [ "\"_gold_processed_at\"", "\"category_id\"", "\"channel_id\"", "\"channel_title\"", "\"comment_count\"", "\"duration_seconds\"", "\"engagement_rate\"", "\"like_count\"", "\"like_to_view_ratio\"", "\"published_date\"", "\"region\"", "\"snapshot_date\"", "\"tags_count\"", "\"title\"", "\"trending_rank\"", "\"video_id\"", "\"view_count\"" ]
[2026-05-02T17:11:07.214+0000] {subprocess.py:93} INFO - }, path=s3://youtube-analytics-gold-dev/gold/daily_trending_rank, target_table_region=us-east-1, EXTERNAL=TRUE, ___table_owner_account_id___=900932787422, __table_id__=f510b11534ed4fc18708dff8eaf32028, ___use_lakeformation_credentials___=false, __athena_nested_field_filter_enabled=true, classification=delta, spark.sql.sources.provider=delta, ___is_glue_materialized_view___=false, ___use_lakeformation_row_column_security___=false}, viewOriginalText=Optional.empty, viewExpandedText=Optional.empty}. You may need to manually clean the data at location 's3://youtube-glue-assets-dev-900932787422/dbt-results/tables/b81189f7-108b-4b9d-aa79-dfd7d85a9823' before retrying. Athena will not delete data in your account.
[2026-05-02T17:11:07.217+0000] {subprocess.py:93} INFO - [0m17:11:07  8 of 8 ERROR creating sql table model dbt_gold.fct_trending_leaderboard ........ [[31mERROR[0m in 141.75s]
[2026-05-02T17:11:07.222+0000] {subprocess.py:93} INFO - [0m17:11:07
[2026-05-02T17:11:07.222+0000] {subprocess.py:93} INFO - [0m17:11:07  Finished running 4 view models, 4 table models in 0 hours 2 minutes and 31.20 seconds (151.20s).
[2026-05-02T17:11:07.251+0000] {subprocess.py:93} INFO - [0m17:11:07
[2026-05-02T17:11:07.251+0000] {subprocess.py:93} INFO - [0m17:11:07  [31mCompleted with 4 errors and 0 warnings:[0m
[2026-05-02T17:11:07.251+0000] {subprocess.py:93} INFO - [0m17:11:07
[2026-05-02T17:11:07.251+0000] {subprocess.py:93} INFO - [0m17:11:07    INVALID_VIEW: line 12:6: Failed analyzing stored view 'awsdatacatalog.dbt_staging.stg_view_velocity': No path property defined for table: Table{databaseName=youtube_analytics_dev, tableName=gold_view_velocity, owner=Optional.empty, tableType=EXTERNAL_TABLE, dataColumns=[], partitionColumns=[], storage=Storage{skewed=false, storageFormat=StorageFormat{serde=org.apache.hadoop.hive.ql.io.parquet.serde.ParquetHiveSerDe, inputFormat=org.apache.hadoop.hive.ql.io.parquet.MapredParquetInputFormat, outputFormat=org.apache.hadoop.hive.ql.io.parquet.MapredParquetOutputFormat}, location=Optional[s3://youtube-analytics-gold-dev/gold/view_velocity], bucketProperty=Optional.empty, serdeParameters={}}, parameters={___glue_table_version_id___=9, ___lake_formation_authorized_columns___={
[2026-05-02T17:11:07.252+0000] {subprocess.py:93} INFO -   "authorizedColumns" : [ "\"_gold_processed_at\"", "\"category_id\"", "\"channel_id\"", "\"channel_title\"", "\"comment_count\"", "\"days_since_prev_snapshot\"", "\"engagement_rate\"", "\"like_count\"", "\"region\"", "\"snapshot_date\"", "\"title\"", "\"velocity_pct\"", "\"video_id\"", "\"view_count\"", "\"view_count_delta\"" ]
[2026-05-02T17:11:07.252+0000] {subprocess.py:93} INFO - }, path=s3://youtube-analytics-gold-dev/gold/view_velocity, target_table_region=us-east-1, EXTERNAL=TRUE, ___table_owner_account_id___=900932787422, __table_id__=0e80bc2924ab413198d7a834032042c6, ___use_lakeformation_credentials___=false, __athena_nested_field_filter_enabled=true, classification=delta, spark.sql.sources.provider=delta, ___is_glue_materialized_view___=false, ___use_lakeformation_row_column_security___=false}, viewOriginalText=Optional.empty, viewExpandedText=Optional.empty}. You may need to manually clean the data at location 's3://youtube-glue-assets-dev-900932787422/dbt-results/tables/ffe3b2f1-940b-4c1b-b112-fcae6b5cb639' before retrying. Athena will not delete data in your account.
[2026-05-02T17:11:07.252+0000] {subprocess.py:93} INFO - [0m17:11:07
[2026-05-02T17:11:07.252+0000] {subprocess.py:93} INFO - [0m17:11:07    INVALID_VIEW: line 26:6: Failed analyzing stored view 'awsdatacatalog.dbt_staging.stg_category_stats': No path property defined for table: Table{databaseName=youtube_analytics_dev, tableName=gold_category_stats, owner=Optional.empty, tableType=EXTERNAL_TABLE, dataColumns=[], partitionColumns=[], storage=Storage{skewed=false, storageFormat=StorageFormat{serde=org.apache.hadoop.hive.ql.io.parquet.serde.ParquetHiveSerDe, inputFormat=org.apache.hadoop.hive.ql.io.parquet.MapredParquetInputFormat, outputFormat=org.apache.hadoop.hive.ql.io.parquet.MapredParquetOutputFormat}, location=Optional[s3://youtube-analytics-gold-dev/gold/category_stats], bucketProperty=Optional.empty, serdeParameters={}}, parameters={___glue_table_version_id___=9, ___lake_formation_authorized_columns___={
[2026-05-02T17:11:07.252+0000] {subprocess.py:93} INFO -   "authorizedColumns" : [ "\"_gold_processed_at\"", "\"avg_comment_count\"", "\"avg_duration_seconds\"", "\"avg_engagement_rate\"", "\"avg_like_count\"", "\"avg_view_count\"", "\"category_id\"", "\"max_view_count\"", "\"min_view_count\"", "\"region\"", "\"snapshot_date\"", "\"top_video_id\"", "\"top_video_title\"", "\"total_comments\"", "\"total_likes\"", "\"total_views\"", "\"video_count\"" ]
[2026-05-02T17:11:07.252+0000] {subprocess.py:93} INFO - }, path=s3://youtube-analytics-gold-dev/gold/category_stats, target_table_region=us-east-1, EXTERNAL=TRUE, ___table_owner_account_id___=900932787422, __table_id__=4bc86baee8ad491eb46e8516731799a3, ___use_lakeformation_credentials___=false, __athena_nested_field_filter_enabled=true, classification=delta, spark.sql.sources.provider=delta, ___is_glue_materialized_view___=false, ___use_lakeformation_row_column_security___=false}, viewOriginalText=Optional.empty, viewExpandedText=Optional.empty}. You may need to manually clean the data at location 's3://youtube-glue-assets-dev-900932787422/dbt-results/tables/d9bbf79f-3629-4326-a817-b42a4f1f71b3' before retrying. Athena will not delete data in your account.
[2026-05-02T17:11:07.252+0000] {subprocess.py:93} INFO - [0m17:11:07
[2026-05-02T17:11:07.252+0000] {subprocess.py:93} INFO - [0m17:11:07    INVALID_VIEW: line 23:6: Failed analyzing stored view 'awsdatacatalog.dbt_staging.stg_channel_stats': No path property defined for table: Table{databaseName=youtube_analytics_dev, tableName=gold_channel_stats, owner=Optional.empty, tableType=EXTERNAL_TABLE, dataColumns=[], partitionColumns=[], storage=Storage{skewed=false, storageFormat=StorageFormat{serde=org.apache.hadoop.hive.ql.io.parquet.serde.ParquetHiveSerDe, inputFormat=org.apache.hadoop.hive.ql.io.parquet.MapredParquetInputFormat, outputFormat=org.apache.hadoop.hive.ql.io.parquet.MapredParquetOutputFormat}, location=Optional[s3://youtube-analytics-gold-dev/gold/channel_stats], bucketProperty=Optional.empty, serdeParameters={}}, parameters={___glue_table_version_id___=9, ___lake_formation_authorized_columns___={
[2026-05-02T17:11:07.252+0000] {subprocess.py:93} INFO -   "authorizedColumns" : [ "\"_gold_processed_at\"", "\"avg_engagement_rate\"", "\"avg_view_count\"", "\"channel_id\"", "\"channel_title\"", "\"max_video_views\"", "\"region\"", "\"snapshot_date\"", "\"total_comments\"", "\"total_likes\"", "\"total_views\"", "\"trending_video_count\"", "\"trending_video_titles\"" ]
[2026-05-02T17:11:07.252+0000] {subprocess.py:93} INFO - }, path=s3://youtube-analytics-gold-dev/gold/channel_stats, target_table_region=us-east-1, EXTERNAL=TRUE, ___table_owner_account_id___=900932787422, __table_id__=f4be9947bce84c1db453444b429614d7, ___use_lakeformation_credentials___=false, __athena_nested_field_filter_enabled=true, classification=delta, spark.sql.sources.provider=delta, ___is_glue_materialized_view___=false, ___use_lakeformation_row_column_security___=false}, viewOriginalText=Optional.empty, viewExpandedText=Optional.empty}. You may need to manually clean the data at location 's3://youtube-glue-assets-dev-900932787422/dbt-results/tables/f4cd5b8e-6618-4e32-9893-88ee37358a48' before retrying. Athena will not delete data in your account.
[2026-05-02T17:11:07.253+0000] {subprocess.py:93} INFO - [0m17:11:07
[2026-05-02T17:11:07.253+0000] {subprocess.py:93} INFO - [0m17:11:07    INVALID_VIEW: line 12:6: Failed analyzing stored view 'awsdatacatalog.dbt_staging.stg_daily_trending_rank': No path property defined for table: Table{databaseName=youtube_analytics_dev, tableName=gold_daily_trending_rank, owner=Optional.empty, tableType=EXTERNAL_TABLE, dataColumns=[], partitionColumns=[], storage=Storage{skewed=false, storageFormat=StorageFormat{serde=org.apache.hadoop.hive.ql.io.parquet.serde.ParquetHiveSerDe, inputFormat=org.apache.hadoop.hive.ql.io.parquet.MapredParquetInputFormat, outputFormat=org.apache.hadoop.hive.ql.io.parquet.MapredParquetOutputFormat}, location=Optional[s3://youtube-analytics-gold-dev/gold/daily_trending_rank], bucketProperty=Optional.empty, serdeParameters={}}, parameters={___glue_table_version_id___=9, ___lake_formation_authorized_columns___={
[2026-05-02T17:11:07.253+0000] {subprocess.py:93} INFO -   "authorizedColumns" : [ "\"_gold_processed_at\"", "\"category_id\"", "\"channel_id\"", "\"channel_title\"", "\"comment_count\"", "\"duration_seconds\"", "\"engagement_rate\"", "\"like_count\"", "\"like_to_view_ratio\"", "\"published_date\"", "\"region\"", "\"snapshot_date\"", "\"tags_count\"", "\"title\"", "\"trending_rank\"", "\"video_id\"", "\"view_count\"" ]
[2026-05-02T17:11:07.253+0000] {subprocess.py:93} INFO - }, path=s3://youtube-analytics-gold-dev/gold/daily_trending_rank, target_table_region=us-east-1, EXTERNAL=TRUE, ___table_owner_account_id___=900932787422, __table_id__=f510b11534ed4fc18708dff8eaf32028, ___use_lakeformation_credentials___=false, __athena_nested_field_filter_enabled=true, classification=delta, spark.sql.sources.provider=delta, ___is_glue_materialized_view___=false, ___use_lakeformation_row_column_security___=false}, viewOriginalText=Optional.empty, viewExpandedText=Optional.empty}. You may need to manually clean the data at location 's3://youtube-glue-assets-dev-900932787422/dbt-results/tables/b81189f7-108b-4b9d-aa79-dfd7d85a9823' before retrying. Athena will not delete data in your account.
[2026-05-02T17:11:07.253+0000] {subprocess.py:93} INFO - [0m17:11:07
[2026-05-02T17:11:07.253+0000] {subprocess.py:93} INFO - [0m17:11:07  Done. PASS=4 WARN=0 ERROR=4 SKIP=0 TOTAL=8
[2026-05-02T17:11:08.668+0000] {subprocess.py:97} INFO - Command exited with return code 1
[2026-05-02T17:11:08.669+0000] {taskinstance.py:441} INFO - ::group::Post task execution logs
[2026-05-02T17:11:08.674+0000] {taskinstance.py:2905} ERROR - Task failed with exception
Traceback (most recent call last):
  File "/home/airflow/.local/lib/python3.12/site-packages/airflow/models/taskinstance.py", line 465, in _execute_task
    result = _execute_callable(context=context, **execute_callable_kwargs)
             ^^^^^^^^^^^^^^^^^^^^^^^^^^^^^^^^^^^^^^^^^^^^^^^^^^^^^^^^^^^^^
  File "/home/airflow/.local/lib/python3.12/site-packages/airflow/models/taskinstance.py", line 432, in _execute_callable
    return execute_callable(context=context, **execute_callable_kwargs)
           ^^^^^^^^^^^^^^^^^^^^^^^^^^^^^^^^^^^^^^^^^^^^^^^^^^^^^^^^^^^^
  File "/home/airflow/.local/lib/python3.12/site-packages/airflow/models/baseoperator.py", line 401, in wrapper
    return func(self, *args, **kwargs)
           ^^^^^^^^^^^^^^^^^^^^^^^^^^^
  File "/home/airflow/.local/lib/python3.12/site-packages/airflow/operators/bash.py", line 243, in execute
    raise AirflowException(
airflow.exceptions.AirflowException: Bash command failed. The command returned a non-zero exit code 1.
[2026-05-02T17:11:08.676+0000] {taskinstance.py:1206} INFO - Marking task as FAILED. dag_id=youtube_analytics_pipeline, task_id=run_dbt_models, run_id=manual__2026-05-02T16:55:57.119179+00:00, execution_date=20260502T165557, start_date=20260502T170834, end_date=20260502T171108
[2026-05-02T17:11:08.681+0000] {standard_task_runner.py:110} ERROR - Failed to execute job 80 for task run_dbt_models (Bash command failed. The command returned a non-zero exit code 1.; 533)
[2026-05-02T17:11:08.686+0000] {local_task_job_runner.py:243} INFO - Task exited with return code 1
[2026-05-02T17:11:08.693+0000] {taskinstance.py:3503} INFO - 0 downstream tasks scheduled from follow-on schedule check
[2026-05-02T17:11:08.694+0000] {local_task_job_runner.py:222} INFO - ::endgroup::
