[2026-05-02T14:26:24.269+0000] {local_task_job_runner.py:120} INFO - ::group::Pre task execution logs
[2026-05-02T14:26:24.275+0000] {taskinstance.py:2076} INFO - Dependencies all met for dep_context=non-requeueable deps ti=<TaskInstance: youtube_analytics_pipeline.run_gold_transform manual__2026-05-02T14:22:23.306035+00:00 [queued]>
[2026-05-02T14:26:24.277+0000] {taskinstance.py:2076} INFO - Dependencies all met for dep_context=requeueable deps ti=<TaskInstance: youtube_analytics_pipeline.run_gold_transform manual__2026-05-02T14:22:23.306035+00:00 [queued]>
[2026-05-02T14:26:24.277+0000] {taskinstance.py:2306} INFO - Starting attempt 1 of 2
[2026-05-02T14:26:24.280+0000] {taskinstance.py:2330} INFO - Executing <Task(GlueJobOperator): run_gold_transform> on 2026-05-02 14:22:23.306035+00:00
[2026-05-02T14:26:24.283+0000] {standard_task_runner.py:90} INFO - Running: ['***', 'tasks', 'run', 'youtube_analytics_pipeline', 'run_gold_transform', 'manual__2026-05-02T14:22:23.306035+00:00', '--job-id', '18', '--raw', '--subdir', 'DAGS_FOLDER/youtube_analytics_pipeline_dag.py', '--cfg-path', '/tmp/tmplaw1jz9_']
[2026-05-02T14:26:24.284+0000] {standard_task_runner.py:91} INFO - Job 18: Subtask run_gold_transform
[2026-05-02T14:26:24.284+0000] {logging_mixin.py:188} WARNING - /home/***/.local/lib/python3.12/site-packages/***/task/task_runner/standard_task_runner.py:62 DeprecationWarning: This process (pid=344) is multi-threaded, use of fork() may lead to deadlocks in the child.
[2026-05-02T14:26:24.285+0000] {standard_task_runner.py:64} INFO - Started process 345 to run task
[2026-05-02T14:26:24.299+0000] {task_command.py:426} INFO - Running <TaskInstance: youtube_analytics_pipeline.run_gold_transform manual__2026-05-02T14:22:23.306035+00:00 [running]> on host 136ebae5e282
[2026-05-02T14:26:24.324+0000] {taskinstance.py:2648} INFO - Exporting env vars: AIRFLOW_CTX_DAG_OWNER='boby' AIRFLOW_CTX_DAG_ID='youtube_analytics_pipeline' AIRFLOW_CTX_TASK_ID='run_gold_transform' AIRFLOW_CTX_EXECUTION_DATE='2026-05-02T14:22:23.306035+00:00' AIRFLOW_CTX_TRY_NUMBER='1' AIRFLOW_CTX_DAG_RUN_ID='manual__2026-05-02T14:22:23.306035+00:00'
[2026-05-02T14:26:24.324+0000] {taskinstance.py:430} INFO - ::endgroup::
[2026-05-02T14:26:24.328+0000] {glue.py:186} INFO - Initializing AWS Glue Job: youtube-gold-transform-dev. Wait for completion: True
[2026-05-02T14:26:24.328+0000] {glue.py:365} INFO - Checking if job already exists: youtube-gold-transform-dev
[2026-05-02T14:26:24.331+0000] {base_aws.py:587} WARNING - Unable to find AWS Connection ID 'aws_default', switching to empty.
[2026-05-02T14:26:24.331+0000] {base_aws.py:164} INFO - No connection ID provided. Fallback on boto3 credential strategy (region_name='us-east-1'). See: https://boto3.amazonaws.com/v1/documentation/api/latest/guide/configuration.html
[2026-05-02T14:26:24.383+0000] {credentials.py:1147} INFO - Found credentials in environment variables.
[2026-05-02T14:26:25.904+0000] {glue.py:207} INFO - You can monitor this Glue Job run at: https://console.aws.amazon.com/gluestudio/home?region=us-east-1#/job/youtube-gold-transform-dev/run/jr_8fdf0cfdbd25599ca81ca21b24ea8c258568ae3e4466840b1b4bc2f1c3ad381e
[2026-05-02T14:26:26.248+0000] {glue.py:348} INFO - Polling for AWS Glue Job youtube-gold-transform-dev current run state with status RUNNING
[2026-05-02T14:26:32.641+0000] {glue.py:348} INFO - Polling for AWS Glue Job youtube-gold-transform-dev current run state with status RUNNING
[2026-05-02T14:26:39.065+0000] {glue.py:348} INFO - Polling for AWS Glue Job youtube-gold-transform-dev current run state with status RUNNING
[2026-05-02T14:26:45.436+0000] {glue.py:348} INFO - Polling for AWS Glue Job youtube-gold-transform-dev current run state with status RUNNING
[2026-05-02T14:26:51.849+0000] {glue.py:348} INFO - Polling for AWS Glue Job youtube-gold-transform-dev current run state with status RUNNING
[2026-05-02T14:26:58.207+0000] {glue.py:348} INFO - Polling for AWS Glue Job youtube-gold-transform-dev current run state with status RUNNING
[2026-05-02T14:27:04.607+0000] {glue.py:348} INFO - Polling for AWS Glue Job youtube-gold-transform-dev current run state with status RUNNING
[2026-05-02T14:27:11.016+0000] {glue.py:348} INFO - Polling for AWS Glue Job youtube-gold-transform-dev current run state with status RUNNING
[2026-05-02T14:27:17.399+0000] {glue.py:348} INFO - Polling for AWS Glue Job youtube-gold-transform-dev current run state with status RUNNING
[2026-05-02T14:27:23.809+0000] {glue.py:348} INFO - Polling for AWS Glue Job youtube-gold-transform-dev current run state with status RUNNING
[2026-05-02T14:27:30.180+0000] {glue.py:348} INFO - Polling for AWS Glue Job youtube-gold-transform-dev current run state with status RUNNING
[2026-05-02T14:27:36.526+0000] {glue.py:348} INFO - Polling for AWS Glue Job youtube-gold-transform-dev current run state with status RUNNING
[2026-05-02T14:27:42.879+0000] {glue.py:348} INFO - Polling for AWS Glue Job youtube-gold-transform-dev current run state with status RUNNING
[2026-05-02T14:27:49.235+0000] {glue.py:348} INFO - Polling for AWS Glue Job youtube-gold-transform-dev current run state with status RUNNING
[2026-05-02T14:27:55.609+0000] {glue.py:348} INFO - Polling for AWS Glue Job youtube-gold-transform-dev current run state with status RUNNING
[2026-05-02T14:28:02.020+0000] {glue.py:348} INFO - Polling for AWS Glue Job youtube-gold-transform-dev current run state with status RUNNING
[2026-05-02T14:28:08.446+0000] {glue.py:348} INFO - Polling for AWS Glue Job youtube-gold-transform-dev current run state with status RUNNING
[2026-05-02T14:28:14.797+0000] {glue.py:341} INFO - Exiting Job jr_8fdf0cfdbd25599ca81ca21b24ea8c258568ae3e4466840b1b4bc2f1c3ad381e Run State: SUCCEEDED
[2026-05-02T14:28:14.798+0000] {glue.py:222} INFO - AWS Glue Job: youtube-gold-transform-dev status: SUCCEEDED. Run Id: jr_8fdf0cfdbd25599ca81ca21b24ea8c258568ae3e4466840b1b4bc2f1c3ad381e
[2026-05-02T14:28:14.799+0000] {taskinstance.py:441} INFO - ::group::Post task execution logs
[2026-05-02T14:28:14.821+0000] {taskinstance.py:1206} INFO - Marking task as SUCCESS. dag_id=youtube_analytics_pipeline, task_id=run_gold_transform, run_id=manual__2026-05-02T14:22:23.306035+00:00, execution_date=20260502T142223, start_date=20260502T142624, end_date=20260502T142814
[2026-05-02T14:28:14.860+0000] {local_task_job_runner.py:243} INFO - Task exited with return code 0
[2026-05-02T14:28:14.877+0000] {taskinstance.py:3503} INFO - 1 downstream tasks scheduled from follow-on schedule check
[2026-05-02T14:28:14.878+0000] {local_task_job_runner.py:222} INFO - ::endgroup::
