==================== 2026-04-25T13:08:16.241901Z | 92f76872-da35-460a-ac3e-e0afec74321b ====================
13:08:16.243814 [info ]: Starting dbt LSP server
13:08:16.244220 [info ]: Connecting to LSP client on port 8000
13:08:16.245186 [info ]: Successfully connected to LSP client
13:08:16.245194 [info ]: Creating LSP service...
13:08:16.289544 [info ]: Creating LSP server...
13:08:16.289560 [info ]: Starting LSP server...
13:08:16.327122 [info ]: Loading ~/.dbt/profiles.yml
13:11:20.514593 [info ]: Loading ~/.dbt/profiles.yml
13:11:32.007513 [info ]: Loading ~/.dbt/profiles.yml
13:11:46.834052 [info ]: Loading ~/.dbt/profiles.yml
14:38:54.223682 [info ]: Loading ~/.dbt/profiles.yml
14:39:00.385791 [info ]: Loading ~/.dbt/profiles.yml
14:39:24.063642 [info ]: Loading ~/.dbt/profiles.yml
14:39:32.336351 [info ]: Loading ~/.dbt/profiles.yml
14:39:41.620600 [info ]: Loading ~/.dbt/profiles.yml
14:40:37.643020 [info ]: Loading ~/.dbt/profiles.yml
14:40:51.038814 [info ]: Loading ~/.dbt/profiles.yml
14:41:00.935813 [info ]: Loading ~/.dbt/profiles.yml
14:42:31.754102 [info ]: Loading ~/.dbt/profiles.yml
==================== 2026-05-04T15:17:17.165854Z | a2503180-e05f-4bab-a270-caa7f5bd0bf4 ====================
15:17:17.168447 [info ]: Starting dbt LSP server
15:17:17.169115 [info ]: Connecting to LSP client on port 8000
15:17:17.169958 [info ]: Successfully connected to LSP client
15:17:17.169971 [info ]: Creating LSP service...
15:17:17.212139 [info ]: Creating LSP server...
15:17:17.212162 [info ]: Starting LSP server...
15:17:17.244611 [info ]: Loading ~/.dbt/profiles.yml
15:17:29.605106 [info ]: Loading ~/.dbt/profiles.yml
15:19:35.046625 [info ]: Loading ~/.dbt/profiles.yml
15:19:35.448789 [info ]: Loading ~/.dbt/profiles.yml
15:19:43.204209 [info ]: Loading ~/.dbt/profiles.yml
15:19:43.539557 [info ]: Loading ~/.dbt/profiles.yml
15:19:46.377587 [info ]: Loading ~/.dbt/profiles.yml
15:19:46.720094 [info ]: Loading ~/.dbt/profiles.yml
15:19:48.361285 [info ]: Loading ~/.dbt/profiles.yml
15:19:48.703168 [info ]: Loading ~/.dbt/profiles.yml
15:20:46.485878 [info ]: Loading ~/.dbt/profiles.yml
15:20:59.820193 [info ]: Loading ~/.dbt/profiles.yml
15:21:00.326058 [info ]: Loading ~/.dbt/profiles.yml
15:21:01.729485 [info ]: Loading ~/.dbt/profiles.yml
15:21:02.068295 [info ]: Loading ~/.dbt/profiles.yml
15:21:04.913595 [info ]: Loading ~/.dbt/profiles.yml
15:21:05.255585 [info ]: Loading ~/.dbt/profiles.yml
15:21:06.053067 [info ]: Loading ~/.dbt/profiles.yml
15:21:06.392974 [info ]: Loading ~/.dbt/profiles.yml
15:21:25.922935 [info ]: Loading ~/.dbt/profiles.yml
15:21:31.918178 [info ]: Loading ~/.dbt/profiles.yml
15:26:49.735858 [info ]: Loading ~/.dbt/profiles.yml
15:26:54.624534 [info ]: Loading ~/.dbt/profiles.yml
15:39:29.035850 [info ]: Loading ~/.dbt/profiles.yml
15:39:48.341903 [info ]: Loading ~/.dbt/profiles.yml
15:39:53.405852 [info ]: Loading ~/.dbt/profiles.yml
15:44:09.875012 [info ]: Loading ~/.dbt/profiles.yml
15:44:10.268902 [info ]: Loading ~/.dbt/profiles.yml
15:44:11.131603 [info ]: Loading ~/.dbt/profiles.yml
15:44:11.471670 [info ]: Loading ~/.dbt/profiles.yml
15:44:11.826389 [info ]: Loading ~/.dbt/profiles.yml
15:44:12.170373 [info ]: Loading ~/.dbt/profiles.yml
15:44:33.114190 [info ]: Loading ~/.dbt/profiles.yml
15:44:33.507483 [info ]: Loading ~/.dbt/profiles.yml
15:44:34.627408 [info ]: Loading ~/.dbt/profiles.yml
15:44:34.886429 [info ]: Loading ~/.dbt/profiles.yml
15:44:34.963717 [info ]: Loading ~/.dbt/profiles.yml
15:44:35.279909 [info ]: Loading ~/.dbt/profiles.yml
15:44:35.809859 [info ]: Loading ~/.dbt/profiles.yml
15:44:36.151449 [info ]: Loading ~/.dbt/profiles.yml
15:45:16.580095 [info ]: Loading ~/.dbt/profiles.yml
15:45:21.997955 [info ]: Loading ~/.dbt/profiles.yml
15:50:54.458155 [info ]: Loading ~/.dbt/profiles.yml
15:50:54.890596 [info ]: Loading ~/.dbt/profiles.yml
15:50:55.582142 [info ]: Loading ~/.dbt/profiles.yml
15:50:55.916407 [info ]: Loading ~/.dbt/profiles.yml
15:50:56.465794 [info ]: Loading ~/.dbt/profiles.yml
15:50:56.808995 [info ]: Loading ~/.dbt/profiles.yml
15:51:12.293606 [info ]: Loading ~/.dbt/profiles.yml
15:51:12.695289 [info ]: Loading ~/.dbt/profiles.yml
15:51:13.479604 [info ]: Loading ~/.dbt/profiles.yml
15:51:13.818487 [info ]: Loading ~/.dbt/profiles.yml
15:51:13.867306 [info ]: Loading ~/.dbt/profiles.yml
15:51:14.264992 [info ]: Loading ~/.dbt/profiles.yml
15:55:11.062714 [info ]: Loading ~/.dbt/profiles.yml
15:55:16.198428 [info ]: Loading ~/.dbt/profiles.yml
16:06:20.805391 [info ]: Loading ~/.dbt/profiles.yml
16:06:25.981478 [info ]: Loading ~/.dbt/profiles.yml
16:06:26.863815 [info ]: Loading ~/.dbt/profiles.yml
16:12:05.621350 [info ]: Loading ~/.dbt/profiles.yml
16:12:10.685900 [info ]: Loading ~/.dbt/profiles.yml
16:20:14.639893 [info ]: Loading ~/.dbt/profiles.yml
16:20:19.690091 [info ]: Loading ~/.dbt/profiles.yml
16:20:25.845806 [info ]: Loading ~/.dbt/profiles.yml
16:21:12.878518 [info ]: Loading ~/.dbt/profiles.yml
16:21:16.292725 [info ]: Loading ~/.dbt/profiles.yml
16:21:19.692172 [info ]: Loading ~/.dbt/profiles.yml
16:21:23.126551 [info ]: Loading ~/.dbt/profiles.yml
16:21:26.422512 [info ]: Loading ~/.dbt/profiles.yml
16:21:27.566677 [info ]: Loading ~/.dbt/profiles.yml
16:21:29.574298 [info ]: Loading ~/.dbt/profiles.yml
16:21:31.975443 [info ]: Loading ~/.dbt/profiles.yml
16:21:32.701621 [info ]: Loading ~/.dbt/profiles.yml
16:21:35.186051 [info ]: Loading ~/.dbt/profiles.yml
16:21:36.004607 [info ]: Loading ~/.dbt/profiles.yml
16:21:38.383086 [info ]: Loading ~/.dbt/profiles.yml
16:21:39.054037 [info ]: Loading ~/.dbt/profiles.yml
16:21:40.285222 [info ]: Loading ~/.dbt/profiles.yml
16:21:41.404355 [info ]: Loading ~/.dbt/profiles.yml
16:21:42.034559 [info ]: Loading ~/.dbt/profiles.yml
16:21:43.362009 [info ]: Loading ~/.dbt/profiles.yml
16:21:44.443028 [info ]: Loading ~/.dbt/profiles.yml
16:21:45.137437 [info ]: Loading ~/.dbt/profiles.yml
16:21:46.428822 [info ]: Loading ~/.dbt/profiles.yml
16:21:47.449861 [info ]: Loading ~/.dbt/profiles.yml
16:21:48.095383 [info ]: Loading ~/.dbt/profiles.yml
16:21:49.401434 [info ]: Loading ~/.dbt/profiles.yml
